mode: atomic
github.com/ElioNeto/vyx/core/application/gateway/access_log_lifecycle.go:18.65,20.2 1 20
github.com/ElioNeto/vyx/core/application/gateway/access_log_lifecycle.go:22.122,26.2 3 14
github.com/ElioNeto/vyx/core/application/gateway/access_log_lifecycle.go:28.119,34.9 5 9
github.com/ElioNeto/vyx/core/application/gateway/access_log_lifecycle.go:34.9,39.3 2 1
github.com/ElioNeto/vyx/core/application/gateway/access_log_lifecycle.go:39.8,41.3 1 8
github.com/ElioNeto/vyx/core/application/gateway/access_log_lifecycle.go:42.2,45.28 3 9
github.com/ElioNeto/vyx/core/application/gateway/access_log_lifecycle.go:45.28,47.3 1 1
github.com/ElioNeto/vyx/core/application/gateway/access_log_lifecycle.go:48.2,55.3 1 9
github.com/ElioNeto/vyx/core/application/gateway/access_log_lifecycle.go:58.118,69.2 3 4
github.com/ElioNeto/vyx/core/application/gateway/access_log_lifecycle.go:71.48,72.37 1 9
github.com/ElioNeto/vyx/core/application/gateway/access_log_lifecycle.go:72.37,74.3 1 6
github.com/ElioNeto/vyx/core/application/gateway/access_log_lifecycle.go:75.2,75.26 1 3
github.com/ElioNeto/vyx/core/application/gateway/dispatcher.go:63.75,67.27 3 16
github.com/ElioNeto/vyx/core/application/gateway/dispatcher.go:67.27,68.26 1 9
github.com/ElioNeto/vyx/core/application/gateway/dispatcher.go:69.23,70.21 1 1
github.com/ElioNeto/vyx/core/application/gateway/dispatcher.go:71.25,72.46 1 7
github.com/ElioNeto/vyx/core/application/gateway/dispatcher.go:76.2,76.48 1 16
github.com/ElioNeto/vyx/core/application/gateway/dispatcher.go:76.48,84.3 1 0
github.com/ElioNeto/vyx/core/application/gateway/dispatcher.go:85.2,96.37 2 16
github.com/ElioNeto/vyx/core/application/gateway/dispatcher.go:96.37,98.3 1 7
github.com/ElioNeto/vyx/core/application/gateway/dispatcher.go:99.2,99.10 1 16
github.com/ElioNeto/vyx/core/application/gateway/dispatcher.go:104.120,106.2 1 1
github.com/ElioNeto/vyx/core/application/gateway/dispatcher.go:112.70,113.29 1 3
github.com/ElioNeto/vyx/core/application/gateway/dispatcher.go:113.29,115.3 1 2
github.com/ElioNeto/vyx/core/application/gateway/dispatcher.go:119.69,120.29 1 5
github.com/ElioNeto/vyx/core/application/gateway/dispatcher.go:120.29,122.3 1 5
github.com/ElioNeto/vyx/core/application/gateway/dispatcher.go:126.45,126.64 1 1
github.com/ElioNeto/vyx/core/application/gateway/dispatcher.go:129.48,129.70 1 1
github.com/ElioNeto/vyx/core/application/gateway/dispatcher.go:132.41,132.57 1 1
github.com/ElioNeto/vyx/core/application/gateway/dispatcher.go:135.46,135.66 1 1
github.com/ElioNeto/vyx/core/application/gateway/dispatcher.go:138.107,148.9 8 14
github.com/ElioNeto/vyx/core/application/gateway/dispatcher.go:148.9,150.3 1 0
github.com/ElioNeto/vyx/core/application/gateway/dispatcher.go:151.2,153.78 2 14
github.com/ElioNeto/vyx/core/application/gateway/dispatcher.go:153.78,155.3 1 0
github.com/ElioNeto/vyx/core/application/gateway/dispatcher.go:157.2,157.70 1 14
github.com/ElioNeto/vyx/core/application/gateway/dispatcher.go:157.70,159.3 1 0
github.com/ElioNeto/vyx/core/application/gateway/dispatcher.go:161.2,161.75 1 14
github.com/ElioNeto/vyx/core/application/gateway/dispatcher.go:161.75,163.3 1 0
github.com/ElioNeto/vyx/core/application/gateway/dispatcher.go:165.2,167.70 2 14
github.com/ElioNeto/vyx/core/application/gateway/dispatcher.go:167.70,170.3 2 2
github.com/ElioNeto/vyx/core/application/gateway/dispatcher.go:172.2,172.73 1 12
github.com/ElioNeto/vyx/core/application/gateway/dispatcher.go:172.73,175.3 2 1
github.com/ElioNeto/vyx/core/application/gateway/dispatcher.go:177.2,177.79 1 11
github.com/ElioNeto/vyx/core/application/gateway/dispatcher.go:177.79,180.3 2 1
github.com/ElioNeto/vyx/core/application/gateway/dispatcher.go:182.2,183.9 2 10
github.com/ElioNeto/vyx/core/application/gateway/dispatcher.go:183.9,186.3 2 4
github.com/ElioNeto/vyx/core/application/gateway/dispatcher.go:188.2,190.18 3 6
github.com/ElioNeto/vyx/core/application/gateway/dispatcher.go:194.72,196.25 2 14
github.com/ElioNeto/vyx/core/application/gateway/dispatcher.go:196.25,198.3 1 7
github.com/ElioNeto/vyx/core/application/gateway/dispatcher.go:199.2,200.22 2 14
github.com/ElioNeto/vyx/core/application/gateway/dispatcher.go:204.94,206.32 2 14
github.com/ElioNeto/vyx/core/application/gateway/dispatcher.go:206.32,207.42 1 2
github.com/ElioNeto/vyx/core/application/gateway/dispatcher.go:207.42,209.4 1 0
github.com/ElioNeto/vyx/core/application/gateway/dispatcher.go:210.3,210.32 1 2
github.com/ElioNeto/vyx/core/application/gateway/dispatcher.go:215.105,217.9 2 14
github.com/ElioNeto/vyx/core/application/gateway/dispatcher.go:217.9,222.3 4 0
github.com/ElioNeto/vyx/core/application/gateway/dispatcher.go:223.2,227.21 5 14
github.com/ElioNeto/vyx/core/application/gateway/dispatcher.go:231.179,234.17 3 14
github.com/ElioNeto/vyx/core/application/gateway/dispatcher.go:234.17,246.3 6 0
github.com/ElioNeto/vyx/core/application/gateway/dispatcher.go:247.2,247.18 1 14
github.com/ElioNeto/vyx/core/application/gateway/dispatcher.go:251.155,252.32 1 14
github.com/ElioNeto/vyx/core/application/gateway/dispatcher.go:252.32,254.51 2 2
github.com/ElioNeto/vyx/core/application/gateway/dispatcher.go:254.51,258.4 3 0
github.com/ElioNeto/vyx/core/application/gateway/dispatcher.go:260.2,260.18 1 14
github.com/ElioNeto/vyx/core/application/gateway/dispatcher.go:264.176,265.62 1 14
github.com/ElioNeto/vyx/core/application/gateway/dispatcher.go:265.62,276.3 4 0
github.com/ElioNeto/vyx/core/application/gateway/dispatcher.go:277.2,277.18 1 14
github.com/ElioNeto/vyx/core/application/gateway/dispatcher.go:281.75,282.22 1 14
github.com/ElioNeto/vyx/core/application/gateway/dispatcher.go:282.22,285.3 2 5
github.com/ElioNeto/vyx/core/application/gateway/dispatcher.go:289.60,290.43 1 14
github.com/ElioNeto/vyx/core/application/gateway/dispatcher.go:290.43,292.3 1 5
github.com/ElioNeto/vyx/core/application/gateway/dispatcher.go:296.171,297.31 1 14
github.com/ElioNeto/vyx/core/application/gateway/dispatcher.go:297.31,299.3 1 12
github.com/ElioNeto/vyx/core/application/gateway/dispatcher.go:301.2,302.17 2 2
github.com/ElioNeto/vyx/core/application/gateway/dispatcher.go:302.17,308.3 5 1
github.com/ElioNeto/vyx/core/application/gateway/dispatcher.go:310.2,312.16 3 1
github.com/ElioNeto/vyx/core/application/gateway/dispatcher.go:312.16,318.3 5 1
github.com/ElioNeto/vyx/core/application/gateway/dispatcher.go:319.2,321.53 2 0
github.com/ElioNeto/vyx/core/application/gateway/dispatcher.go:321.53,327.3 5 0
github.com/ElioNeto/vyx/core/application/gateway/dispatcher.go:329.2,329.18 1 0
github.com/ElioNeto/vyx/core/application/gateway/dispatcher.go:333.61,334.46 1 1
github.com/ElioNeto/vyx/core/application/gateway/dispatcher.go:334.46,336.3 1 1
github.com/ElioNeto/vyx/core/application/gateway/dispatcher.go:337.2,337.14 1 0
github.com/ElioNeto/vyx/core/application/gateway/dispatcher.go:341.174,342.47 1 12
github.com/ElioNeto/vyx/core/application/gateway/dispatcher.go:342.47,343.69 1 1
github.com/ElioNeto/vyx/core/application/gateway/dispatcher.go:343.69,349.4 5 1
github.com/ElioNeto/vyx/core/application/gateway/dispatcher.go:351.2,351.18 1 11
github.com/ElioNeto/vyx/core/application/gateway/dispatcher.go:355.178,357.31 2 11
github.com/ElioNeto/vyx/core/application/gateway/dispatcher.go:357.31,358.65 1 20
github.com/ElioNeto/vyx/core/application/gateway/dispatcher.go:358.65,363.4 4 1
github.com/ElioNeto/vyx/core/application/gateway/dispatcher.go:365.2,365.18 1 10
github.com/ElioNeto/vyx/core/application/gateway/dispatcher.go:369.195,374.16 4 10
github.com/ElioNeto/vyx/core/application/gateway/dispatcher.go:374.16,377.3 2 0
github.com/ElioNeto/vyx/core/application/gateway/dispatcher.go:379.2,385.17 3 10
github.com/ElioNeto/vyx/core/application/gateway/dispatcher.go:385.17,387.3 1 1
github.com/ElioNeto/vyx/core/application/gateway/dispatcher.go:389.2,390.16 2 9
github.com/ElioNeto/vyx/core/application/gateway/dispatcher.go:390.16,401.3 1 1
github.com/ElioNeto/vyx/core/application/gateway/dispatcher.go:403.2,403.35 1 8
github.com/ElioNeto/vyx/core/application/gateway/dispatcher.go:403.35,405.3 1 1
github.com/ElioNeto/vyx/core/application/gateway/dispatcher.go:407.2,407.55 1 7
github.com/ElioNeto/vyx/core/application/gateway/dispatcher.go:411.101,422.2 1 10
github.com/ElioNeto/vyx/core/application/gateway/dispatcher.go:425.228,430.31 5 1
github.com/ElioNeto/vyx/core/application/gateway/dispatcher.go:430.31,432.3 1 2
github.com/ElioNeto/vyx/core/application/gateway/dispatcher.go:433.2,434.24 2 1
github.com/ElioNeto/vyx/core/application/gateway/dispatcher.go:450.115,451.34 1 1
github.com/ElioNeto/vyx/core/application/gateway/dispatcher.go:451.34,456.3 4 0
github.com/ElioNeto/vyx/core/application/gateway/dispatcher.go:456.8,461.3 4 1
github.com/ElioNeto/vyx/core/application/gateway/dispatcher.go:462.2,462.31 1 1
github.com/ElioNeto/vyx/core/application/gateway/dispatcher.go:462.31,464.3 1 2
github.com/ElioNeto/vyx/core/application/gateway/dispatcher.go:465.2,466.24 2 1
github.com/ElioNeto/vyx/core/application/gateway/dispatcher.go:470.240,474.31 4 1
github.com/ElioNeto/vyx/core/application/gateway/dispatcher.go:474.31,476.3 1 1
github.com/ElioNeto/vyx/core/application/gateway/dispatcher.go:477.2,482.10 2 1
github.com/ElioNeto/vyx/core/application/gateway/dispatcher.go:486.136,488.69 2 7
github.com/ElioNeto/vyx/core/application/gateway/dispatcher.go:488.69,490.3 1 1
github.com/ElioNeto/vyx/core/application/gateway/dispatcher.go:491.2,491.32 1 6
github.com/ElioNeto/vyx/core/application/gateway/dispatcher.go:491.32,493.3 1 0
github.com/ElioNeto/vyx/core/application/gateway/dispatcher.go:494.2,494.31 1 6
github.com/ElioNeto/vyx/core/application/gateway/dispatcher.go:498.133,505.2 2 1
github.com/ElioNeto/vyx/core/application/gateway/dispatcher.go:508.204,521.31 6 6
github.com/ElioNeto/vyx/core/application/gateway/dispatcher.go:521.31,523.3 1 12
github.com/ElioNeto/vyx/core/application/gateway/dispatcher.go:525.2,526.13 2 6
github.com/ElioNeto/vyx/core/application/gateway/dispatcher.go:530.100,531.31 1 6
github.com/ElioNeto/vyx/core/application/gateway/dispatcher.go:531.31,533.3 1 0
github.com/ElioNeto/vyx/core/application/gateway/dispatcher.go:534.2,534.29 1 6
github.com/ElioNeto/vyx/core/application/gateway/dispatcher.go:538.90,540.23 2 6
github.com/ElioNeto/vyx/core/application/gateway/dispatcher.go:540.23,542.3 1 0
github.com/ElioNeto/vyx/core/application/gateway/dispatcher.go:542.8,544.3 1 6
github.com/ElioNeto/vyx/core/application/gateway/dispatcher.go:548.64,550.32 2 0
github.com/ElioNeto/vyx/core/application/gateway/dispatcher.go:550.32,552.3 1 0
github.com/ElioNeto/vyx/core/application/gateway/dispatcher.go:553.2,553.34 1 0
github.com/ElioNeto/vyx/core/application/gateway/dispatcher.go:553.34,554.26 1 0
github.com/ElioNeto/vyx/core/application/gateway/dispatcher.go:554.26,556.4 1 0
github.com/ElioNeto/vyx/core/application/gateway/dispatcher.go:558.2,558.14 1 0
github.com/ElioNeto/vyx/core/application/gateway/lifecycle.go:25.55,26.16 1 27
github.com/ElioNeto/vyx/core/application/gateway/lifecycle.go:26.16,28.3 1 0
github.com/ElioNeto/vyx/core/application/gateway/lifecycle.go:29.2,29.51 1 27
github.com/ElioNeto/vyx/core/application/gateway/lifecycle.go:29.51,31.3 1 27
github.com/ElioNeto/vyx/core/application/gateway/lifecycle.go:32.2,32.12 1 0
github.com/ElioNeto/vyx/core/application/gateway/proxylistener.go:53.69,58.2 1 16
github.com/ElioNeto/vyx/core/application/gateway/proxylistener.go:61.46,65.2 3 1
github.com/ElioNeto/vyx/core/application/gateway/proxylistener.go:70.78,74.2 3 1
github.com/ElioNeto/vyx/core/application/gateway/proxylistener.go:78.74,79.21 1 4
github.com/ElioNeto/vyx/core/application/gateway/proxylistener.go:79.21,81.3 1 2
github.com/ElioNeto/vyx/core/application/gateway/proxylistener.go:82.2,82.19 1 2
github.com/ElioNeto/vyx/core/application/gateway/proxylistener.go:121.59,122.30 1 4
github.com/ElioNeto/vyx/core/application/gateway/proxylistener.go:122.30,124.3 1 2
github.com/ElioNeto/vyx/core/application/gateway/proxylistener.go:128.60,129.31 1 2
github.com/ElioNeto/vyx/core/application/gateway/proxylistener.go:129.31,131.3 1 1
github.com/ElioNeto/vyx/core/application/gateway/proxylistener.go:135.85,136.32 1 4
github.com/ElioNeto/vyx/core/application/gateway/proxylistener.go:136.32,138.3 1 2
github.com/ElioNeto/vyx/core/application/gateway/proxylistener.go:142.67,143.25 1 2
github.com/ElioNeto/vyx/core/application/gateway/proxylistener.go:143.25,145.3 1 1
github.com/ElioNeto/vyx/core/application/gateway/ratelimiter.go:16.62,20.28 4 17
github.com/ElioNeto/vyx/core/application/gateway/ratelimiter.go:20.28,23.3 2 8
github.com/ElioNeto/vyx/core/application/gateway/ratelimiter.go:24.2,24.22 1 17
github.com/ElioNeto/vyx/core/application/gateway/ratelimiter.go:24.22,26.3 1 2
github.com/ElioNeto/vyx/core/application/gateway/ratelimiter.go:27.2,28.13 2 15
github.com/ElioNeto/vyx/core/application/gateway/ratelimiter.go:46.77,54.2 1 5
github.com/ElioNeto/vyx/core/application/gateway/ratelimiter.go:57.55,59.16 2 14
github.com/ElioNeto/vyx/core/application/gateway/ratelimiter.go:59.16,61.3 1 0
github.com/ElioNeto/vyx/core/application/gateway/ratelimiter.go:62.2,62.71 1 14
github.com/ElioNeto/vyx/core/application/gateway/ratelimiter.go:66.53,67.17 1 13
github.com/ElioNeto/vyx/core/application/gateway/ratelimiter.go:67.17,69.3 1 10
github.com/ElioNeto/vyx/core/application/gateway/ratelimiter.go:70.2,70.79 1 3
github.com/ElioNeto/vyx/core/application/gateway/ratelimiter.go:73.93,77.8 4 17
github.com/ElioNeto/vyx/core/application/gateway/ratelimiter.go:77.8,79.3 1 9
github.com/ElioNeto/vyx/core/application/gateway/ratelimiter.go:80.2,82.24 3 8
github.com/ElioNeto/vyx/core/application/gateway/ratelimiter.go:82.24,84.3 1 0
github.com/ElioNeto/vyx/core/application/gateway/ratelimiter.go:85.2,87.10 3 8
github.com/ElioNeto/vyx/core/application/gateway/security_headers.go:5.42,14.2 1 3
