mode: atomic
github.com/ElioNeto/vyx/scanner/generator.go:24.95,28.17 3 1
github.com/ElioNeto/vyx/scanner/generator.go:28.17,32.3 3 1
github.com/ElioNeto/vyx/scanner/generator.go:34.2,34.17 1 1
github.com/ElioNeto/vyx/scanner/generator.go:34.17,38.3 3 0
github.com/ElioNeto/vyx/scanner/generator.go:40.2,40.17 1 1
github.com/ElioNeto/vyx/scanner/generator.go:40.17,44.3 3 1
github.com/ElioNeto/vyx/scanner/generator.go:47.2,47.23 1 1
github.com/ElioNeto/vyx/scanner/generator.go:47.23,51.3 3 0
github.com/ElioNeto/vyx/scanner/generator.go:53.2,56.22 3 1
github.com/ElioNeto/vyx/scanner/generator.go:56.22,58.3 1 0
github.com/ElioNeto/vyx/scanner/generator.go:60.2,62.16 3 1
github.com/ElioNeto/vyx/scanner/generator.go:62.16,64.3 1 0
github.com/ElioNeto/vyx/scanner/generator.go:66.2,66.68 1 1
github.com/ElioNeto/vyx/scanner/generator.go:66.68,68.3 1 0
github.com/ElioNeto/vyx/scanner/generator.go:70.2,70.50 1 1
github.com/ElioNeto/vyx/scanner/go_parser.go:20.70,24.78 3 2
github.com/ElioNeto/vyx/scanner/go_parser.go:24.78,25.68 1 4
github.com/ElioNeto/vyx/scanner/go_parser.go:25.68,27.4 1 2
github.com/ElioNeto/vyx/scanner/go_parser.go:28.3,31.13 4 2
github.com/ElioNeto/vyx/scanner/go_parser.go:34.2,34.21 1 2
github.com/ElioNeto/vyx/scanner/go_parser.go:37.70,39.16 2 2
github.com/ElioNeto/vyx/scanner/go_parser.go:39.16,41.3 1 0
github.com/ElioNeto/vyx/scanner/go_parser.go:42.2,42.15 1 2
github.com/ElioNeto/vyx/scanner/go_parser.go:42.15,42.32 1 2
github.com/ElioNeto/vyx/scanner/go_parser.go:44.2,52.21 7 2
github.com/ElioNeto/vyx/scanner/go_parser.go:52.21,56.37 3 11
github.com/ElioNeto/vyx/scanner/go_parser.go:56.37,58.26 1 6
github.com/ElioNeto/vyx/scanner/go_parser.go:58.26,60.24 2 3
github.com/ElioNeto/vyx/scanner/go_parser.go:60.24,62.6 1 0
github.com/ElioNeto/vyx/scanner/go_parser.go:62.11,64.6 1 3
github.com/ElioNeto/vyx/scanner/go_parser.go:65.5,65.60 1 3
github.com/ElioNeto/vyx/scanner/go_parser.go:67.4,67.12 1 6
github.com/ElioNeto/vyx/scanner/go_parser.go:70.3,73.10 3 5
github.com/ElioNeto/vyx/scanner/go_parser.go:74.39,76.23 2 3
github.com/ElioNeto/vyx/scanner/go_parser.go:77.42,78.29 1 1
github.com/ElioNeto/vyx/scanner/go_parser.go:79.38,80.25 1 1
github.com/ElioNeto/vyx/scanner/go_parser.go:85.2,85.24 1 2
github.com/ElioNeto/vyx/scanner/go_parser.go:85.24,87.22 2 0
github.com/ElioNeto/vyx/scanner/go_parser.go:87.22,89.4 1 0
github.com/ElioNeto/vyx/scanner/go_parser.go:89.9,91.4 1 0
github.com/ElioNeto/vyx/scanner/go_parser.go:94.2,94.21 1 2
github.com/ElioNeto/vyx/scanner/go_parser.go:97.121,99.14 2 3
github.com/ElioNeto/vyx/scanner/go_parser.go:99.14,101.3 1 0
github.com/ElioNeto/vyx/scanner/go_parser.go:103.2,107.25 4 3
github.com/ElioNeto/vyx/scanner/go_parser.go:107.25,109.16 2 1
github.com/ElioNeto/vyx/scanner/go_parser.go:109.16,111.4 1 1
github.com/ElioNeto/vyx/scanner/go_parser.go:114.2,115.21 2 3
github.com/ElioNeto/vyx/scanner/go_parser.go:115.21,117.16 2 1
github.com/ElioNeto/vyx/scanner/go_parser.go:117.16,118.48 1 1
github.com/ElioNeto/vyx/scanner/go_parser.go:118.48,120.19 2 1
github.com/ElioNeto/vyx/scanner/go_parser.go:120.19,122.6 1 1
github.com/ElioNeto/vyx/scanner/go_parser.go:127.2,136.8 1 3
github.com/ElioNeto/vyx/scanner/py_parser.go:18.70,22.78 3 2
github.com/ElioNeto/vyx/scanner/py_parser.go:22.78,23.68 1 4
github.com/ElioNeto/vyx/scanner/py_parser.go:23.68,25.4 1 2
github.com/ElioNeto/vyx/scanner/py_parser.go:26.3,29.13 4 2
github.com/ElioNeto/vyx/scanner/py_parser.go:32.2,32.21 1 2
github.com/ElioNeto/vyx/scanner/py_parser.go:35.70,37.16 2 2
github.com/ElioNeto/vyx/scanner/py_parser.go:37.16,39.3 1 0
github.com/ElioNeto/vyx/scanner/py_parser.go:40.2,40.15 1 2
github.com/ElioNeto/vyx/scanner/py_parser.go:40.15,40.32 1 2
github.com/ElioNeto/vyx/scanner/py_parser.go:42.2,50.21 7 2
github.com/ElioNeto/vyx/scanner/py_parser.go:50.21,54.40 3 24
github.com/ElioNeto/vyx/scanner/py_parser.go:54.40,55.12 1 2
github.com/ElioNeto/vyx/scanner/py_parser.go:58.3,58.36 1 22
github.com/ElioNeto/vyx/scanner/py_parser.go:58.36,59.26 1 15
github.com/ElioNeto/vyx/scanner/py_parser.go:59.26,61.24 2 3
github.com/ElioNeto/vyx/scanner/py_parser.go:61.24,63.6 1 0
github.com/ElioNeto/vyx/scanner/py_parser.go:63.11,65.6 1 3
github.com/ElioNeto/vyx/scanner/py_parser.go:66.5,66.60 1 3
github.com/ElioNeto/vyx/scanner/py_parser.go:68.4,68.12 1 15
github.com/ElioNeto/vyx/scanner/py_parser.go:71.3,74.10 3 7
github.com/ElioNeto/vyx/scanner/py_parser.go:75.39,77.23 2 3
github.com/ElioNeto/vyx/scanner/py_parser.go:78.42,79.29 1 2
github.com/ElioNeto/vyx/scanner/py_parser.go:80.38,81.25 1 2
github.com/ElioNeto/vyx/scanner/py_parser.go:85.2,85.24 1 2
github.com/ElioNeto/vyx/scanner/py_parser.go:85.24,87.22 2 0
github.com/ElioNeto/vyx/scanner/py_parser.go:87.22,89.4 1 0
github.com/ElioNeto/vyx/scanner/py_parser.go:89.9,91.4 1 0
github.com/ElioNeto/vyx/scanner/py_parser.go:94.2,94.21 1 2
github.com/ElioNeto/vyx/scanner/py_parser.go:97.123,99.14 2 3
github.com/ElioNeto/vyx/scanner/py_parser.go:99.14,101.3 1 0
github.com/ElioNeto/vyx/scanner/py_parser.go:103.2,107.25 4 3
github.com/ElioNeto/vyx/scanner/py_parser.go:107.25,109.16 2 2
github.com/ElioNeto/vyx/scanner/py_parser.go:109.16,111.4 1 2
github.com/ElioNeto/vyx/scanner/py_parser.go:114.2,115.21 2 3
github.com/ElioNeto/vyx/scanner/py_parser.go:115.21,117.16 2 2
github.com/ElioNeto/vyx/scanner/py_parser.go:117.16,118.48 1 2
github.com/ElioNeto/vyx/scanner/py_parser.go:118.48,120.19 2 2
github.com/ElioNeto/vyx/scanner/py_parser.go:120.19,122.6 1 2
github.com/ElioNeto/vyx/scanner/py_parser.go:127.2,136.8 1 3
github.com/ElioNeto/vyx/scanner/ts_parser.go:21.70,25.78 3 1
github.com/ElioNeto/vyx/scanner/ts_parser.go:25.78,26.33 1 2
github.com/ElioNeto/vyx/scanner/ts_parser.go:26.33,28.4 1 1
github.com/ElioNeto/vyx/scanner/ts_parser.go:29.3,29.74 1 1
github.com/ElioNeto/vyx/scanner/ts_parser.go:29.74,31.4 1 0
github.com/ElioNeto/vyx/scanner/ts_parser.go:32.3,35.13 4 1
github.com/ElioNeto/vyx/scanner/ts_parser.go:38.2,38.21 1 1
github.com/ElioNeto/vyx/scanner/ts_parser.go:41.70,43.16 2 1
github.com/ElioNeto/vyx/scanner/ts_parser.go:43.16,45.3 1 0
github.com/ElioNeto/vyx/scanner/ts_parser.go:46.2,46.15 1 1
github.com/ElioNeto/vyx/scanner/ts_parser.go:46.15,46.32 1 1
github.com/ElioNeto/vyx/scanner/ts_parser.go:48.2,56.21 7 1
github.com/ElioNeto/vyx/scanner/ts_parser.go:56.21,60.37 3 9
github.com/ElioNeto/vyx/scanner/ts_parser.go:60.37,61.47 1 4
github.com/ElioNeto/vyx/scanner/ts_parser.go:61.47,63.24 2 2
github.com/ElioNeto/vyx/scanner/ts_parser.go:63.24,65.6 1 0
github.com/ElioNeto/vyx/scanner/ts_parser.go:65.11,67.6 1 2
github.com/ElioNeto/vyx/scanner/ts_parser.go:68.5,68.77 1 2
github.com/ElioNeto/vyx/scanner/ts_parser.go:70.4,70.12 1 4
github.com/ElioNeto/vyx/scanner/ts_parser.go:73.3,75.10 2 5
github.com/ElioNeto/vyx/scanner/ts_parser.go:76.39,78.23 2 1
github.com/ElioNeto/vyx/scanner/ts_parser.go:79.38,81.23 2 1
github.com/ElioNeto/vyx/scanner/ts_parser.go:82.42,83.29 1 1
github.com/ElioNeto/vyx/scanner/ts_parser.go:84.38,85.25 1 2
github.com/ElioNeto/vyx/scanner/ts_parser.go:89.2,89.45 1 1
github.com/ElioNeto/vyx/scanner/ts_parser.go:89.45,91.22 2 0
github.com/ElioNeto/vyx/scanner/ts_parser.go:91.22,93.4 1 0
github.com/ElioNeto/vyx/scanner/ts_parser.go:93.9,95.4 1 0
github.com/ElioNeto/vyx/scanner/ts_parser.go:98.2,98.21 1 1
github.com/ElioNeto/vyx/scanner/ts_parser.go:101.134,104.22 2 2
github.com/ElioNeto/vyx/scanner/ts_parser.go:104.22,106.15 2 1
github.com/ElioNeto/vyx/scanner/ts_parser.go:106.15,108.4 1 0
github.com/ElioNeto/vyx/scanner/ts_parser.go:109.3,111.20 3 1
github.com/ElioNeto/vyx/scanner/ts_parser.go:112.8,112.28 1 1
github.com/ElioNeto/vyx/scanner/ts_parser.go:112.28,114.15 2 1
github.com/ElioNeto/vyx/scanner/ts_parser.go:114.15,116.4 1 0
github.com/ElioNeto/vyx/scanner/ts_parser.go:117.3,119.21 3 1
github.com/ElioNeto/vyx/scanner/ts_parser.go:120.8,122.3 1 0
github.com/ElioNeto/vyx/scanner/ts_parser.go:124.2,125.25 2 2
github.com/ElioNeto/vyx/scanner/ts_parser.go:125.25,127.16 2 1
github.com/ElioNeto/vyx/scanner/ts_parser.go:127.16,129.4 1 1
github.com/ElioNeto/vyx/scanner/ts_parser.go:132.2,133.21 2 2
github.com/ElioNeto/vyx/scanner/ts_parser.go:133.21,135.16 2 2
github.com/ElioNeto/vyx/scanner/ts_parser.go:135.16,136.48 1 2
github.com/ElioNeto/vyx/scanner/ts_parser.go:136.48,138.19 2 3
github.com/ElioNeto/vyx/scanner/ts_parser.go:138.19,140.6 1 3
github.com/ElioNeto/vyx/scanner/ts_parser.go:145.2,154.8 1 2
github.com/ElioNeto/vyx/scanner/tsx_parser.go:24.71,28.78 3 5
github.com/ElioNeto/vyx/scanner/tsx_parser.go:28.78,29.17 1 11
github.com/ElioNeto/vyx/scanner/tsx_parser.go:29.17,31.4 1 0
github.com/ElioNeto/vyx/scanner/tsx_parser.go:32.3,32.62 1 11
github.com/ElioNeto/vyx/scanner/tsx_parser.go:32.62,34.4 1 6
github.com/ElioNeto/vyx/scanner/tsx_parser.go:36.3,39.13 4 5
github.com/ElioNeto/vyx/scanner/tsx_parser.go:42.2,42.21 1 5
github.com/ElioNeto/vyx/scanner/tsx_parser.go:45.71,50.16 4 5
github.com/ElioNeto/vyx/scanner/tsx_parser.go:50.16,52.3 1 0
github.com/ElioNeto/vyx/scanner/tsx_parser.go:53.2,53.15 1 5
github.com/ElioNeto/vyx/scanner/tsx_parser.go:53.15,53.32 1 5
github.com/ElioNeto/vyx/scanner/tsx_parser.go:55.2,60.21 4 5
github.com/ElioNeto/vyx/scanner/tsx_parser.go:60.21,64.56 3 17
github.com/ElioNeto/vyx/scanner/tsx_parser.go:64.56,66.26 1 5
github.com/ElioNeto/vyx/scanner/tsx_parser.go:66.26,68.5 1 0
github.com/ElioNeto/vyx/scanner/tsx_parser.go:69.4,70.22 2 5
github.com/ElioNeto/vyx/scanner/tsx_parser.go:70.22,77.13 3 1
github.com/ElioNeto/vyx/scanner/tsx_parser.go:79.4,87.12 2 4
github.com/ElioNeto/vyx/scanner/tsx_parser.go:90.3,90.78 1 12
github.com/ElioNeto/vyx/scanner/tsx_parser.go:90.78,93.12 3 1
github.com/ElioNeto/vyx/scanner/tsx_parser.go:97.3,97.111 1 11
github.com/ElioNeto/vyx/scanner/tsx_parser.go:97.111,100.4 2 4
github.com/ElioNeto/vyx/scanner/tsx_parser.go:103.2,103.24 1 5
github.com/ElioNeto/vyx/scanner/tsx_parser.go:103.24,105.3 1 0
github.com/ElioNeto/vyx/scanner/tsx_parser.go:107.2,107.21 1 5
github.com/ElioNeto/vyx/scanner/tsx_parser.go:112.41,115.26 3 1
github.com/ElioNeto/vyx/scanner/tsx_parser.go:115.26,117.49 2 2
github.com/ElioNeto/vyx/scanner/tsx_parser.go:117.49,119.4 1 2
github.com/ElioNeto/vyx/scanner/tsx_parser.go:119.9,119.21 1 0
github.com/ElioNeto/vyx/scanner/tsx_parser.go:119.21,121.4 1 0
github.com/ElioNeto/vyx/scanner/tsx_parser.go:123.2,123.14 1 1
github.com/ElioNeto/vyx/scanner/types.go:26.42,28.2 1 1
github.com/ElioNeto/vyx/scanner/validator.go:15.49,19.27 3 6
github.com/ElioNeto/vyx/scanner/validator.go:19.27,20.30 1 9
github.com/ElioNeto/vyx/scanner/validator.go:20.30,26.4 1 2
github.com/ElioNeto/vyx/scanner/validator.go:27.3,27.38 1 9
github.com/ElioNeto/vyx/scanner/validator.go:27.38,33.4 1 1
github.com/ElioNeto/vyx/scanner/validator.go:34.3,35.16 2 9
github.com/ElioNeto/vyx/scanner/validator.go:35.16,41.4 1 1
github.com/ElioNeto/vyx/scanner/validator.go:42.3,42.19 1 9
github.com/ElioNeto/vyx/scanner/validator.go:45.2,45.13 1 6
