<?xml version="1.0" encoding="UTF-8"?>
<coverage generated="1779317019333" clover="3.2.0">
  <project timestamp="1779317019333" name="All files">
    <metrics statements="127" coveredstatements="122" conditionals="41" coveredconditionals="38" methods="40" coveredmethods="37" elements="208" coveredelements="197" complexity="0" loc="127" ncloc="127" packages="1" files="4" classes="4"/>
    <file name="context.ts" path="/mnt/data/projetos/vyx/packages/worker/src/context.ts">
      <metrics statements="4" coveredstatements="4" conditionals="0" coveredconditionals="0" methods="3" coveredmethods="3"/>
      <line num="7" count="12" type="stmt"/>
      <line num="10" count="61" type="stmt"/>
      <line num="17" count="7" type="stmt"/>
      <line num="24" count="19" type="stmt"/>
    </file>
    <file name="dispatch.ts" path="/mnt/data/projetos/vyx/packages/worker/src/dispatch.ts">
      <metrics statements="106" coveredstatements="101" conditionals="36" coveredconditionals="33" methods="29" coveredmethods="26"/>
      <line num="9" count="8" type="stmt"/>
      <line num="10" count="8" type="stmt"/>
      <line num="11" count="8" type="stmt"/>
      <line num="12" count="8" type="stmt"/>
      <line num="19" count="28" type="cond" truecount="2" falsecount="0"/>
      <line num="22" count="28" type="stmt"/>
      <line num="23" count="28" type="stmt"/>
      <line num="24" count="28" type="stmt"/>
      <line num="25" count="28" type="stmt"/>
      <line num="32" count="24" type="stmt"/>
      <line num="33" count="24" type="stmt"/>
      <line num="34" count="24" type="stmt"/>
      <line num="35" count="20" type="stmt"/>
      <line num="36" count="20" type="stmt"/>
      <line num="37" count="20" type="cond" truecount="1" falsecount="0"/>
      <line num="38" count="18" type="stmt"/>
      <line num="39" count="18" type="stmt"/>
      <line num="40" count="18" type="stmt"/>
      <line num="42" count="24" type="stmt"/>
      <line num="64" count="8" type="stmt"/>
      <line num="71" count="33" type="stmt"/>
      <line num="78" count="21" type="stmt"/>
      <line num="79" count="111" type="cond" truecount="1" falsecount="0"/>
      <line num="81" count="54" type="stmt"/>
      <line num="82" count="54" type="stmt"/>
      <line num="84" count="54" type="cond" truecount="1" falsecount="0"/>
      <line num="86" count="28" type="stmt"/>
      <line num="87" count="28" type="stmt"/>
      <line num="89" count="28" type="stmt"/>
      <line num="90" count="61" type="cond" truecount="1" falsecount="0"/>
      <line num="91" count="4" type="stmt"/>
      <line num="92" count="4" type="stmt"/>
      <line num="94" count="57" type="cond" truecount="1" falsecount="0"/>
      <line num="95" count="16" type="stmt"/>
      <line num="96" count="16" type="stmt"/>
      <line num="100" count="28" type="cond" truecount="1" falsecount="0"/>
      <line num="101" count="12" type="stmt"/>
      <line num="102" count="5" type="stmt"/>
      <line num="105" count="9" type="stmt"/>
      <line num="112" count="17" type="stmt"/>
      <line num="119" count="4" type="stmt"/>
      <line num="126" count="4" type="stmt"/>
      <line num="133" count="4" type="stmt"/>
      <line num="140" count="4" type="stmt"/>
      <line num="146" count="6" type="stmt"/>
      <line num="148" count="6" type="cond" truecount="1" falsecount="0"/>
      <line num="149" count="2" type="stmt"/>
      <line num="156" count="4" type="stmt"/>
      <line num="166" count="4" type="stmt"/>
      <line num="176" count="6" type="stmt"/>
      <line num="182" count="2" type="stmt"/>
      <line num="183" count="2" type="stmt"/>
      <line num="184" count="2" type="stmt"/>
      <line num="190" count="1" type="stmt"/>
      <line num="191" count="1" type="stmt"/>
      <line num="192" count="1" type="stmt"/>
      <line num="201" count="13" type="stmt"/>
      <line num="202" count="0" type="stmt"/>
      <line num="205" count="13" type="stmt"/>
      <line num="206" count="13" type="stmt"/>
      <line num="214" count="7" type="stmt"/>
      <line num="219" count="7" type="stmt"/>
      <line num="221" count="7" type="stmt"/>
      <line num="229" count="16" type="stmt"/>
      <line num="231" count="16" type="stmt"/>
      <line num="232" count="0" type="stmt"/>
      <line num="233" count="0" type="stmt"/>
      <line num="236" count="16" type="stmt"/>
      <line num="237" count="4" type="stmt"/>
      <line num="239" count="16" type="stmt"/>
      <line num="241" count="6" type="cond" truecount="2" falsecount="1"/>
      <line num="242" count="6" type="cond" truecount="1" falsecount="0"/>
      <line num="243" count="6" type="stmt"/>
      <line num="245" count="0" type="stmt"/>
      <line num="246" count="0" type="stmt"/>
      <line num="253" count="13" type="cond" truecount="1" falsecount="0"/>
      <line num="254" count="7" type="stmt"/>
      <line num="257" count="13" type="cond" truecount="2" falsecount="0"/>
      <line num="259" count="13" type="stmt"/>
      <line num="260" count="20" type="cond" truecount="1" falsecount="0"/>
      <line num="261" count="10" type="stmt"/>
      <line num="263" count="20" type="stmt"/>
      <line num="266" count="13" type="stmt"/>
      <line num="267" count="12" type="stmt"/>
      <line num="268" count="12" type="cond" truecount="3" falsecount="0"/>
      <line num="269" count="2" type="stmt"/>
      <line num="272" count="13" type="stmt"/>
      <line num="273" count="8" type="stmt"/>
      <line num="274" count="8" type="cond" truecount="3" falsecount="0"/>
      <line num="275" count="2" type="stmt"/>
      <line num="290" count="15" type="stmt"/>
      <line num="291" count="15" type="stmt"/>
      <line num="293" count="15" type="stmt"/>
      <line num="294" count="12" type="cond" truecount="3" falsecount="0"/>
      <line num="296" count="3" type="stmt"/>
      <line num="297" count="3" type="stmt"/>
      <line num="301" count="5" type="stmt"/>
      <line num="302" count="5" type="stmt"/>
      <line num="304" count="3" type="stmt"/>
      <line num="305" count="3" type="stmt"/>
      <line num="307" count="2" type="stmt"/>
      <line num="308" count="2" type="stmt"/>
      <line num="309" count="2" type="stmt"/>
      <line num="311" count="2" type="stmt"/>
      <line num="315" count="4" type="stmt"/>
      <line num="319" count="15" type="stmt"/>
    </file>
    <file name="index.ts" path="/mnt/data/projetos/vyx/packages/worker/src/index.ts">
      <metrics statements="10" coveredstatements="10" conditionals="0" coveredconditionals="0" methods="4" coveredmethods="4"/>
      <line num="12" count="2" type="stmt"/>
      <line num="21" count="2" type="stmt"/>
      <line num="23" count="5" type="stmt"/>
      <line num="24" count="5" type="stmt"/>
      <line num="35" count="4" type="stmt"/>
      <line num="36" count="4" type="stmt"/>
      <line num="47" count="2" type="stmt"/>
      <line num="48" count="2" type="stmt"/>
      <line num="59" count="2" type="stmt"/>
      <line num="60" count="2" type="stmt"/>
    </file>
    <file name="request.ts" path="/mnt/data/projetos/vyx/packages/worker/src/request.ts">
      <metrics statements="7" coveredstatements="7" conditionals="5" coveredconditionals="5" methods="4" coveredmethods="4"/>
      <line num="47" count="29" type="stmt"/>
      <line num="48" count="29" type="stmt"/>
      <line num="57" count="10" type="stmt"/>
      <line num="58" count="10" type="stmt"/>
      <line num="62" count="4" type="stmt"/>
      <line num="63" count="4" type="stmt"/>
      <line num="67" count="5" type="stmt"/>
    </file>
  </project>
</coverage>
