TN:
SF:src/context.ts
FN:9,getCorrelationId
FN:13,runInRequestContext
FN:20,runInRequestContextAsync
FNF:3
FNH:3
FNDA:61,getCorrelationId
FNDA:7,runInRequestContext
FNDA:19,runInRequestContextAsync
DA:7,12
DA:10,61
DA:17,7
DA:24,19
LF:4
LH:4
BRF:0
BRH:0
end_of_record
TN:
SF:src/dispatch.ts
FN:14,writeFrame
FN:28,parseFrames
FN:66,addRoute
FN:74,matchRoute
FN:101,(anonymous_4)
FN:108,get
FN:115,post
FN:122,put
FN:129,del
FN:136,patch
FN:143,dispatch
FN:166,(anonymous_11)
FN:175,getSocketPath
FN:180,(anonymous_13)
FN:189,start
FN:195,createAndSetupSocket
FN:201,(anonymous_16)
FN:209,handleSocketConnect
FN:224,setupSocketHandlers
FN:231,(anonymous_19)
FN:236,(anonymous_20)
FN:239,(anonymous_21)
FN:250,setupProcessHandlers
FN:254,(anonymous_23)
FN:259,(anonymous_24)
FN:266,(anonymous_25)
FN:272,(anonymous_26)
FN:284,handleSocketData
FN:308,(anonymous_28)
FNF:29
FNH:26
FNDA:28,writeFrame
FNDA:24,parseFrames
FNDA:33,addRoute
FNDA:21,matchRoute
FNDA:5,(anonymous_4)
FNDA:17,get
FNDA:4,post
FNDA:4,put
FNDA:4,del
FNDA:4,patch
FNDA:6,dispatch
FNDA:4,(anonymous_11)
FNDA:6,getSocketPath
FNDA:2,(anonymous_13)
FNDA:1,start
FNDA:13,createAndSetupSocket
FNDA:0,(anonymous_16)
FNDA:7,handleSocketConnect
FNDA:16,setupSocketHandlers
FNDA:0,(anonymous_19)
FNDA:4,(anonymous_20)
FNDA:6,(anonymous_21)
FNDA:13,setupProcessHandlers
FNDA:0,(anonymous_23)
FNDA:20,(anonymous_24)
FNDA:12,(anonymous_25)
FNDA:8,(anonymous_26)
FNDA:15,handleSocketData
FNDA:2,(anonymous_28)
DA:9,8
DA:10,8
DA:11,8
DA:12,8
DA:19,28
DA:22,28
DA:23,28
DA:24,28
DA:25,28
DA:32,24
DA:33,24
DA:34,24
DA:35,20
DA:36,20
DA:37,20
DA:38,18
DA:39,18
DA:40,18
DA:42,24
DA:64,8
DA:71,33
DA:78,21
DA:79,111
DA:81,54
DA:82,54
DA:84,54
DA:86,28
DA:87,28
DA:89,28
DA:90,61
DA:91,4
DA:92,4
DA:94,57
DA:95,16
DA:96,16
DA:100,28
DA:101,12
DA:102,5
DA:105,9
DA:112,17
DA:119,4
DA:126,4
DA:133,4
DA:140,4
DA:146,6
DA:148,6
DA:149,2
DA:156,4
DA:166,4
DA:176,6
DA:182,2
DA:183,2
DA:184,2
DA:190,1
DA:191,1
DA:192,1
DA:201,13
DA:202,0
DA:205,13
DA:206,13
DA:214,7
DA:219,7
DA:221,7
DA:229,16
DA:231,16
DA:232,0
DA:233,0
DA:236,16
DA:237,4
DA:239,16
DA:241,6
DA:242,6
DA:243,6
DA:245,0
DA:246,0
DA:253,13
DA:254,7
DA:257,13
DA:259,13
DA:260,20
DA:261,10
DA:263,20
DA:266,13
DA:267,12
DA:268,12
DA:269,2
DA:272,13
DA:273,8
DA:274,8
DA:275,2
DA:290,15
DA:291,15
DA:293,15
DA:294,12
DA:296,3
DA:297,3
DA:301,5
DA:302,5
DA:304,3
DA:305,3
DA:307,2
DA:308,2
DA:309,2
DA:311,2
DA:315,4
DA:319,15
LF:106
LH:101
BRDA:19,0,0,16
BRDA:19,0,1,12
BRDA:37,1,0,2
BRDA:79,2,0,57
BRDA:84,3,0,26
BRDA:90,4,0,4
BRDA:94,5,0,16
BRDA:100,6,0,12
BRDA:148,7,0,2
BRDA:177,8,0,6
BRDA:177,8,1,3
BRDA:178,9,0,1
BRDA:178,9,1,2
BRDA:189,10,0,1
BRDA:199,11,0,1
BRDA:217,12,0,7
BRDA:217,12,1,3
BRDA:227,13,0,0
BRDA:241,14,0,6
BRDA:241,14,1,3
BRDA:241,14,2,0
BRDA:242,15,0,6
BRDA:250,16,0,0
BRDA:253,17,0,7
BRDA:257,18,0,13
BRDA:257,18,1,7
BRDA:260,19,0,10
BRDA:268,20,0,2
BRDA:268,21,0,12
BRDA:268,21,1,4
BRDA:274,22,0,2
BRDA:274,23,0,8
BRDA:274,23,1,4
BRDA:294,24,0,3
BRDA:294,24,1,5
BRDA:294,24,2,4
BRF:36
BRH:33
end_of_record
TN:
SF:src/index.ts
FN:22,(anonymous_0)
FN:34,(anonymous_1)
FN:46,(anonymous_2)
FN:58,(anonymous_3)
FNF:4
FNH:4
FNDA:5,(anonymous_0)
FNDA:4,(anonymous_1)
FNDA:2,(anonymous_2)
FNDA:2,(anonymous_3)
DA:12,2
DA:21,2
DA:23,5
DA:24,5
DA:35,4
DA:36,4
DA:47,2
DA:48,2
DA:59,2
DA:60,2
LF:10
LH:10
BRF:0
BRH:0
end_of_record
TN:
SF:src/request.ts
FN:42,createResponse
FN:56,json
FN:61,text
FN:66,error
FNF:4
FNH:4
FNDA:29,createResponse
FNDA:10,json
FNDA:4,text
FNDA:5,error
DA:47,29
DA:48,29
DA:57,10
DA:58,10
DA:62,4
DA:63,4
DA:67,5
LF:7
LH:7
BRDA:52,0,0,29
BRDA:52,0,1,21
BRDA:56,1,0,3
BRDA:61,2,0,2
BRDA:66,3,0,3
BRF:5
BRH:5
end_of_record
