mode: atomic
github.com/ElioNeto/vyx/core/application/handshake/handler.go:50.12,57.2 1 5
github.com/ElioNeto/vyx/core/application/handshake/handler.go:63.70,65.16 2 5
github.com/ElioNeto/vyx/core/application/handshake/handler.go:65.16,66.23 1 1
github.com/ElioNeto/vyx/core/application/handshake/handler.go:66.23,69.4 1 0
github.com/ElioNeto/vyx/core/application/handshake/handler.go:70.3,70.76 1 1
github.com/ElioNeto/vyx/core/application/handshake/handler.go:73.2,73.35 1 4
github.com/ElioNeto/vyx/core/application/handshake/handler.go:73.35,76.3 1 1
github.com/ElioNeto/vyx/core/application/handshake/handler.go:78.2,79.62 2 3
github.com/ElioNeto/vyx/core/application/handshake/handler.go:79.62,81.3 1 1
github.com/ElioNeto/vyx/core/application/handshake/handler.go:83.2,85.61 2 2
github.com/ElioNeto/vyx/core/application/handshake/handler.go:85.61,87.3 1 0
github.com/ElioNeto/vyx/core/application/handshake/handler.go:89.2,93.12 2 2
github.com/ElioNeto/vyx/core/application/handshake/handler.go:98.89,99.27 1 2
github.com/ElioNeto/vyx/core/application/handshake/handler.go:99.27,102.10 3 2
github.com/ElioNeto/vyx/core/application/handshake/handler.go:102.10,108.4 1 1
github.com/ElioNeto/vyx/core/application/gateway/access_log_lifecycle.go:18.65,20.2 1 13
github.com/ElioNeto/vyx/core/application/gateway/access_log_lifecycle.go:22.122,26.2 3 12
github.com/ElioNeto/vyx/core/application/gateway/access_log_lifecycle.go:28.119,34.9 5 8
github.com/ElioNeto/vyx/core/application/gateway/access_log_lifecycle.go:34.9,39.3 2 1
github.com/ElioNeto/vyx/core/application/gateway/access_log_lifecycle.go:39.8,41.3 1 7
github.com/ElioNeto/vyx/core/application/gateway/access_log_lifecycle.go:42.2,45.28 3 8
github.com/ElioNeto/vyx/core/application/gateway/access_log_lifecycle.go:45.28,47.3 1 1
github.com/ElioNeto/vyx/core/application/gateway/access_log_lifecycle.go:48.2,55.3 1 8
github.com/ElioNeto/vyx/core/application/gateway/access_log_lifecycle.go:58.118,69.2 3 3
github.com/ElioNeto/vyx/core/application/gateway/access_log_lifecycle.go:71.48,72.37 1 8
github.com/ElioNeto/vyx/core/application/gateway/access_log_lifecycle.go:72.37,74.3 1 5
github.com/ElioNeto/vyx/core/application/gateway/access_log_lifecycle.go:75.2,75.26 1 3
github.com/ElioNeto/vyx/core/application/gateway/dispatcher.go:67.15,71.27 3 9
github.com/ElioNeto/vyx/core/application/gateway/dispatcher.go:71.27,72.26 1 8
github.com/ElioNeto/vyx/core/application/gateway/dispatcher.go:73.23,74.21 1 0
github.com/ElioNeto/vyx/core/application/gateway/dispatcher.go:75.25,76.46 1 8
github.com/ElioNeto/vyx/core/application/gateway/dispatcher.go:80.2,80.48 1 9
github.com/ElioNeto/vyx/core/application/gateway/dispatcher.go:80.48,88.3 1 0
github.com/ElioNeto/vyx/core/application/gateway/dispatcher.go:89.2,100.37 2 9
github.com/ElioNeto/vyx/core/application/gateway/dispatcher.go:100.37,102.3 1 8
github.com/ElioNeto/vyx/core/application/gateway/dispatcher.go:103.2,103.10 1 9
github.com/ElioNeto/vyx/core/application/gateway/dispatcher.go:108.120,119.2 1 0
github.com/ElioNeto/vyx/core/application/gateway/dispatcher.go:125.70,126.29 1 0
github.com/ElioNeto/vyx/core/application/gateway/dispatcher.go:126.29,128.3 1 0
github.com/ElioNeto/vyx/core/application/gateway/dispatcher.go:132.69,133.29 1 8
github.com/ElioNeto/vyx/core/application/gateway/dispatcher.go:133.29,135.3 1 8
github.com/ElioNeto/vyx/core/application/gateway/dispatcher.go:139.45,139.64 1 0
github.com/ElioNeto/vyx/core/application/gateway/dispatcher.go:142.48,142.70 1 0
github.com/ElioNeto/vyx/core/application/gateway/dispatcher.go:145.41,145.57 1 0
github.com/ElioNeto/vyx/core/application/gateway/dispatcher.go:148.46,148.66 1 0
github.com/ElioNeto/vyx/core/application/gateway/dispatcher.go:151.107,156.25 3 9
github.com/ElioNeto/vyx/core/application/gateway/dispatcher.go:156.25,158.3 1 0
github.com/ElioNeto/vyx/core/application/gateway/dispatcher.go:159.2,166.15 5 9
github.com/ElioNeto/vyx/core/application/gateway/dispatcher.go:166.15,168.33 2 9
github.com/ElioNeto/vyx/core/application/gateway/dispatcher.go:168.33,169.42 1 0
github.com/ElioNeto/vyx/core/application/gateway/dispatcher.go:169.42,171.5 1 0
github.com/ElioNeto/vyx/core/application/gateway/dispatcher.go:172.4,172.33 1 0
github.com/ElioNeto/vyx/core/application/gateway/dispatcher.go:177.2,178.9 2 9
github.com/ElioNeto/vyx/core/application/gateway/dispatcher.go:178.9,184.3 5 0
github.com/ElioNeto/vyx/core/application/gateway/dispatcher.go:185.2,194.17 7 9
github.com/ElioNeto/vyx/core/application/gateway/dispatcher.go:194.17,206.3 6 0
github.com/ElioNeto/vyx/core/application/gateway/dispatcher.go:209.2,209.32 1 9
github.com/ElioNeto/vyx/core/application/gateway/dispatcher.go:209.32,211.51 2 0
github.com/ElioNeto/vyx/core/application/gateway/dispatcher.go:211.51,215.4 3 0
github.com/ElioNeto/vyx/core/application/gateway/dispatcher.go:219.2,219.62 1 9
github.com/ElioNeto/vyx/core/application/gateway/dispatcher.go:219.62,230.3 5 0
github.com/ElioNeto/vyx/core/application/gateway/dispatcher.go:233.2,233.22 1 9
github.com/ElioNeto/vyx/core/application/gateway/dispatcher.go:233.22,236.3 2 9
github.com/ElioNeto/vyx/core/application/gateway/dispatcher.go:239.2,239.30 1 9
github.com/ElioNeto/vyx/core/application/gateway/dispatcher.go:239.30,241.18 2 0
github.com/ElioNeto/vyx/core/application/gateway/dispatcher.go:241.18,247.4 5 0
github.com/ElioNeto/vyx/core/application/gateway/dispatcher.go:249.3,249.47 1 0
github.com/ElioNeto/vyx/core/application/gateway/dispatcher.go:249.47,251.4 1 0
github.com/ElioNeto/vyx/core/application/gateway/dispatcher.go:252.3,253.17 2 0
github.com/ElioNeto/vyx/core/application/gateway/dispatcher.go:253.17,259.4 5 0
github.com/ElioNeto/vyx/core/application/gateway/dispatcher.go:260.3,263.54 2 0
github.com/ElioNeto/vyx/core/application/gateway/dispatcher.go:263.54,269.4 5 0
github.com/ElioNeto/vyx/core/application/gateway/dispatcher.go:273.2,273.47 1 9
github.com/ElioNeto/vyx/core/application/gateway/dispatcher.go:273.47,274.69 1 0
github.com/ElioNeto/vyx/core/application/gateway/dispatcher.go:274.69,280.4 5 0
github.com/ElioNeto/vyx/core/application/gateway/dispatcher.go:284.2,285.31 2 9
github.com/ElioNeto/vyx/core/application/gateway/dispatcher.go:285.31,286.65 1 22
github.com/ElioNeto/vyx/core/application/gateway/dispatcher.go:286.65,292.4 5 2
github.com/ElioNeto/vyx/core/application/gateway/dispatcher.go:296.2,306.16 2 7
github.com/ElioNeto/vyx/core/application/gateway/dispatcher.go:306.16,309.3 2 0
github.com/ElioNeto/vyx/core/application/gateway/dispatcher.go:311.2,317.17 3 7
github.com/ElioNeto/vyx/core/application/gateway/dispatcher.go:317.17,322.32 5 1
github.com/ElioNeto/vyx/core/application/gateway/dispatcher.go:322.32,324.4 1 2
github.com/ElioNeto/vyx/core/application/gateway/dispatcher.go:325.3,326.21 2 1
github.com/ElioNeto/vyx/core/application/gateway/dispatcher.go:331.2,332.16 2 6
github.com/ElioNeto/vyx/core/application/gateway/dispatcher.go:332.16,333.31 1 1
github.com/ElioNeto/vyx/core/application/gateway/dispatcher.go:333.31,338.33 5 0
github.com/ElioNeto/vyx/core/application/gateway/dispatcher.go:338.33,340.5 1 0
github.com/ElioNeto/vyx/core/application/gateway/dispatcher.go:341.4,342.38 2 0
github.com/ElioNeto/vyx/core/application/gateway/dispatcher.go:344.3,348.32 5 1
github.com/ElioNeto/vyx/core/application/gateway/dispatcher.go:348.32,350.4 1 2
github.com/ElioNeto/vyx/core/application/gateway/dispatcher.go:351.3,352.21 2 1
github.com/ElioNeto/vyx/core/application/gateway/dispatcher.go:355.2,355.35 1 5
github.com/ElioNeto/vyx/core/application/gateway/dispatcher.go:355.35,359.32 4 0
github.com/ElioNeto/vyx/core/application/gateway/dispatcher.go:359.32,361.4 1 0
github.com/ElioNeto/vyx/core/application/gateway/dispatcher.go:362.3,367.9 2 0
github.com/ElioNeto/vyx/core/application/gateway/dispatcher.go:371.2,372.69 2 5
github.com/ElioNeto/vyx/core/application/gateway/dispatcher.go:372.69,380.32 3 0
github.com/ElioNeto/vyx/core/application/gateway/dispatcher.go:380.32,382.4 1 0
github.com/ElioNeto/vyx/core/application/gateway/dispatcher.go:383.3,383.19 1 0
github.com/ElioNeto/vyx/core/application/gateway/dispatcher.go:386.2,386.32 1 5
github.com/ElioNeto/vyx/core/application/gateway/dispatcher.go:386.32,388.3 1 0
github.com/ElioNeto/vyx/core/application/gateway/dispatcher.go:389.2,396.29 5 5
github.com/ElioNeto/vyx/core/application/gateway/dispatcher.go:396.29,398.3 1 5
github.com/ElioNeto/vyx/core/application/gateway/dispatcher.go:400.2,406.31 2 5
github.com/ElioNeto/vyx/core/application/gateway/dispatcher.go:406.31,408.3 1 13
github.com/ElioNeto/vyx/core/application/gateway/dispatcher.go:411.2,411.34 1 5
github.com/ElioNeto/vyx/core/application/gateway/dispatcher.go:411.34,413.3 1 0
github.com/ElioNeto/vyx/core/application/gateway/dispatcher.go:413.8,415.3 1 5
github.com/ElioNeto/vyx/core/application/gateway/dispatcher.go:417.2,417.18 1 5
github.com/ElioNeto/vyx/core/application/gateway/dispatcher.go:421.64,423.32 2 0
github.com/ElioNeto/vyx/core/application/gateway/dispatcher.go:423.32,425.3 1 0
github.com/ElioNeto/vyx/core/application/gateway/dispatcher.go:426.2,426.34 1 0
github.com/ElioNeto/vyx/core/application/gateway/dispatcher.go:426.34,427.26 1 0
github.com/ElioNeto/vyx/core/application/gateway/dispatcher.go:427.26,429.4 1 0
github.com/ElioNeto/vyx/core/application/gateway/dispatcher.go:431.2,431.14 1 0
github.com/ElioNeto/vyx/core/application/gateway/lifecycle.go:25.55,26.16 1 23
github.com/ElioNeto/vyx/core/application/gateway/lifecycle.go:26.16,28.3 1 0
github.com/ElioNeto/vyx/core/application/gateway/lifecycle.go:29.2,29.51 1 23
github.com/ElioNeto/vyx/core/application/gateway/lifecycle.go:29.51,31.3 1 23
github.com/ElioNeto/vyx/core/application/gateway/lifecycle.go:32.2,32.12 1 0
github.com/ElioNeto/vyx/core/application/gateway/proxylistener.go:47.69,52.2 1 11
github.com/ElioNeto/vyx/core/application/gateway/proxylistener.go:55.46,59.2 3 1
github.com/ElioNeto/vyx/core/application/gateway/proxylistener.go:64.78,68.2 3 1
github.com/ElioNeto/vyx/core/application/gateway/proxylistener.go:72.74,73.21 1 2
github.com/ElioNeto/vyx/core/application/gateway/proxylistener.go:73.21,75.3 1 2
github.com/ElioNeto/vyx/core/application/gateway/proxylistener.go:76.2,76.19 1 0
github.com/ElioNeto/vyx/core/application/gateway/proxylistener.go:115.59,116.30 1 2
github.com/ElioNeto/vyx/core/application/gateway/proxylistener.go:116.30,118.3 1 1
github.com/ElioNeto/vyx/core/application/gateway/proxylistener.go:122.60,123.31 1 2
github.com/ElioNeto/vyx/core/application/gateway/proxylistener.go:123.31,125.3 1 1
github.com/ElioNeto/vyx/core/application/gateway/proxylistener.go:129.85,130.32 1 2
github.com/ElioNeto/vyx/core/application/gateway/proxylistener.go:130.32,132.3 1 1
github.com/ElioNeto/vyx/core/application/gateway/proxylistener.go:136.67,137.25 1 2
github.com/ElioNeto/vyx/core/application/gateway/proxylistener.go:137.25,139.3 1 1
github.com/ElioNeto/vyx/core/application/gateway/ratelimiter.go:16.62,20.28 4 17
github.com/ElioNeto/vyx/core/application/gateway/ratelimiter.go:20.28,23.3 2 8
github.com/ElioNeto/vyx/core/application/gateway/ratelimiter.go:24.2,24.22 1 17
github.com/ElioNeto/vyx/core/application/gateway/ratelimiter.go:24.22,26.3 1 2
github.com/ElioNeto/vyx/core/application/gateway/ratelimiter.go:27.2,28.13 2 15
github.com/ElioNeto/vyx/core/application/gateway/ratelimiter.go:46.77,54.2 1 5
github.com/ElioNeto/vyx/core/application/gateway/ratelimiter.go:57.55,59.16 2 14
github.com/ElioNeto/vyx/core/application/gateway/ratelimiter.go:59.16,61.3 1 0
github.com/ElioNeto/vyx/core/application/gateway/ratelimiter.go:62.2,62.71 1 14
github.com/ElioNeto/vyx/core/application/gateway/ratelimiter.go:66.53,67.17 1 13
github.com/ElioNeto/vyx/core/application/gateway/ratelimiter.go:67.17,69.3 1 10
github.com/ElioNeto/vyx/core/application/gateway/ratelimiter.go:70.2,70.79 1 3
github.com/ElioNeto/vyx/core/application/gateway/ratelimiter.go:73.93,77.8 4 17
github.com/ElioNeto/vyx/core/application/gateway/ratelimiter.go:77.8,79.3 1 9
github.com/ElioNeto/vyx/core/application/gateway/ratelimiter.go:80.2,82.24 3 8
github.com/ElioNeto/vyx/core/application/gateway/ratelimiter.go:82.24,84.3 1 0
github.com/ElioNeto/vyx/core/application/gateway/ratelimiter.go:85.2,87.10 3 8
github.com/ElioNeto/vyx/core/application/gateway/security_headers.go:5.42,14.2 1 3
github.com/ElioNeto/vyx/core/cmd/tui/main.go:15.39,34.12 8 0
github.com/ElioNeto/vyx/core/cmd/tui/main.go:34.12,35.25 1 0
github.com/ElioNeto/vyx/core/cmd/tui/main.go:35.25,37.4 1 0
github.com/ElioNeto/vyx/core/cmd/tui/main.go:41.2,41.12 1 0
github.com/ElioNeto/vyx/core/cmd/tui/main.go:41.12,44.22 3 0
github.com/ElioNeto/vyx/core/cmd/tui/main.go:44.22,46.4 1 0
github.com/ElioNeto/vyx/core/cmd/tui/main.go:49.2,49.35 1 0
github.com/ElioNeto/vyx/core/cmd/tui/main.go:49.35,51.3 1 0
github.com/ElioNeto/vyx/core/cmd/tui/main.go:52.2,52.12 1 0
github.com/ElioNeto/vyx/core/cmd/tui/model.go:26.32,26.58 1 0
github.com/ElioNeto/vyx/core/cmd/tui/model.go:27.32,27.82 1 0
github.com/ElioNeto/vyx/core/cmd/tui/model.go:43.44,53.2 1 0
github.com/ElioNeto/vyx/core/cmd/tui/model.go:56.31,58.2 1 0
github.com/ElioNeto/vyx/core/cmd/tui/model.go:61.44,65.26 2 0
github.com/ElioNeto/vyx/core/cmd/tui/model.go:65.26,67.3 1 0
github.com/ElioNeto/vyx/core/cmd/tui/model.go:70.2,70.25 1 0
github.com/ElioNeto/vyx/core/cmd/tui/model.go:70.25,72.3 1 0
github.com/ElioNeto/vyx/core/cmd/tui/model.go:75.2,75.20 1 0
github.com/ElioNeto/vyx/core/cmd/tui/model.go:75.20,77.3 1 0
github.com/ElioNeto/vyx/core/cmd/tui/model.go:79.2,79.12 1 0
github.com/ElioNeto/vyx/core/cmd/tui/model.go:83.34,86.24 3 0
github.com/ElioNeto/vyx/core/cmd/tui/model.go:86.24,87.43 1 0
github.com/ElioNeto/vyx/core/cmd/tui/model.go:87.43,89.4 1 0
github.com/ElioNeto/vyx/core/cmd/tui/model.go:91.2,92.22 2 0
github.com/ElioNeto/vyx/core/cmd/tui/model.go:92.22,94.3 1 0
github.com/ElioNeto/vyx/core/cmd/tui/model.go:95.2,95.21 1 0
github.com/ElioNeto/vyx/core/cmd/tui/model.go:121.65,122.39 1 0
github.com/ElioNeto/vyx/core/cmd/tui/model.go:122.39,124.3 1 0
github.com/ElioNeto/vyx/core/cmd/tui/model.go:126.2,127.13 2 0
github.com/ElioNeto/vyx/core/cmd/tui/model.go:128.23,129.82 1 0
github.com/ElioNeto/vyx/core/cmd/tui/model.go:130.21,131.82 1 0
github.com/ElioNeto/vyx/core/cmd/tui/model.go:132.23,133.82 1 0
github.com/ElioNeto/vyx/core/cmd/tui/model.go:134.25,135.82 1 0
github.com/ElioNeto/vyx/core/cmd/tui/model.go:136.10,137.18 1 0
github.com/ElioNeto/vyx/core/cmd/tui/update.go:10.57,11.27 1 0
github.com/ElioNeto/vyx/core/cmd/tui/update.go:12.18,13.10 1 0
github.com/ElioNeto/vyx/core/cmd/tui/update.go:14.25,15.17 1 0
github.com/ElioNeto/vyx/core/cmd/tui/update.go:17.25,21.16 4 0
github.com/ElioNeto/vyx/core/cmd/tui/update.go:22.18,25.16 2 0
github.com/ElioNeto/vyx/core/cmd/tui/update.go:27.2,27.15 1 0
github.com/ElioNeto/vyx/core/cmd/tui/update.go:30.48,31.22 1 0
github.com/ElioNeto/vyx/core/cmd/tui/update.go:32.21,33.14 1 0
github.com/ElioNeto/vyx/core/cmd/tui/update.go:34.17,35.22 1 0
github.com/ElioNeto/vyx/core/cmd/tui/update.go:35.22,37.4 1 0
github.com/ElioNeto/vyx/core/cmd/tui/update.go:38.19,39.50 1 0
github.com/ElioNeto/vyx/core/cmd/tui/update.go:39.50,41.4 1 0
github.com/ElioNeto/vyx/core/cmd/tui/update.go:42.24,44.22 2 0
github.com/ElioNeto/vyx/core/cmd/tui/update.go:44.22,46.4 1 0
github.com/ElioNeto/vyx/core/cmd/tui/update.go:47.26,48.34 1 0
github.com/ElioNeto/vyx/core/cmd/tui/update.go:49.11,50.18 1 0
github.com/ElioNeto/vyx/core/cmd/tui/update.go:51.11,53.22 2 0
github.com/ElioNeto/vyx/core/cmd/tui/update.go:53.22,55.4 1 0
github.com/ElioNeto/vyx/core/cmd/tui/update.go:56.13,57.18 1 0
github.com/ElioNeto/vyx/core/cmd/tui/update.go:58.11,59.27 1 0
github.com/ElioNeto/vyx/core/cmd/tui/update.go:61.2,61.14 1 0
github.com/ElioNeto/vyx/core/cmd/tui/update.go:65.31,66.26 1 0
github.com/ElioNeto/vyx/core/cmd/tui/update.go:66.26,67.25 1 0
github.com/ElioNeto/vyx/core/cmd/tui/update.go:67.25,69.4 1 0
github.com/ElioNeto/vyx/core/cmd/tui/update.go:70.8,72.31 2 0
github.com/ElioNeto/vyx/core/cmd/tui/update.go:72.31,73.24 1 0
github.com/ElioNeto/vyx/core/cmd/tui/update.go:73.24,75.10 2 0
github.com/ElioNeto/vyx/core/cmd/tui/update.go:78.3,78.41 1 0
github.com/ElioNeto/vyx/core/cmd/tui/update.go:78.41,80.4 1 0
github.com/ElioNeto/vyx/core/cmd/tui/update.go:80.9,82.4 1 0
github.com/ElioNeto/vyx/core/cmd/tui/update.go:84.2,84.17 1 0
github.com/ElioNeto/vyx/core/cmd/tui/view.go:12.30,14.31 2 0
github.com/ElioNeto/vyx/core/cmd/tui/view.go:14.31,16.3 1 0
github.com/ElioNeto/vyx/core/cmd/tui/view.go:19.2,19.49 1 0
github.com/ElioNeto/vyx/core/cmd/tui/view.go:19.49,21.3 1 0
github.com/ElioNeto/vyx/core/cmd/tui/view.go:22.2,22.21 1 0
github.com/ElioNeto/vyx/core/cmd/tui/view.go:22.21,24.3 1 0
github.com/ElioNeto/vyx/core/cmd/tui/view.go:27.2,28.28 2 0
github.com/ElioNeto/vyx/core/cmd/tui/view.go:28.28,30.3 1 0
github.com/ElioNeto/vyx/core/cmd/tui/view.go:32.2,34.24 3 0
github.com/ElioNeto/vyx/core/cmd/tui/view.go:34.24,36.3 1 0
github.com/ElioNeto/vyx/core/cmd/tui/view.go:38.2,45.62 4 0
github.com/ElioNeto/vyx/core/cmd/tui/view.go:48.39,52.19 4 0
github.com/ElioNeto/vyx/core/cmd/tui/view.go:52.19,54.3 1 0
github.com/ElioNeto/vyx/core/cmd/tui/view.go:56.2,64.24 3 0
github.com/ElioNeto/vyx/core/cmd/tui/view.go:67.38,78.26 3 0
github.com/ElioNeto/vyx/core/cmd/tui/view.go:78.26,80.3 1 0
github.com/ElioNeto/vyx/core/cmd/tui/view.go:81.2,82.20 2 0
github.com/ElioNeto/vyx/core/cmd/tui/view.go:82.20,84.3 1 0
github.com/ElioNeto/vyx/core/cmd/tui/view.go:86.2,90.18 2 0
github.com/ElioNeto/vyx/core/cmd/tui/view.go:93.35,96.11 2 0
github.com/ElioNeto/vyx/core/cmd/tui/view.go:96.11,98.3 1 0
github.com/ElioNeto/vyx/core/cmd/tui/view.go:99.2,99.10 1 0
github.com/ElioNeto/vyx/core/application/lifecycle/drainer.go:19.40,24.2 1 13
github.com/ElioNeto/vyx/core/application/lifecycle/drainer.go:28.50,33.13 4 4
github.com/ElioNeto/vyx/core/application/lifecycle/drainer.go:33.13,36.3 2 3
github.com/ElioNeto/vyx/core/application/lifecycle/drainer.go:37.2,37.11 1 4
github.com/ElioNeto/vyx/core/application/lifecycle/drainer.go:42.50,47.13 4 3
github.com/ElioNeto/vyx/core/application/lifecycle/drainer.go:47.13,49.3 1 0
github.com/ElioNeto/vyx/core/application/lifecycle/drainer.go:50.2,50.11 1 3
github.com/ElioNeto/vyx/core/application/lifecycle/drainer.go:56.98,59.13 3 5
github.com/ElioNeto/vyx/core/application/lifecycle/drainer.go:59.13,62.3 2 3
github.com/ElioNeto/vyx/core/application/lifecycle/drainer.go:63.2,71.12 5 2
github.com/ElioNeto/vyx/core/application/lifecycle/drainer.go:71.12,74.3 2 2
github.com/ElioNeto/vyx/core/application/lifecycle/drainer.go:76.2,76.9 1 2
github.com/ElioNeto/vyx/core/application/lifecycle/drainer.go:77.14,78.13 1 1
github.com/ElioNeto/vyx/core/application/lifecycle/drainer.go:79.25,80.24 1 1
github.com/ElioNeto/vyx/core/application/lifecycle/drainer.go:86.55,90.2 3 4
github.com/ElioNeto/vyx/core/application/lifecycle/drainer.go:94.58,98.2 3 3
github.com/ElioNeto/vyx/core/application/lifecycle/drainer.go:102.50,107.2 4 2
github.com/ElioNeto/vyx/core/application/lifecycle/service.go:39.12,48.2 1 7
github.com/ElioNeto/vyx/core/application/lifecycle/service.go:62.99,63.23 1 6
github.com/ElioNeto/vyx/core/application/lifecycle/service.go:63.23,65.3 1 1
github.com/ElioNeto/vyx/core/application/lifecycle/service.go:67.2,70.76 3 5
github.com/ElioNeto/vyx/core/application/lifecycle/service.go:70.76,72.22 2 0
github.com/ElioNeto/vyx/core/application/lifecycle/service.go:72.22,74.4 1 0
github.com/ElioNeto/vyx/core/application/lifecycle/service.go:75.3,75.73 1 0
github.com/ElioNeto/vyx/core/application/lifecycle/service.go:75.73,77.4 1 0
github.com/ElioNeto/vyx/core/application/lifecycle/service.go:79.3,80.17 2 0
github.com/ElioNeto/vyx/core/application/lifecycle/service.go:80.17,82.4 1 0
github.com/ElioNeto/vyx/core/application/lifecycle/service.go:83.3,83.49 1 0
github.com/ElioNeto/vyx/core/application/lifecycle/service.go:86.2,98.44 2 5
github.com/ElioNeto/vyx/core/application/lifecycle/service.go:98.44,100.3 1 0
github.com/ElioNeto/vyx/core/application/lifecycle/service.go:102.2,102.48 1 5
github.com/ElioNeto/vyx/core/application/lifecycle/service.go:102.48,108.3 5 1
github.com/ElioNeto/vyx/core/application/lifecycle/service.go:113.2,117.15 4 4
github.com/ElioNeto/vyx/core/application/lifecycle/service.go:121.68,123.16 2 2
github.com/ElioNeto/vyx/core/application/lifecycle/service.go:123.16,125.3 1 0
github.com/ElioNeto/vyx/core/application/lifecycle/service.go:126.2,126.14 1 2
github.com/ElioNeto/vyx/core/application/lifecycle/service.go:126.14,128.3 1 1
github.com/ElioNeto/vyx/core/application/lifecycle/service.go:131.2,132.27 2 1
github.com/ElioNeto/vyx/core/application/lifecycle/service.go:132.27,134.3 1 0
github.com/ElioNeto/vyx/core/application/lifecycle/service.go:137.2,137.22 1 1
github.com/ElioNeto/vyx/core/application/lifecycle/service.go:137.22,139.67 2 1
github.com/ElioNeto/vyx/core/application/lifecycle/service.go:139.67,144.4 1 0
github.com/ElioNeto/vyx/core/application/lifecycle/service.go:147.2,147.48 1 1
github.com/ElioNeto/vyx/core/application/lifecycle/service.go:147.48,149.3 1 0
github.com/ElioNeto/vyx/core/application/lifecycle/service.go:151.2,157.22 5 1
github.com/ElioNeto/vyx/core/application/lifecycle/service.go:157.22,159.3 1 1
github.com/ElioNeto/vyx/core/application/lifecycle/service.go:161.2,161.12 1 1
github.com/ElioNeto/vyx/core/application/lifecycle/service.go:165.54,167.16 2 0
github.com/ElioNeto/vyx/core/application/lifecycle/service.go:167.16,169.3 1 0
github.com/ElioNeto/vyx/core/application/lifecycle/service.go:171.2,172.28 2 0
github.com/ElioNeto/vyx/core/application/lifecycle/service.go:172.28,173.19 1 0
github.com/ElioNeto/vyx/core/application/lifecycle/service.go:173.19,174.12 1 0
github.com/ElioNeto/vyx/core/application/lifecycle/service.go:176.3,176.49 1 0
github.com/ElioNeto/vyx/core/application/lifecycle/service.go:176.49,178.4 1 0
github.com/ElioNeto/vyx/core/application/lifecycle/service.go:181.2,181.16 1 0
github.com/ElioNeto/vyx/core/application/lifecycle/service.go:185.73,187.16 2 1
github.com/ElioNeto/vyx/core/application/lifecycle/service.go:187.16,189.3 1 0
github.com/ElioNeto/vyx/core/application/lifecycle/service.go:190.2,190.14 1 1
github.com/ElioNeto/vyx/core/application/lifecycle/service.go:190.14,192.3 1 0
github.com/ElioNeto/vyx/core/application/lifecycle/service.go:194.2,196.38 3 1
github.com/ElioNeto/vyx/core/application/lifecycle/service.go:196.38,198.3 1 0
github.com/ElioNeto/vyx/core/application/lifecycle/service.go:200.2,201.28 2 1
github.com/ElioNeto/vyx/core/application/lifecycle/service.go:205.71,207.16 2 1
github.com/ElioNeto/vyx/core/application/lifecycle/service.go:207.16,209.3 1 0
github.com/ElioNeto/vyx/core/application/lifecycle/service.go:210.2,210.14 1 1
github.com/ElioNeto/vyx/core/application/lifecycle/service.go:210.14,212.3 1 0
github.com/ElioNeto/vyx/core/application/lifecycle/service.go:214.2,217.28 4 1
github.com/ElioNeto/vyx/core/application/lifecycle/service.go:221.69,223.16 2 2
github.com/ElioNeto/vyx/core/application/lifecycle/service.go:223.16,225.3 1 0
github.com/ElioNeto/vyx/core/application/lifecycle/service.go:226.2,226.14 1 2
github.com/ElioNeto/vyx/core/application/lifecycle/service.go:226.14,228.3 1 0
github.com/ElioNeto/vyx/core/application/lifecycle/service.go:230.2,230.36 1 2
github.com/ElioNeto/vyx/core/application/lifecycle/service.go:230.36,232.3 1 0
github.com/ElioNeto/vyx/core/application/lifecycle/service.go:234.2,238.28 5 2
github.com/ElioNeto/vyx/core/application/lifecycle/service.go:244.71,246.16 2 1
github.com/ElioNeto/vyx/core/application/lifecycle/service.go:246.16,248.3 1 0
github.com/ElioNeto/vyx/core/application/lifecycle/service.go:249.2,249.14 1 1
github.com/ElioNeto/vyx/core/application/lifecycle/service.go:249.14,251.3 1 0
github.com/ElioNeto/vyx/core/application/lifecycle/service.go:253.2,262.22 7 1
github.com/ElioNeto/vyx/core/application/lifecycle/service.go:262.22,264.28 2 1
github.com/ElioNeto/vyx/core/application/lifecycle/service.go:264.28,266.4 1 0
github.com/ElioNeto/vyx/core/application/lifecycle/service.go:267.3,268.48 2 1
github.com/ElioNeto/vyx/core/application/lifecycle/service.go:271.1,271.47 1 1
github.com/ElioNeto/vyx/core/application/lifecycle/service.go:271.47,273.2 1 0
github.com/ElioNeto/vyx/core/application/lifecycle/service.go:280.1,280.23 1 1
github.com/ElioNeto/vyx/core/application/lifecycle/service.go:280.23,283.54 3 0
github.com/ElioNeto/vyx/core/application/lifecycle/service.go:283.54,289.3 5 0
github.com/ElioNeto/vyx/core/application/lifecycle/service.go:292.2,292.48 1 1
github.com/ElioNeto/vyx/core/application/lifecycle/service.go:292.48,298.3 5 0
github.com/ElioNeto/vyx/core/application/lifecycle/service.go:300.2,306.23 5 1
github.com/ElioNeto/vyx/core/application/lifecycle/service.go:306.23,308.3 1 0
github.com/ElioNeto/vyx/core/application/lifecycle/service.go:310.2,310.12 1 1
github.com/ElioNeto/vyx/core/application/lifecycle/service.go:313.110,321.2 1 12
github.com/ElioNeto/vyx/core/application/lifecycle/service.go:323.42,324.18 1 5
github.com/ElioNeto/vyx/core/application/lifecycle/service.go:324.18,326.3 1 0
github.com/ElioNeto/vyx/core/application/lifecycle/service.go:327.2,328.18 2 5
github.com/ElioNeto/vyx/core/application/lifecycle/service.go:328.18,330.3 1 0
github.com/ElioNeto/vyx/core/application/lifecycle/service.go:331.2,331.15 1 5
github.com/ElioNeto/vyx/core/domain/config/config.go:73.24,101.2 1 4
github.com/ElioNeto/vyx/core/domain/config/config.go:105.35,108.44 2 10
github.com/ElioNeto/vyx/core/domain/config/config.go:108.44,110.3 1 1
github.com/ElioNeto/vyx/core/domain/config/config.go:112.2,112.30 1 10
github.com/ElioNeto/vyx/core/domain/config/config.go:112.30,113.48 1 6
github.com/ElioNeto/vyx/core/domain/config/config.go:113.48,115.4 1 5
github.com/ElioNeto/vyx/core/domain/config/config.go:118.2,118.45 1 10
github.com/ElioNeto/vyx/core/domain/config/config.go:118.45,120.3 1 3
github.com/ElioNeto/vyx/core/domain/config/config.go:122.2,122.20 1 10
github.com/ElioNeto/vyx/core/domain/config/config.go:122.20,124.3 1 1
github.com/ElioNeto/vyx/core/domain/config/config.go:125.2,125.29 1 9
github.com/ElioNeto/vyx/core/domain/config/config.go:128.42,129.26 1 10
github.com/ElioNeto/vyx/core/domain/config/config.go:129.26,131.3 1 1
github.com/ElioNeto/vyx/core/domain/config/config.go:132.2,132.12 1 9
github.com/ElioNeto/vyx/core/domain/config/config.go:135.64,138.16 2 6
github.com/ElioNeto/vyx/core/domain/config/config.go:138.16,140.3 1 1
github.com/ElioNeto/vyx/core/domain/config/config.go:141.2,141.21 1 6
github.com/ElioNeto/vyx/core/domain/config/config.go:141.21,143.3 1 1
github.com/ElioNeto/vyx/core/domain/config/config.go:144.2,144.20 1 6
github.com/ElioNeto/vyx/core/domain/config/config.go:144.20,146.3 1 1
github.com/ElioNeto/vyx/core/domain/config/config.go:147.2,148.34 2 6
github.com/ElioNeto/vyx/core/domain/config/config.go:148.34,150.3 1 1
github.com/ElioNeto/vyx/core/domain/config/config.go:151.2,151.27 1 6
github.com/ElioNeto/vyx/core/domain/config/config.go:151.27,153.3 1 1
github.com/ElioNeto/vyx/core/domain/config/config.go:155.2,155.20 1 6
github.com/ElioNeto/vyx/core/domain/config/config.go:155.20,157.3 1 1
github.com/ElioNeto/vyx/core/domain/config/config.go:158.2,158.29 1 5
github.com/ElioNeto/vyx/core/domain/config/config.go:161.43,164.44 2 10
github.com/ElioNeto/vyx/core/domain/config/config.go:164.44,166.3 1 1
github.com/ElioNeto/vyx/core/domain/config/config.go:167.2,167.44 1 10
github.com/ElioNeto/vyx/core/domain/config/config.go:167.44,169.3 1 1
github.com/ElioNeto/vyx/core/domain/config/config.go:170.2,170.47 1 10
github.com/ElioNeto/vyx/core/domain/config/config.go:170.47,172.3 1 1
github.com/ElioNeto/vyx/core/domain/config/config.go:174.2,174.20 1 10
github.com/ElioNeto/vyx/core/domain/config/config.go:174.20,176.3 1 7
github.com/ElioNeto/vyx/core/domain/config/config.go:177.2,177.29 1 3
github.com/ElioNeto/vyx/core/domain/gateway/errors.go:34.42,36.30 2 0
github.com/ElioNeto/vyx/core/domain/gateway/errors.go:36.30,37.20 1 0
github.com/ElioNeto/vyx/core/domain/gateway/errors.go:37.20,39.4 1 0
github.com/ElioNeto/vyx/core/domain/gateway/errors.go:39.9,41.4 1 0
github.com/ElioNeto/vyx/core/domain/gateway/errors.go:43.2,43.57 1 0
github.com/ElioNeto/vyx/core/domain/gateway/errors.go:47.57,55.2 1 0
github.com/ElioNeto/vyx/core/domain/gateway/errors.go:58.49,60.2 1 0
github.com/ElioNeto/vyx/core/domain/gateway/route.go:35.32,40.2 1 28
github.com/ElioNeto/vyx/core/domain/gateway/route.go:55.50,60.2 4 7
github.com/ElioNeto/vyx/core/domain/gateway/route.go:64.48,67.2 2 1
github.com/ElioNeto/vyx/core/domain/gateway/route.go:70.51,72.16 2 0
github.com/ElioNeto/vyx/core/domain/gateway/route.go:72.16,74.3 1 0
github.com/ElioNeto/vyx/core/domain/gateway/route.go:75.2,78.55 2 0
github.com/ElioNeto/vyx/core/domain/gateway/route.go:78.55,80.3 1 0
github.com/ElioNeto/vyx/core/domain/gateway/route.go:81.2,81.41 1 0
github.com/ElioNeto/vyx/core/domain/gateway/route.go:92.70,94.17 2 9
github.com/ElioNeto/vyx/core/domain/gateway/route.go:94.17,96.3 1 0
github.com/ElioNeto/vyx/core/domain/gateway/route.go:98.2,102.17 4 9
github.com/ElioNeto/vyx/core/domain/gateway/route.go:102.17,104.3 1 2
github.com/ElioNeto/vyx/core/domain/gateway/route.go:106.2,107.9 2 7
github.com/ElioNeto/vyx/core/domain/gateway/route.go:107.9,109.3 1 1
github.com/ElioNeto/vyx/core/domain/gateway/route.go:111.2,111.57 1 6
github.com/ElioNeto/vyx/core/domain/gateway/route.go:115.38,118.26 3 18
github.com/ElioNeto/vyx/core/domain/gateway/route.go:118.26,119.14 1 42
github.com/ElioNeto/vyx/core/domain/gateway/route.go:119.14,121.4 1 42
github.com/ElioNeto/vyx/core/domain/gateway/route.go:123.2,123.15 1 18
github.com/ElioNeto/vyx/core/domain/gateway/route.go:128.88,129.24 1 27
github.com/ElioNeto/vyx/core/domain/gateway/route.go:129.24,131.3 1 7
github.com/ElioNeto/vyx/core/domain/gateway/route.go:133.2,137.41 3 20
github.com/ElioNeto/vyx/core/domain/gateway/route.go:137.41,138.61 1 15
github.com/ElioNeto/vyx/core/domain/gateway/route.go:138.61,140.4 1 14
github.com/ElioNeto/vyx/core/domain/gateway/route.go:144.2,144.28 1 6
github.com/ElioNeto/vyx/core/domain/gateway/route.go:144.28,148.70 3 3
github.com/ElioNeto/vyx/core/domain/gateway/route.go:148.70,150.28 1 3
github.com/ElioNeto/vyx/core/domain/gateway/route.go:150.28,152.5 1 5
github.com/ElioNeto/vyx/core/domain/gateway/route.go:153.4,153.17 1 3
github.com/ElioNeto/vyx/core/domain/gateway/route.go:157.2,157.12 1 3
github.com/ElioNeto/vyx/core/domain/gateway/route.go:160.58,162.24 2 3
github.com/ElioNeto/vyx/core/domain/gateway/route.go:162.24,164.3 1 1
github.com/ElioNeto/vyx/core/domain/gateway/route.go:165.2,165.12 1 3
github.com/ElioNeto/vyx/core/domain/gateway/route.go:169.49,171.28 2 8
github.com/ElioNeto/vyx/core/domain/gateway/route.go:171.28,173.41 2 9
github.com/ElioNeto/vyx/core/domain/gateway/route.go:173.41,174.35 1 22
github.com/ElioNeto/vyx/core/domain/gateway/route.go:174.35,175.31 1 4
github.com/ElioNeto/vyx/core/domain/gateway/route.go:175.31,178.6 2 4
github.com/ElioNeto/vyx/core/domain/gateway/route.go:179.5,179.27 1 4
github.com/ElioNeto/vyx/core/domain/gateway/route.go:180.10,181.41 1 18
github.com/ElioNeto/vyx/core/domain/gateway/route.go:181.41,183.6 1 16
github.com/ElioNeto/vyx/core/domain/gateway/route.go:184.5,184.30 1 18
github.com/ElioNeto/vyx/core/domain/gateway/route.go:187.3,187.46 1 9
github.com/ElioNeto/vyx/core/domain/gateway/route.go:189.2,189.13 1 8
github.com/ElioNeto/vyx/core/cmd/vyx/cmd_dev.go:14.66,16.16 2 0
github.com/ElioNeto/vyx/core/cmd/vyx/cmd_dev.go:16.16,18.3 1 0
github.com/ElioNeto/vyx/core/cmd/vyx/cmd_dev.go:19.2,19.57 1 0
github.com/ElioNeto/vyx/core/cmd/vyx/cmd_dev.go:22.50,24.2 1 0
github.com/ElioNeto/vyx/core/cmd/vyx/cmd_dev.go:26.40,28.2 1 0
github.com/ElioNeto/vyx/core/cmd/vyx/main.go:52.13,53.22 1 0
github.com/ElioNeto/vyx/core/cmd/vyx/main.go:53.22,56.3 2 0
github.com/ElioNeto/vyx/core/cmd/vyx/main.go:58.2,62.16 3 0
github.com/ElioNeto/vyx/core/cmd/vyx/main.go:63.13,64.33 1 0
github.com/ElioNeto/vyx/core/cmd/vyx/main.go:64.33,65.20 1 0
github.com/ElioNeto/vyx/core/cmd/vyx/main.go:65.20,67.5 1 0
github.com/ElioNeto/vyx/core/cmd/vyx/main.go:71.2,71.16 1 0
github.com/ElioNeto/vyx/core/cmd/vyx/main.go:72.13,73.23 1 0
github.com/ElioNeto/vyx/core/cmd/vyx/main.go:73.23,75.4 1 0
github.com/ElioNeto/vyx/core/cmd/vyx/main.go:76.3,76.21 1 0
github.com/ElioNeto/vyx/core/cmd/vyx/main.go:77.13,78.27 1 0
github.com/ElioNeto/vyx/core/cmd/vyx/main.go:79.14,80.12 1 0
github.com/ElioNeto/vyx/core/cmd/vyx/main.go:81.15,82.26 1 0
github.com/ElioNeto/vyx/core/cmd/vyx/main.go:83.15,84.13 1 0
github.com/ElioNeto/vyx/core/cmd/vyx/main.go:85.18,86.16 1 0
github.com/ElioNeto/vyx/core/cmd/vyx/main.go:87.30,88.15 1 0
github.com/ElioNeto/vyx/core/cmd/vyx/main.go:89.10,92.13 3 0
github.com/ElioNeto/vyx/core/cmd/vyx/main.go:96.19,108.2 1 0
github.com/ElioNeto/vyx/core/cmd/vyx/main.go:112.26,113.48 1 0
github.com/ElioNeto/vyx/core/cmd/vyx/main.go:113.48,115.3 1 0
github.com/ElioNeto/vyx/core/cmd/vyx/main.go:117.2,132.16 6 0
github.com/ElioNeto/vyx/core/cmd/vyx/main.go:132.16,134.3 1 0
github.com/ElioNeto/vyx/core/cmd/vyx/main.go:135.2,135.85 1 0
github.com/ElioNeto/vyx/core/cmd/vyx/main.go:135.85,137.3 1 0
github.com/ElioNeto/vyx/core/cmd/vyx/main.go:139.2,139.53 1 0
github.com/ElioNeto/vyx/core/cmd/vyx/main.go:139.53,140.69 1 0
github.com/ElioNeto/vyx/core/cmd/vyx/main.go:140.69,142.4 1 0
github.com/ElioNeto/vyx/core/cmd/vyx/main.go:145.2,146.93 2 0
github.com/ElioNeto/vyx/core/cmd/vyx/main.go:146.93,148.3 1 0
github.com/ElioNeto/vyx/core/cmd/vyx/main.go:150.2,150.79 1 0
github.com/ElioNeto/vyx/core/cmd/vyx/main.go:155.17,160.46 4 0
github.com/ElioNeto/vyx/core/cmd/vyx/main.go:160.46,162.3 1 0
github.com/ElioNeto/vyx/core/cmd/vyx/main.go:163.2,163.49 1 0
github.com/ElioNeto/vyx/core/cmd/vyx/main.go:163.49,165.3 1 0
github.com/ElioNeto/vyx/core/cmd/vyx/main.go:167.2,168.18 2 0
github.com/ElioNeto/vyx/core/cmd/vyx/main.go:168.18,170.3 1 0
github.com/ElioNeto/vyx/core/cmd/vyx/main.go:172.2,172.61 1 0
github.com/ElioNeto/vyx/core/cmd/vyx/main.go:172.61,174.3 1 0
github.com/ElioNeto/vyx/core/cmd/vyx/main.go:175.2,175.58 1 0
github.com/ElioNeto/vyx/core/cmd/vyx/main.go:180.20,184.46 3 0
github.com/ElioNeto/vyx/core/cmd/vyx/main.go:184.46,186.3 1 0
github.com/ElioNeto/vyx/core/cmd/vyx/main.go:188.2,189.18 2 0
github.com/ElioNeto/vyx/core/cmd/vyx/main.go:189.18,191.3 1 0
github.com/ElioNeto/vyx/core/cmd/vyx/main.go:193.2,193.58 1 0
github.com/ElioNeto/vyx/core/cmd/vyx/main.go:193.58,195.3 1 0
github.com/ElioNeto/vyx/core/cmd/vyx/main.go:197.2,198.16 2 0
github.com/ElioNeto/vyx/core/cmd/vyx/main.go:198.16,200.3 1 0
github.com/ElioNeto/vyx/core/cmd/vyx/main.go:201.2,202.54 2 0
github.com/ElioNeto/vyx/core/cmd/vyx/main.go:202.54,204.3 1 0
github.com/ElioNeto/vyx/core/cmd/vyx/main.go:205.2,207.24 3 0
github.com/ElioNeto/vyx/core/cmd/vyx/main.go:211.56,216.17 2 0
github.com/ElioNeto/vyx/core/cmd/vyx/main.go:216.17,218.3 1 0
github.com/ElioNeto/vyx/core/cmd/vyx/main.go:219.2,219.17 1 0
github.com/ElioNeto/vyx/core/cmd/vyx/main.go:219.17,221.3 1 0
github.com/ElioNeto/vyx/core/cmd/vyx/main.go:223.2,227.34 4 0
github.com/ElioNeto/vyx/core/cmd/vyx/main.go:227.34,230.17 2 0
github.com/ElioNeto/vyx/core/cmd/vyx/main.go:230.17,231.43 1 0
github.com/ElioNeto/vyx/core/cmd/vyx/main.go:231.43,233.6 1 0
github.com/ElioNeto/vyx/core/cmd/vyx/main.go:234.5,234.17 1 0
github.com/ElioNeto/vyx/core/cmd/vyx/main.go:236.3,236.17 1 0
github.com/ElioNeto/vyx/core/cmd/vyx/main.go:236.17,238.4 1 0
github.com/ElioNeto/vyx/core/cmd/vyx/main.go:239.3,239.13 1 0
github.com/ElioNeto/vyx/core/cmd/vyx/main.go:241.2,241.12 1 0
github.com/ElioNeto/vyx/core/cmd/vyx/main.go:246.16,249.2 2 0
github.com/ElioNeto/vyx/core/cmd/vyx/main.go:255.74,264.13 8 0
github.com/ElioNeto/vyx/core/cmd/vyx/main.go:264.13,269.3 4 0
github.com/ElioNeto/vyx/core/cmd/vyx/main.go:269.8,272.3 2 0
github.com/ElioNeto/vyx/core/cmd/vyx/main.go:275.2,279.16 3 0
github.com/ElioNeto/vyx/core/cmd/vyx/main.go:279.16,283.3 3 0
github.com/ElioNeto/vyx/core/cmd/vyx/main.go:285.2,285.27 1 0
github.com/ElioNeto/vyx/core/cmd/vyx/main.go:294.54,296.50 2 0
github.com/ElioNeto/vyx/core/cmd/vyx/main.go:296.50,304.3 1 0
github.com/ElioNeto/vyx/core/cmd/vyx/main.go:304.8,305.25 1 0
github.com/ElioNeto/vyx/core/cmd/vyx/main.go:305.25,307.4 1 0
github.com/ElioNeto/vyx/core/cmd/vyx/main.go:309.2,310.20 2 0
github.com/ElioNeto/vyx/core/cmd/vyx/main.go:313.38,313.52 1 0
github.com/ElioNeto/vyx/core/cmd/vyx/main.go:337.3,341.16 3 0
github.com/ElioNeto/vyx/core/cmd/vyx/main.go:341.16,344.3 2 0
github.com/ElioNeto/vyx/core/cmd/vyx/main.go:345.2,345.15 1 0
github.com/ElioNeto/vyx/core/cmd/vyx/main.go:345.15,345.38 1 0
github.com/ElioNeto/vyx/core/cmd/vyx/main.go:347.2,349.77 2 0
github.com/ElioNeto/vyx/core/cmd/vyx/main.go:357.32,361.31 3 0
github.com/ElioNeto/vyx/core/cmd/vyx/main.go:361.31,363.21 2 0
github.com/ElioNeto/vyx/core/cmd/vyx/main.go:363.21,365.4 1 0
github.com/ElioNeto/vyx/core/cmd/vyx/main.go:366.3,366.32 1 0
github.com/ElioNeto/vyx/core/cmd/vyx/main.go:366.32,368.4 1 0
github.com/ElioNeto/vyx/core/cmd/vyx/main.go:369.3,370.17 2 0
github.com/ElioNeto/vyx/core/cmd/vyx/main.go:370.17,376.12 2 0
github.com/ElioNeto/vyx/core/cmd/vyx/main.go:379.3,380.20 2 0
github.com/ElioNeto/vyx/core/cmd/vyx/main.go:380.20,382.4 1 0
github.com/ElioNeto/vyx/core/cmd/vyx/main.go:384.3,385.33 2 0
github.com/ElioNeto/vyx/core/cmd/vyx/main.go:385.33,387.20 2 0
github.com/ElioNeto/vyx/core/cmd/vyx/main.go:387.20,389.5 1 0
github.com/ElioNeto/vyx/core/cmd/vyx/main.go:390.4,390.26 1 0
github.com/ElioNeto/vyx/core/cmd/vyx/main.go:393.3,393.35 1 0
github.com/ElioNeto/vyx/core/cmd/vyx/main.go:393.35,395.4 1 0
github.com/ElioNeto/vyx/core/cmd/vyx/main.go:395.9,398.43 3 0
github.com/ElioNeto/vyx/core/cmd/vyx/main.go:398.43,403.5 1 0
github.com/ElioNeto/vyx/core/cmd/vyx/main.go:403.10,405.5 1 0
github.com/ElioNeto/vyx/core/cmd/vyx/main.go:409.2,410.62 2 0
github.com/ElioNeto/vyx/core/cmd/vyx/main.go:410.62,415.3 1 0
github.com/ElioNeto/vyx/core/cmd/vyx/main.go:417.2,417.28 1 0
github.com/ElioNeto/vyx/core/cmd/vyx/main.go:433.3,439.6 4 0
github.com/ElioNeto/vyx/core/cmd/vyx/main.go:439.6,440.10 1 0
github.com/ElioNeto/vyx/core/cmd/vyx/main.go:441.21,443.10 2 0
github.com/ElioNeto/vyx/core/cmd/vyx/main.go:445.38,446.11 1 0
github.com/ElioNeto/vyx/core/cmd/vyx/main.go:446.11,448.5 1 0
github.com/ElioNeto/vyx/core/cmd/vyx/main.go:449.4,449.72 1 0
github.com/ElioNeto/vyx/core/cmd/vyx/main.go:451.36,452.11 1 0
github.com/ElioNeto/vyx/core/cmd/vyx/main.go:452.11,454.5 1 0
github.com/ElioNeto/vyx/core/cmd/vyx/main.go:455.4,455.58 1 0
github.com/ElioNeto/vyx/core/cmd/vyx/main.go:467.16,468.31 1 0
github.com/ElioNeto/vyx/core/cmd/vyx/main.go:468.31,472.36 3 0
github.com/ElioNeto/vyx/core/cmd/vyx/main.go:472.36,475.4 2 0
github.com/ElioNeto/vyx/core/cmd/vyx/main.go:477.3,478.40 2 0
github.com/ElioNeto/vyx/core/cmd/vyx/main.go:478.40,479.11 1 0
github.com/ElioNeto/vyx/core/cmd/vyx/main.go:480.20,481.11 1 0
github.com/ElioNeto/vyx/core/cmd/vyx/main.go:482.22,483.11 1 0
github.com/ElioNeto/vyx/core/cmd/vyx/main.go:484.12,484.12 0 0
github.com/ElioNeto/vyx/core/cmd/vyx/main.go:487.4,496.70 7 0
github.com/ElioNeto/vyx/core/cmd/vyx/main.go:496.70,501.5 1 0
github.com/ElioNeto/vyx/core/cmd/vyx/main.go:503.3,503.63 1 0
github.com/ElioNeto/vyx/core/cmd/vyx/main.go:513.3,514.68 1 0
github.com/ElioNeto/vyx/core/cmd/vyx/main.go:514.68,516.3 1 0
github.com/ElioNeto/vyx/core/cmd/vyx/main.go:518.2,520.26 2 0
github.com/ElioNeto/vyx/core/cmd/vyx/main.go:520.26,522.56 2 0
github.com/ElioNeto/vyx/core/cmd/vyx/main.go:522.56,524.4 1 0
github.com/ElioNeto/vyx/core/cmd/vyx/main.go:525.3,525.9 1 0
github.com/ElioNeto/vyx/core/cmd/vyx/main.go:528.2,528.31 1 0
github.com/ElioNeto/vyx/core/cmd/vyx/main.go:528.31,530.3 1 0
github.com/ElioNeto/vyx/core/cmd/vyx/main.go:532.2,532.32 1 0
github.com/ElioNeto/vyx/core/cmd/vyx/main.go:532.32,534.27 1 0
github.com/ElioNeto/vyx/core/cmd/vyx/main.go:534.27,535.40 1 0
github.com/ElioNeto/vyx/core/cmd/vyx/main.go:535.40,541.5 2 0
github.com/ElioNeto/vyx/core/cmd/vyx/main.go:542.4,542.9 1 0
github.com/ElioNeto/vyx/core/cmd/vyx/main.go:547.71,550.27 3 0
github.com/ElioNeto/vyx/core/cmd/vyx/main.go:550.27,553.3 2 0
github.com/ElioNeto/vyx/core/cmd/vyx/main.go:556.44,558.13 2 0
github.com/ElioNeto/vyx/core/cmd/vyx/main.go:558.13,560.3 1 0
github.com/ElioNeto/vyx/core/cmd/vyx/main.go:562.2,563.16 2 0
github.com/ElioNeto/vyx/core/cmd/vyx/main.go:563.16,565.3 1 0
github.com/ElioNeto/vyx/core/cmd/vyx/main.go:566.2,566.15 1 0
github.com/ElioNeto/vyx/core/cmd/vyx/main.go:566.15,566.33 1 0
github.com/ElioNeto/vyx/core/cmd/vyx/main.go:569.2,570.43 2 0
github.com/ElioNeto/vyx/core/cmd/vyx/main.go:570.43,572.3 1 0
github.com/ElioNeto/vyx/core/cmd/vyx/main.go:573.2,575.16 3 0
github.com/ElioNeto/vyx/core/cmd/vyx/main.go:575.16,577.3 1 0
github.com/ElioNeto/vyx/core/cmd/vyx/main.go:578.2,588.24 4 0
github.com/ElioNeto/vyx/core/cmd/vyx/main.go:588.24,590.3 1 0
github.com/ElioNeto/vyx/core/cmd/vyx/main.go:593.2,593.35 1 0
github.com/ElioNeto/vyx/core/cmd/vyx/main.go:593.35,595.3 1 0
github.com/ElioNeto/vyx/core/cmd/vyx/main.go:596.2,597.16 2 0
github.com/ElioNeto/vyx/core/cmd/vyx/main.go:597.16,601.3 2 0
github.com/ElioNeto/vyx/core/cmd/vyx/main.go:602.2,608.21 5 0
github.com/ElioNeto/vyx/core/cmd/vyx/main.go:608.21,610.3 1 0
github.com/ElioNeto/vyx/core/cmd/vyx/main.go:611.2,622.16 6 0
github.com/ElioNeto/vyx/core/cmd/vyx/main.go:622.16,624.3 1 0
github.com/ElioNeto/vyx/core/cmd/vyx/main.go:625.2,643.21 9 0
github.com/ElioNeto/vyx/core/cmd/vyx/main.go:643.21,646.3 1 0
github.com/ElioNeto/vyx/core/cmd/vyx/main.go:647.2,676.13 7 0
github.com/ElioNeto/vyx/core/cmd/vyx/main.go:676.13,678.3 1 0
github.com/ElioNeto/vyx/core/cmd/vyx/main.go:678.8,680.3 1 0
github.com/ElioNeto/vyx/core/cmd/vyx/main.go:681.2,690.13 5 0
github.com/ElioNeto/vyx/core/cmd/vyx/main.go:690.13,694.3 1 0
github.com/ElioNeto/vyx/core/cmd/vyx/main.go:694.8,698.3 1 0
github.com/ElioNeto/vyx/core/cmd/vyx/main.go:701.2,701.16 1 0
github.com/ElioNeto/vyx/core/cmd/vyx/main.go:701.16,702.13 1 0
github.com/ElioNeto/vyx/core/cmd/vyx/main.go:702.13,703.39 1 0
github.com/ElioNeto/vyx/core/cmd/vyx/main.go:703.39,705.5 1 0
github.com/ElioNeto/vyx/core/cmd/vyx/main.go:711.2,711.13 1 0
github.com/ElioNeto/vyx/core/cmd/vyx/main.go:711.13,713.3 1 0
github.com/ElioNeto/vyx/core/cmd/vyx/main.go:716.2,716.35 1 0
github.com/ElioNeto/vyx/core/cmd/vyx/main.go:716.35,718.20 2 0
github.com/ElioNeto/vyx/core/cmd/vyx/main.go:718.20,720.4 1 0
github.com/ElioNeto/vyx/core/cmd/vyx/main.go:721.3,721.33 1 0
github.com/ElioNeto/vyx/core/cmd/vyx/main.go:721.33,723.20 2 0
github.com/ElioNeto/vyx/core/cmd/vyx/main.go:723.20,725.5 1 0
github.com/ElioNeto/vyx/core/cmd/vyx/main.go:727.4,727.60 1 0
github.com/ElioNeto/vyx/core/cmd/vyx/main.go:727.60,730.13 2 0
github.com/ElioNeto/vyx/core/cmd/vyx/main.go:733.4,737.19 4 0
github.com/ElioNeto/vyx/core/cmd/vyx/main.go:737.19,740.5 1 0
github.com/ElioNeto/vyx/core/cmd/vyx/main.go:740.10,743.5 1 0
github.com/ElioNeto/vyx/core/cmd/vyx/main.go:745.5,747.32 3 0
github.com/ElioNeto/vyx/core/cmd/vyx/main.go:747.32,749.6 1 0
github.com/ElioNeto/vyx/core/cmd/vyx/main.go:755.4,756.49 2 0
github.com/ElioNeto/vyx/core/cmd/vyx/main.go:756.49,758.54 2 0
github.com/ElioNeto/vyx/core/cmd/vyx/main.go:758.54,760.6 1 0
github.com/ElioNeto/vyx/core/cmd/vyx/main.go:766.4,767.20 2 0
github.com/ElioNeto/vyx/core/cmd/vyx/main.go:767.20,769.5 1 0
github.com/ElioNeto/vyx/core/cmd/vyx/main.go:770.4,779.18 2 0
github.com/ElioNeto/vyx/core/cmd/vyx/main.go:779.18,785.27 2 0
github.com/ElioNeto/vyx/core/cmd/vyx/main.go:785.27,787.6 1 0
github.com/ElioNeto/vyx/core/cmd/vyx/main.go:788.5,788.13 1 0
github.com/ElioNeto/vyx/core/cmd/vyx/main.go:790.4,804.27 4 0
github.com/ElioNeto/vyx/core/cmd/vyx/main.go:804.27,806.6 1 0
github.com/ElioNeto/vyx/core/cmd/vyx/main.go:807.5,807.21 1 0
github.com/ElioNeto/vyx/core/cmd/vyx/main.go:807.21,813.14 3 0
github.com/ElioNeto/vyx/core/cmd/vyx/main.go:816.5,816.36 1 0
github.com/ElioNeto/vyx/core/cmd/vyx/main.go:821.2,826.12 5 0
github.com/ElioNeto/vyx/core/cmd/vyx/main.go:826.12,828.30 2 0
github.com/ElioNeto/vyx/core/cmd/vyx/main.go:828.30,830.4 1 0
github.com/ElioNeto/vyx/core/cmd/vyx/main.go:830.9,832.4 1 0
github.com/ElioNeto/vyx/core/cmd/vyx/main.go:833.3,833.63 1 0
github.com/ElioNeto/vyx/core/cmd/vyx/main.go:833.63,835.4 1 0
github.com/ElioNeto/vyx/core/cmd/vyx/main.go:838.2,844.57 5 0
github.com/ElioNeto/vyx/core/cmd/vyx/main.go:844.57,846.3 1 0
github.com/ElioNeto/vyx/core/cmd/vyx/main.go:847.2,847.42 1 0
github.com/ElioNeto/vyx/core/cmd/vyx/main.go:847.42,849.3 1 0
github.com/ElioNeto/vyx/core/cmd/vyx/main.go:850.2,850.53 1 0
github.com/ElioNeto/vyx/core/cmd/vyx/main.go:850.53,853.3 2 0
github.com/ElioNeto/vyx/core/cmd/vyx/main.go:854.2,854.38 1 0
github.com/ElioNeto/vyx/core/cmd/vyx/main.go:858.37,860.13 2 0
github.com/ElioNeto/vyx/core/cmd/vyx/main.go:861.35,862.14 1 0
github.com/ElioNeto/vyx/core/cmd/vyx/main.go:863.10,864.15 1 0
github.com/ElioNeto/vyx/core/cmd/vyx/main.go:870.41,873.43 3 0
github.com/ElioNeto/vyx/core/cmd/vyx/main.go:873.43,875.3 1 0
github.com/ElioNeto/vyx/core/cmd/vyx/main.go:876.2,878.16 3 0
github.com/ElioNeto/vyx/core/cmd/vyx/main.go:878.16,880.3 1 0
github.com/ElioNeto/vyx/core/cmd/vyx/main.go:881.2,881.12 1 0
github.com/ElioNeto/vyx/core/cmd/vyx/main.go:884.41,886.2 1 0
github.com/ElioNeto/vyx/core/cmd/vyx/main.go:895.40,897.25 1 0
github.com/ElioNeto/vyx/core/cmd/vyx/main.go:897.25,899.3 1 0
github.com/ElioNeto/vyx/core/cmd/vyx/main.go:902.2,902.47 1 0
github.com/ElioNeto/vyx/core/cmd/vyx/main.go:902.47,903.49 1 0
github.com/ElioNeto/vyx/core/cmd/vyx/main.go:903.49,905.4 1 0
github.com/ElioNeto/vyx/core/cmd/vyx/main.go:909.2,909.12 1 0
github.com/ElioNeto/vyx/core/cmd/vyx/main.go:917.106,919.6 2 0
github.com/ElioNeto/vyx/core/cmd/vyx/main.go:919.6,921.17 2 0
github.com/ElioNeto/vyx/core/cmd/vyx/main.go:921.17,923.4 1 0
github.com/ElioNeto/vyx/core/cmd/vyx/main.go:924.3,924.23 1 0
github.com/ElioNeto/vyx/core/cmd/vyx/main.go:924.23,926.4 1 0
github.com/ElioNeto/vyx/core/cmd/vyx/main.go:928.3,932.10 2 0
github.com/ElioNeto/vyx/core/cmd/vyx/main.go:933.21,934.81 1 0
github.com/ElioNeto/vyx/core/cmd/vyx/main.go:935.36,935.36 0 0
github.com/ElioNeto/vyx/core/cmd/vyx/main.go:940.41,943.2 2 0
github.com/ElioNeto/vyx/core/cmd/vyx/main.go:947.60,948.44 1 0
github.com/ElioNeto/vyx/core/cmd/vyx/main.go:948.44,950.25 2 0
github.com/ElioNeto/vyx/core/cmd/vyx/main.go:950.25,952.4 1 0
github.com/ElioNeto/vyx/core/cmd/vyx/main.go:953.3,953.18 1 0
github.com/ElioNeto/vyx/core/cmd/vyx/platform_unix.go:11.23,11.39 1 0
github.com/ElioNeto/vyx/core/cmd/vyx/platform_unix.go:14.56,16.2 1 0
github.com/ElioNeto/vyx/core/domain/circuit/breaker.go:16.32,17.11 1 4
github.com/ElioNeto/vyx/core/domain/circuit/breaker.go:18.19,19.18 1 1
github.com/ElioNeto/vyx/core/domain/circuit/breaker.go:20.17,21.16 1 1
github.com/ElioNeto/vyx/core/domain/circuit/breaker.go:22.21,23.21 1 1
github.com/ElioNeto/vyx/core/domain/circuit/breaker.go:24.10,25.19 1 1
github.com/ElioNeto/vyx/core/domain/circuit/breaker.go:55.64,56.23 1 15
github.com/ElioNeto/vyx/core/domain/circuit/breaker.go:56.23,58.3 1 1
github.com/ElioNeto/vyx/core/domain/circuit/breaker.go:59.2,59.23 1 15
github.com/ElioNeto/vyx/core/domain/circuit/breaker.go:59.23,61.3 1 5
github.com/ElioNeto/vyx/core/domain/circuit/breaker.go:62.2,62.26 1 15
github.com/ElioNeto/vyx/core/domain/circuit/breaker.go:62.26,64.3 1 13
github.com/ElioNeto/vyx/core/domain/circuit/breaker.go:65.2,69.3 1 15
github.com/ElioNeto/vyx/core/domain/circuit/breaker.go:72.35,76.17 3 2
github.com/ElioNeto/vyx/core/domain/circuit/breaker.go:77.21,81.41 4 1
github.com/ElioNeto/vyx/core/domain/circuit/breaker.go:82.19,83.21 1 1
github.com/ElioNeto/vyx/core/domain/circuit/breaker.go:83.21,85.4 1 1
github.com/ElioNeto/vyx/core/domain/circuit/breaker.go:86.17,86.17 0 0
github.com/ElioNeto/vyx/core/domain/circuit/breaker.go:90.35,97.17 5 18
github.com/ElioNeto/vyx/core/domain/circuit/breaker.go:98.19,99.38 1 17
github.com/ElioNeto/vyx/core/domain/circuit/breaker.go:99.38,103.4 3 7
github.com/ElioNeto/vyx/core/domain/circuit/breaker.go:104.21,107.46 3 1
github.com/ElioNeto/vyx/core/domain/circuit/breaker.go:108.17,108.17 0 0
github.com/ElioNeto/vyx/core/domain/circuit/breaker.go:112.32,116.17 3 7
github.com/ElioNeto/vyx/core/domain/circuit/breaker.go:117.19,118.14 1 1
github.com/ElioNeto/vyx/core/domain/circuit/breaker.go:119.17,120.50 1 6
github.com/ElioNeto/vyx/core/domain/circuit/breaker.go:120.50,125.4 4 4
github.com/ElioNeto/vyx/core/domain/circuit/breaker.go:126.3,126.15 1 2
github.com/ElioNeto/vyx/core/domain/circuit/breaker.go:127.21,130.46 1 0
github.com/ElioNeto/vyx/core/domain/circuit/breaker.go:130.46,133.4 2 0
github.com/ElioNeto/vyx/core/domain/circuit/breaker.go:134.3,134.15 1 0
github.com/ElioNeto/vyx/core/domain/circuit/breaker.go:136.2,136.14 1 0
github.com/ElioNeto/vyx/core/domain/circuit/breaker.go:139.33,143.2 3 6
github.com/ElioNeto/vyx/core/domain/circuit/breaker.go:145.34,149.2 3 2
github.com/ElioNeto/vyx/core/domain/circuit/breaker.go:151.78,155.2 3 1
github.com/ElioNeto/vyx/core/domain/circuit/breaker.go:157.49,158.28 1 13
github.com/ElioNeto/vyx/core/domain/circuit/breaker.go:158.28,165.3 1 2
github.com/ElioNeto/vyx/core/domain/circuit/breaker.go:175.63,181.2 1 3
github.com/ElioNeto/vyx/core/domain/circuit/breaker.go:183.49,188.8 4 5
github.com/ElioNeto/vyx/core/domain/circuit/breaker.go:188.8,190.3 1 1
github.com/ElioNeto/vyx/core/domain/circuit/breaker.go:192.2,195.37 3 4
github.com/ElioNeto/vyx/core/domain/circuit/breaker.go:195.37,197.3 1 0
github.com/ElioNeto/vyx/core/domain/circuit/breaker.go:199.2,201.10 3 4
github.com/ElioNeto/vyx/core/domain/circuit/breaker.go:204.43,208.2 3 1
github.com/ElioNeto/vyx/core/domain/circuit/breaker.go:210.32,214.2 3 1
github.com/ElioNeto/vyx/core/domain/ipc/message.go:30.38,31.11 1 9
github.com/ElioNeto/vyx/core/domain/ipc/message.go:32.19,33.19 1 1
github.com/ElioNeto/vyx/core/domain/ipc/message.go:34.20,35.20 1 1
github.com/ElioNeto/vyx/core/domain/ipc/message.go:36.21,37.21 1 1
github.com/ElioNeto/vyx/core/domain/ipc/message.go:38.17,39.17 1 1
github.com/ElioNeto/vyx/core/domain/ipc/message.go:40.21,41.21 1 1
github.com/ElioNeto/vyx/core/domain/ipc/message.go:42.18,43.19 1 1
github.com/ElioNeto/vyx/core/domain/ipc/message.go:44.21,45.22 1 1
github.com/ElioNeto/vyx/core/domain/ipc/message.go:46.19,47.20 1 1
github.com/ElioNeto/vyx/core/domain/ipc/message.go:48.10,49.49 1 1
github.com/ElioNeto/vyx/core/domain/worker/worker.go:37.33,39.2 1 3
github.com/ElioNeto/vyx/core/domain/log/entry.go:20.30,22.2 1 1
github.com/ElioNeto/vyx/core/domain/log/entry.go:27.53,29.90 2 3
github.com/ElioNeto/vyx/core/domain/log/entry.go:29.90,31.3 1 2
github.com/ElioNeto/vyx/core/domain/log/entry.go:34.2,39.3 1 1
github.com/ElioNeto/vyx/core/domain/log/source.go:16.42,17.9 1 5
github.com/ElioNeto/vyx/core/domain/log/source.go:18.22,19.20 1 1
github.com/ElioNeto/vyx/core/domain/log/source.go:20.53,21.20 1 1
github.com/ElioNeto/vyx/core/domain/log/source.go:22.51,23.18 1 1
github.com/ElioNeto/vyx/core/domain/log/source.go:24.55,25.22 1 1
github.com/ElioNeto/vyx/core/domain/log/source.go:26.10,27.18 1 1
github.com/ElioNeto/vyx/core/domain/log/source.go:32.45,33.21 1 4
github.com/ElioNeto/vyx/core/domain/log/source.go:33.21,35.3 1 1
github.com/ElioNeto/vyx/core/domain/log/source.go:36.2,36.17 1 3
github.com/ElioNeto/vyx/core/infrastructure/config/loader.go:38.54,40.2 1 7
github.com/ElioNeto/vyx/core/infrastructure/config/loader.go:44.70,47.2 2 0
github.com/ElioNeto/vyx/core/infrastructure/config/loader.go:52.52,54.16 2 8
github.com/ElioNeto/vyx/core/infrastructure/config/loader.go:54.16,56.3 1 1
github.com/ElioNeto/vyx/core/infrastructure/config/loader.go:58.2,59.51 2 7
github.com/ElioNeto/vyx/core/infrastructure/config/loader.go:59.51,61.3 1 0
github.com/ElioNeto/vyx/core/infrastructure/config/loader.go:63.2,63.39 1 7
github.com/ElioNeto/vyx/core/infrastructure/config/loader.go:63.39,65.3 1 3
github.com/ElioNeto/vyx/core/infrastructure/config/loader.go:67.2,67.18 1 4
github.com/ElioNeto/vyx/core/infrastructure/config/loader.go:72.47,74.16 2 0
github.com/ElioNeto/vyx/core/infrastructure/config/loader.go:74.16,75.13 1 0
github.com/ElioNeto/vyx/core/infrastructure/config/loader.go:77.2,77.12 1 0
github.com/ElioNeto/vyx/core/infrastructure/config/loader.go:81.46,85.2 3 2
github.com/ElioNeto/vyx/core/infrastructure/config/loader.go:89.51,94.6 4 1
github.com/ElioNeto/vyx/core/infrastructure/config/loader.go:94.6,95.10 1 2
github.com/ElioNeto/vyx/core/infrastructure/config/loader.go:96.21,97.10 1 0
github.com/ElioNeto/vyx/core/infrastructure/config/loader.go:98.13,99.17 1 1
github.com/ElioNeto/vyx/core/infrastructure/config/loader.go:105.30,109.16 3 1
github.com/ElioNeto/vyx/core/infrastructure/config/loader.go:109.16,111.3 1 0
github.com/ElioNeto/vyx/core/infrastructure/config/loader.go:111.8,116.3 4 1
github.com/ElioNeto/vyx/core/infrastructure/config/loader.go:119.2,119.47 1 1
github.com/ElioNeto/vyx/core/infrastructure/config/loader.go:119.47,121.3 1 0
github.com/ElioNeto/vyx/core/infrastructure/config/loader.go:125.35,129.16 3 0
github.com/ElioNeto/vyx/core/infrastructure/config/loader.go:129.16,135.3 2 0
github.com/ElioNeto/vyx/core/infrastructure/config/loader.go:137.2,140.55 2 0
github.com/ElioNeto/vyx/core/infrastructure/config/loader.go:140.55,146.3 2 0
github.com/ElioNeto/vyx/core/infrastructure/config/loader.go:149.2,153.3 2 0
github.com/ElioNeto/vyx/core/infrastructure/config/loader_exported.go:7.52,11.2 3 1
github.com/ElioNeto/vyx/core/infrastructure/ipc/codec/msgpack.go:11.52,13.2 1 2
github.com/ElioNeto/vyx/core/infrastructure/ipc/codec/msgpack.go:16.57,18.2 1 2
github.com/ElioNeto/vyx/core/infrastructure/ipc/framing/framing.go:25.48,39.2 9 8
github.com/ElioNeto/vyx/core/infrastructure/ipc/framing/framing.go:43.45,45.50 2 12
github.com/ElioNeto/vyx/core/infrastructure/ipc/framing/framing.go:45.50,47.3 1 1
github.com/ElioNeto/vyx/core/infrastructure/ipc/framing/framing.go:49.2,52.46 3 11
github.com/ElioNeto/vyx/core/infrastructure/ipc/framing/framing.go:52.46,54.3 1 1
github.com/ElioNeto/vyx/core/infrastructure/ipc/framing/framing.go:56.2,56.53 1 10
github.com/ElioNeto/vyx/core/infrastructure/ipc/framing/framing.go:56.53,58.3 1 1
github.com/ElioNeto/vyx/core/infrastructure/ipc/framing/framing.go:60.2,61.20 2 9
github.com/ElioNeto/vyx/core/infrastructure/ipc/framing/framing.go:61.20,62.52 1 7
github.com/ElioNeto/vyx/core/infrastructure/ipc/framing/framing.go:62.52,64.4 1 1
github.com/ElioNeto/vyx/core/infrastructure/ipc/framing/framing.go:67.2,67.58 1 8
github.com/ElioNeto/vyx/core/infrastructure/ipc/framing/framing.go:70.44,71.11 1 11
github.com/ElioNeto/vyx/core/infrastructure/ipc/framing/framing.go:79.19,80.13 1 10
github.com/ElioNeto/vyx/core/infrastructure/ipc/framing/framing.go:82.2,82.34 1 1
github.com/ElioNeto/vyx/core/infrastructure/logger/event_publisher.go:19.43,21.2 1 0
github.com/ElioNeto/vyx/core/infrastructure/logger/event_publisher.go:24.73,32.2 1 0
github.com/ElioNeto/vyx/core/infrastructure/gateway/jwt.go:19.51,21.2 1 0
github.com/ElioNeto/vyx/core/infrastructure/gateway/jwt.go:24.71,31.92 2 0
github.com/ElioNeto/vyx/core/infrastructure/gateway/jwt.go:31.92,32.54 1 0
github.com/ElioNeto/vyx/core/infrastructure/gateway/jwt.go:32.54,34.4 1 0
github.com/ElioNeto/vyx/core/infrastructure/gateway/jwt.go:35.3,35.23 1 0
github.com/ElioNeto/vyx/core/infrastructure/gateway/jwt.go:37.2,37.16 1 0
github.com/ElioNeto/vyx/core/infrastructure/gateway/jwt.go:37.16,39.3 1 0
github.com/ElioNeto/vyx/core/infrastructure/gateway/jwt.go:41.2,42.25 2 0
github.com/ElioNeto/vyx/core/infrastructure/gateway/jwt.go:42.25,44.3 1 0
github.com/ElioNeto/vyx/core/infrastructure/gateway/jwt.go:46.2,49.8 1 0
github.com/ElioNeto/vyx/core/infrastructure/gateway/schema.go:28.61,33.2 1 0
github.com/ElioNeto/vyx/core/infrastructure/gateway/schema.go:37.42,38.24 1 0
github.com/ElioNeto/vyx/core/infrastructure/gateway/schema.go:38.24,40.3 1 0
github.com/ElioNeto/vyx/core/infrastructure/gateway/schema.go:41.2,42.16 2 0
github.com/ElioNeto/vyx/core/infrastructure/gateway/schema.go:42.16,43.25 1 0
github.com/ElioNeto/vyx/core/infrastructure/gateway/schema.go:43.25,45.4 1 0
github.com/ElioNeto/vyx/core/infrastructure/gateway/schema.go:46.3,46.74 1 0
github.com/ElioNeto/vyx/core/infrastructure/gateway/schema.go:49.2,50.28 2 0
github.com/ElioNeto/vyx/core/infrastructure/gateway/schema.go:50.28,51.57 1 0
github.com/ElioNeto/vyx/core/infrastructure/gateway/schema.go:51.57,52.12 1 0
github.com/ElioNeto/vyx/core/infrastructure/gateway/schema.go:54.3,55.44 2 0
github.com/ElioNeto/vyx/core/infrastructure/gateway/schema.go:55.44,57.4 1 0
github.com/ElioNeto/vyx/core/infrastructure/gateway/schema.go:60.2,60.19 1 0
github.com/ElioNeto/vyx/core/infrastructure/gateway/schema.go:60.19,62.3 1 0
github.com/ElioNeto/vyx/core/infrastructure/gateway/schema.go:63.2,63.12 1 0
github.com/ElioNeto/vyx/core/infrastructure/gateway/schema.go:67.45,71.2 3 0
github.com/ElioNeto/vyx/core/infrastructure/gateway/schema.go:74.74,76.16 2 0
github.com/ElioNeto/vyx/core/infrastructure/gateway/schema.go:76.16,78.3 1 0
github.com/ElioNeto/vyx/core/infrastructure/gateway/schema.go:80.2,81.52 2 0
github.com/ElioNeto/vyx/core/infrastructure/gateway/schema.go:81.52,83.3 1 0
github.com/ElioNeto/vyx/core/infrastructure/gateway/schema.go:85.2,85.46 1 0
github.com/ElioNeto/vyx/core/infrastructure/gateway/schema.go:85.46,87.3 1 0
github.com/ElioNeto/vyx/core/infrastructure/gateway/schema.go:88.2,88.12 1 0
github.com/ElioNeto/vyx/core/infrastructure/gateway/schema.go:92.78,96.8 4 0
github.com/ElioNeto/vyx/core/infrastructure/gateway/schema.go:96.8,98.3 1 0
github.com/ElioNeto/vyx/core/infrastructure/gateway/schema.go:99.2,99.24 1 0
github.com/ElioNeto/vyx/core/infrastructure/gateway/schema.go:103.76,105.41 2 0
github.com/ElioNeto/vyx/core/infrastructure/gateway/schema.go:105.41,107.3 1 0
github.com/ElioNeto/vyx/core/infrastructure/gateway/schema.go:109.2,111.16 3 0
github.com/ElioNeto/vyx/core/infrastructure/gateway/schema.go:111.16,113.3 1 0
github.com/ElioNeto/vyx/core/infrastructure/gateway/schema.go:115.2,118.15 4 0
github.com/ElioNeto/vyx/core/infrastructure/gateway/schema.go:123.56,127.46 3 0
github.com/ElioNeto/vyx/core/infrastructure/gateway/schema.go:127.46,128.38 1 0
github.com/ElioNeto/vyx/core/infrastructure/gateway/schema.go:128.38,133.4 1 0
github.com/ElioNeto/vyx/core/infrastructure/gateway/schema.go:134.3,134.27 1 0
github.com/ElioNeto/vyx/core/infrastructure/gateway/schema.go:134.27,139.4 1 0
github.com/ElioNeto/vyx/core/infrastructure/gateway/schema.go:140.8,142.3 1 0
github.com/ElioNeto/vyx/core/infrastructure/gateway/schema.go:144.2,144.11 1 0
github.com/ElioNeto/vyx/core/infrastructure/gateway/schema.go:148.77,149.52 1 0
github.com/ElioNeto/vyx/core/infrastructure/gateway/schema.go:149.52,152.3 2 0
github.com/ElioNeto/vyx/core/infrastructure/gateway/schema.go:153.2,153.14 1 0
github.com/ElioNeto/vyx/core/infrastructure/gateway/server.go:48.29,56.2 1 4
github.com/ElioNeto/vyx/core/infrastructure/gateway/server.go:59.25,63.2 3 0
github.com/ElioNeto/vyx/core/infrastructure/gateway/server.go:71.11,96.45 7 4
github.com/ElioNeto/vyx/core/infrastructure/gateway/server.go:96.45,99.3 2 0
github.com/ElioNeto/vyx/core/infrastructure/gateway/server.go:101.2,110.27 2 4
github.com/ElioNeto/vyx/core/infrastructure/gateway/server.go:110.27,111.78 1 0
github.com/ElioNeto/vyx/core/infrastructure/gateway/server.go:111.78,113.4 1 0
github.com/ElioNeto/vyx/core/infrastructure/gateway/server.go:114.3,117.4 1 0
github.com/ElioNeto/vyx/core/infrastructure/gateway/server.go:120.2,120.10 1 4
github.com/ElioNeto/vyx/core/infrastructure/gateway/server.go:124.41,127.2 2 0
github.com/ElioNeto/vyx/core/infrastructure/gateway/server.go:130.68,133.2 2 0
github.com/ElioNeto/vyx/core/infrastructure/gateway/server.go:136.54,138.2 1 0
github.com/ElioNeto/vyx/core/infrastructure/gateway/server.go:141.32,143.2 1 0
github.com/ElioNeto/vyx/core/infrastructure/gateway/server.go:146.65,147.27 1 4
github.com/ElioNeto/vyx/core/infrastructure/gateway/server.go:147.27,150.3 2 0
github.com/ElioNeto/vyx/core/infrastructure/gateway/server.go:152.2,152.29 1 4
github.com/ElioNeto/vyx/core/infrastructure/gateway/server.go:152.29,154.3 1 0
github.com/ElioNeto/vyx/core/infrastructure/gateway/server.go:156.2,157.16 2 4
github.com/ElioNeto/vyx/core/infrastructure/gateway/server.go:157.16,159.3 1 0
github.com/ElioNeto/vyx/core/infrastructure/gateway/server.go:161.2,163.16 3 4
github.com/ElioNeto/vyx/core/infrastructure/gateway/server.go:163.16,166.3 2 1
github.com/ElioNeto/vyx/core/infrastructure/gateway/server.go:168.2,168.26 1 3
github.com/ElioNeto/vyx/core/infrastructure/gateway/server.go:171.78,172.42 1 4
github.com/ElioNeto/vyx/core/infrastructure/gateway/server.go:172.42,175.3 2 0
github.com/ElioNeto/vyx/core/infrastructure/gateway/server.go:176.2,176.62 1 4
github.com/ElioNeto/vyx/core/infrastructure/gateway/server.go:176.62,179.3 2 0
github.com/ElioNeto/vyx/core/infrastructure/gateway/server.go:180.2,180.13 1 4
github.com/ElioNeto/vyx/core/infrastructure/gateway/server.go:183.83,186.16 3 4
github.com/ElioNeto/vyx/core/infrastructure/gateway/server.go:186.16,189.3 2 0
github.com/ElioNeto/vyx/core/infrastructure/gateway/server.go:190.2,190.18 1 4
github.com/ElioNeto/vyx/core/infrastructure/gateway/server.go:193.88,195.30 2 4
github.com/ElioNeto/vyx/core/infrastructure/gateway/server.go:195.30,196.18 1 3
github.com/ElioNeto/vyx/core/infrastructure/gateway/server.go:196.18,198.4 1 3
github.com/ElioNeto/vyx/core/infrastructure/gateway/server.go:201.2,202.35 2 4
github.com/ElioNeto/vyx/core/infrastructure/gateway/server.go:202.35,203.18 1 0
github.com/ElioNeto/vyx/core/infrastructure/gateway/server.go:203.18,205.4 1 0
github.com/ElioNeto/vyx/core/infrastructure/gateway/server.go:208.2,214.3 1 4
github.com/ElioNeto/vyx/core/infrastructure/gateway/server.go:217.89,218.60 1 1
github.com/ElioNeto/vyx/core/infrastructure/gateway/server.go:218.60,220.3 1 1
github.com/ElioNeto/vyx/core/infrastructure/gateway/server.go:221.2,221.22 1 1
github.com/ElioNeto/vyx/core/infrastructure/gateway/server.go:224.82,225.43 1 3
github.com/ElioNeto/vyx/core/infrastructure/gateway/server.go:225.43,227.3 1 18
github.com/ElioNeto/vyx/core/infrastructure/gateway/server.go:228.2,228.33 1 3
github.com/ElioNeto/vyx/core/infrastructure/gateway/server.go:228.33,230.3 1 0
github.com/ElioNeto/vyx/core/infrastructure/gateway/server.go:231.2,232.30 2 3
github.com/ElioNeto/vyx/core/infrastructure/gateway/server.go:232.30,234.3 1 3
github.com/ElioNeto/vyx/core/infrastructure/gateway/server.go:235.2,236.27 2 3
github.com/ElioNeto/vyx/core/infrastructure/gateway/server.go:239.63,240.43 1 1
github.com/ElioNeto/vyx/core/infrastructure/gateway/server.go:240.43,242.3 1 6
github.com/ElioNeto/vyx/core/infrastructure/gateway/server.go:243.2,246.9 3 1
github.com/ElioNeto/vyx/core/infrastructure/gateway/server.go:247.44,248.29 1 1
github.com/ElioNeto/vyx/core/infrastructure/gateway/server.go:249.43,250.33 1 0
github.com/ElioNeto/vyx/core/infrastructure/gateway/server.go:251.40,252.30 1 0
github.com/ElioNeto/vyx/core/infrastructure/gateway/server.go:253.47,256.26 3 0
github.com/ElioNeto/vyx/core/infrastructure/gateway/server.go:256.26,261.4 4 0
github.com/ElioNeto/vyx/core/infrastructure/gateway/server.go:262.46,263.42 1 0
github.com/ElioNeto/vyx/core/infrastructure/gateway/server.go:264.46,265.35 1 0
github.com/ElioNeto/vyx/core/infrastructure/gateway/server.go:268.2,270.70 3 1
github.com/ElioNeto/vyx/core/infrastructure/gateway/websocket.go:44.12,52.2 1 4
github.com/ElioNeto/vyx/core/infrastructure/gateway/websocket.go:55.47,57.2 1 4
github.com/ElioNeto/vyx/core/infrastructure/gateway/websocket.go:60.69,63.9 2 0
github.com/ElioNeto/vyx/core/infrastructure/gateway/websocket.go:63.9,66.3 2 0
github.com/ElioNeto/vyx/core/infrastructure/gateway/websocket.go:67.2,71.30 3 0
github.com/ElioNeto/vyx/core/infrastructure/gateway/websocket.go:71.30,73.64 2 0
github.com/ElioNeto/vyx/core/infrastructure/gateway/websocket.go:73.64,75.4 1 0
github.com/ElioNeto/vyx/core/infrastructure/gateway/websocket.go:76.3,77.17 2 0
github.com/ElioNeto/vyx/core/infrastructure/gateway/websocket.go:77.17,80.4 2 0
github.com/ElioNeto/vyx/core/infrastructure/gateway/websocket.go:81.3,81.43 1 0
github.com/ElioNeto/vyx/core/infrastructure/gateway/websocket.go:81.43,84.4 2 0
github.com/ElioNeto/vyx/core/infrastructure/gateway/websocket.go:85.3,85.13 1 0
github.com/ElioNeto/vyx/core/infrastructure/gateway/websocket.go:89.2,89.47 1 0
github.com/ElioNeto/vyx/core/infrastructure/gateway/websocket.go:89.47,91.3 1 0
github.com/ElioNeto/vyx/core/infrastructure/gateway/websocket.go:100.3,104.83 3 0
github.com/ElioNeto/vyx/core/infrastructure/gateway/websocket.go:104.83,106.3 1 0
github.com/ElioNeto/vyx/core/infrastructure/gateway/websocket.go:108.2,113.9 4 0
github.com/ElioNeto/vyx/core/infrastructure/gateway/websocket.go:114.20,114.20 0 0
github.com/ElioNeto/vyx/core/infrastructure/gateway/websocket.go:115.15,115.15 0 0
github.com/ElioNeto/vyx/core/infrastructure/gateway/websocket.go:119.140,130.17 3 0
github.com/ElioNeto/vyx/core/infrastructure/gateway/websocket.go:130.17,137.3 2 0
github.com/ElioNeto/vyx/core/infrastructure/gateway/websocket.go:139.2,144.12 2 0
github.com/ElioNeto/vyx/core/infrastructure/gateway/websocket.go:147.80,149.43 2 0
github.com/ElioNeto/vyx/core/infrastructure/gateway/websocket.go:149.43,150.18 1 0
github.com/ElioNeto/vyx/core/infrastructure/gateway/websocket.go:150.18,152.4 1 0
github.com/ElioNeto/vyx/core/infrastructure/gateway/websocket.go:154.2,154.16 1 0
github.com/ElioNeto/vyx/core/infrastructure/gateway/websocket.go:157.129,158.6 1 0
github.com/ElioNeto/vyx/core/infrastructure/gateway/websocket.go:158.6,160.64 2 0
github.com/ElioNeto/vyx/core/infrastructure/gateway/websocket.go:160.64,161.21 1 0
github.com/ElioNeto/vyx/core/infrastructure/gateway/websocket.go:161.21,164.5 1 0
github.com/ElioNeto/vyx/core/infrastructure/gateway/websocket.go:165.4,166.10 2 0
github.com/ElioNeto/vyx/core/infrastructure/gateway/websocket.go:168.3,176.18 2 0
github.com/ElioNeto/vyx/core/infrastructure/gateway/websocket.go:176.18,179.4 2 0
github.com/ElioNeto/vyx/core/infrastructure/gateway/websocket.go:183.129,184.6 1 0
github.com/ElioNeto/vyx/core/infrastructure/gateway/websocket.go:184.6,186.17 2 0
github.com/ElioNeto/vyx/core/infrastructure/gateway/websocket.go:186.17,189.4 2 0
github.com/ElioNeto/vyx/core/infrastructure/gateway/websocket.go:190.3,190.36 1 0
github.com/ElioNeto/vyx/core/infrastructure/gateway/websocket.go:190.36,191.12 1 0
github.com/ElioNeto/vyx/core/infrastructure/gateway/websocket.go:193.3,194.66 2 0
github.com/ElioNeto/vyx/core/infrastructure/gateway/websocket.go:194.66,195.12 1 0
github.com/ElioNeto/vyx/core/infrastructure/gateway/websocket.go:197.3,197.40 1 0
github.com/ElioNeto/vyx/core/infrastructure/gateway/websocket.go:197.40,198.12 1 0
github.com/ElioNeto/vyx/core/infrastructure/gateway/websocket.go:200.3,200.71 1 0
github.com/ElioNeto/vyx/core/infrastructure/gateway/websocket.go:200.71,203.4 2 0
github.com/ElioNeto/vyx/core/infrastructure/gateway/websocket.go:207.53,209.32 2 0
github.com/ElioNeto/vyx/core/infrastructure/gateway/websocket.go:209.32,211.3 1 0
github.com/ElioNeto/vyx/core/infrastructure/gateway/websocket.go:212.2,212.29 1 0
github.com/ElioNeto/vyx/core/infrastructure/gateway/websocket.go:212.29,213.26 1 0
github.com/ElioNeto/vyx/core/infrastructure/gateway/websocket.go:213.26,215.4 1 0
github.com/ElioNeto/vyx/core/infrastructure/gateway/websocket.go:217.2,217.14 1 0
github.com/ElioNeto/vyx/core/infrastructure/log/multiplexer.go:31.40,33.42 2 4
github.com/ElioNeto/vyx/core/infrastructure/log/multiplexer.go:33.42,35.3 1 2
github.com/ElioNeto/vyx/core/infrastructure/log/multiplexer.go:36.2,40.3 1 4
github.com/ElioNeto/vyx/core/infrastructure/log/multiplexer.go:44.45,48.22 4 9
github.com/ElioNeto/vyx/core/infrastructure/log/multiplexer.go:48.22,50.3 1 7
github.com/ElioNeto/vyx/core/infrastructure/log/multiplexer.go:51.2,53.17 2 9
github.com/ElioNeto/vyx/core/infrastructure/log/multiplexer.go:57.45,63.31 5 3
github.com/ElioNeto/vyx/core/infrastructure/log/multiplexer.go:63.31,65.3 1 6
github.com/ElioNeto/vyx/core/infrastructure/log/multiplexer.go:66.2,66.12 1 3
github.com/ElioNeto/vyx/core/infrastructure/log/multiplexer.go:72.70,74.2 1 1
github.com/ElioNeto/vyx/core/infrastructure/log/multiplexer.go:77.81,78.79 1 0
github.com/ElioNeto/vyx/core/infrastructure/log/multiplexer.go:78.79,80.25 2 0
github.com/ElioNeto/vyx/core/infrastructure/log/multiplexer.go:80.25,82.4 1 0
github.com/ElioNeto/vyx/core/infrastructure/log/multiplexer.go:83.3,83.15 1 0
github.com/ElioNeto/vyx/core/infrastructure/log/multiplexer.go:87.111,89.12 2 1
github.com/ElioNeto/vyx/core/infrastructure/log/multiplexer.go:89.12,92.7 3 1
github.com/ElioNeto/vyx/core/infrastructure/log/multiplexer.go:92.7,93.11 1 10
github.com/ElioNeto/vyx/core/infrastructure/log/multiplexer.go:94.18,95.11 1 0
github.com/ElioNeto/vyx/core/infrastructure/log/multiplexer.go:96.12,97.23 1 10
github.com/ElioNeto/vyx/core/infrastructure/log/multiplexer.go:97.23,99.6 1 2
github.com/ElioNeto/vyx/core/infrastructure/log/multiplexer.go:100.5,100.41 1 10
github.com/ElioNeto/vyx/core/infrastructure/log/multiplexer.go:100.41,102.6 1 0
github.com/ElioNeto/vyx/core/infrastructure/log/multiplexer.go:104.4,104.36 1 10
github.com/ElioNeto/vyx/core/infrastructure/log/multiplexer.go:107.2,107.16 1 1
github.com/ElioNeto/vyx/core/infrastructure/log/multiplexer.go:107.16,107.33 1 1
github.com/ElioNeto/vyx/core/infrastructure/log/multiplexer.go:110.112,111.16 1 2
github.com/ElioNeto/vyx/core/infrastructure/log/multiplexer.go:111.16,113.3 1 0
github.com/ElioNeto/vyx/core/infrastructure/log/multiplexer.go:114.2,115.24 2 2
github.com/ElioNeto/vyx/core/infrastructure/log/multiplexer.go:115.24,117.3 1 0
github.com/ElioNeto/vyx/core/infrastructure/log/multiplexer.go:118.2,118.15 1 2
github.com/ElioNeto/vyx/core/infrastructure/log/multiplexer.go:123.50,129.2 5 1
github.com/ElioNeto/vyx/core/infrastructure/log/multiplexer.go:132.54,135.29 3 1
github.com/ElioNeto/vyx/core/infrastructure/log/multiplexer.go:135.29,136.16 1 1
github.com/ElioNeto/vyx/core/infrastructure/log/multiplexer.go:136.16,140.4 3 1
github.com/ElioNeto/vyx/core/infrastructure/log/multiplexer.go:144.47,147.28 3 9
github.com/ElioNeto/vyx/core/infrastructure/log/multiplexer.go:147.28,148.10 1 1
github.com/ElioNeto/vyx/core/infrastructure/log/multiplexer.go:149.20,149.20 0 1
github.com/ElioNeto/vyx/core/infrastructure/log/multiplexer.go:150.11,150.11 0 0
github.com/ElioNeto/vyx/core/infrastructure/log/multiplexer.go:158.83,159.31 1 1
github.com/ElioNeto/vyx/core/infrastructure/log/multiplexer.go:159.31,161.3 1 0
github.com/ElioNeto/vyx/core/infrastructure/log/multiplexer.go:162.2,163.28 2 1
github.com/ElioNeto/vyx/core/infrastructure/log/multiplexer.go:163.28,164.22 1 3
github.com/ElioNeto/vyx/core/infrastructure/log/multiplexer.go:164.22,166.4 1 2
github.com/ElioNeto/vyx/core/infrastructure/log/multiplexer.go:168.2,168.12 1 1
github.com/ElioNeto/vyx/core/infrastructure/log/multiplexer.go:173.87,174.41 1 1
github.com/ElioNeto/vyx/core/infrastructure/log/multiplexer.go:174.41,176.3 1 0
github.com/ElioNeto/vyx/core/infrastructure/log/multiplexer.go:177.2,178.28 2 1
github.com/ElioNeto/vyx/core/infrastructure/log/multiplexer.go:178.28,179.45 1 4
github.com/ElioNeto/vyx/core/infrastructure/log/multiplexer.go:179.45,181.4 1 2
github.com/ElioNeto/vyx/core/infrastructure/log/multiplexer.go:183.2,183.12 1 1
github.com/ElioNeto/vyx/core/infrastructure/log/multiplexer.go:187.93,188.18 1 1
github.com/ElioNeto/vyx/core/infrastructure/log/multiplexer.go:188.18,190.3 1 0
github.com/ElioNeto/vyx/core/infrastructure/log/multiplexer.go:191.2,192.28 2 1
github.com/ElioNeto/vyx/core/infrastructure/log/multiplexer.go:192.28,193.60 1 4
github.com/ElioNeto/vyx/core/infrastructure/log/multiplexer.go:193.60,195.4 1 2
github.com/ElioNeto/vyx/core/infrastructure/log/multiplexer.go:197.2,197.12 1 1
github.com/ElioNeto/vyx/core/infrastructure/log/multiplexer.go:200.53,201.41 1 3
github.com/ElioNeto/vyx/core/infrastructure/log/multiplexer.go:201.41,203.3 1 1
github.com/ElioNeto/vyx/core/infrastructure/log/multiplexer.go:204.2,204.37 1 2
github.com/ElioNeto/vyx/core/infrastructure/log/multiplexer.go:204.37,206.3 1 0
github.com/ElioNeto/vyx/core/infrastructure/log/multiplexer.go:207.2,207.29 1 2
github.com/ElioNeto/vyx/core/infrastructure/log/multiplexer.go:207.29,208.34 1 0
github.com/ElioNeto/vyx/core/infrastructure/log/multiplexer.go:208.34,210.4 1 0
github.com/ElioNeto/vyx/core/infrastructure/log/multiplexer.go:212.2,212.14 1 2
github.com/ElioNeto/vyx/core/infrastructure/log/multiplexer.go:222.50,224.9 2 4
github.com/ElioNeto/vyx/core/infrastructure/log/multiplexer.go:224.9,226.3 1 0
github.com/ElioNeto/vyx/core/infrastructure/log/multiplexer.go:227.2,228.9 2 4
github.com/ElioNeto/vyx/core/infrastructure/log/multiplexer.go:228.9,230.3 1 0
github.com/ElioNeto/vyx/core/infrastructure/log/multiplexer.go:231.2,231.15 1 4
github.com/ElioNeto/vyx/core/infrastructure/ipc/uds/client.go:23.68,26.16 3 2
github.com/ElioNeto/vyx/core/infrastructure/ipc/uds/client.go:26.16,28.3 1 0
github.com/ElioNeto/vyx/core/infrastructure/ipc/uds/client.go:29.2,29.30 1 2
github.com/ElioNeto/vyx/core/infrastructure/ipc/uds/client.go:33.46,37.2 3 1
github.com/ElioNeto/vyx/core/infrastructure/ipc/uds/client.go:40.49,42.2 1 1
github.com/ElioNeto/vyx/core/infrastructure/ipc/uds/client.go:45.32,47.2 1 2
github.com/ElioNeto/vyx/core/infrastructure/ipc/uds/listener.go:54.28,55.12 1 2
github.com/ElioNeto/vyx/core/infrastructure/ipc/uds/listener.go:55.12,56.7 1 2
github.com/ElioNeto/vyx/core/infrastructure/ipc/uds/listener.go:56.7,58.18 2 3
github.com/ElioNeto/vyx/core/infrastructure/ipc/uds/listener.go:58.18,66.5 6 2
github.com/ElioNeto/vyx/core/infrastructure/ipc/uds/listener.go:68.4,68.20 1 1
github.com/ElioNeto/vyx/core/infrastructure/ipc/uds/listener.go:69.46,70.12 1 1
github.com/ElioNeto/vyx/core/infrastructure/ipc/uds/listener.go:71.31,71.31 0 1
github.com/ElioNeto/vyx/core/infrastructure/ipc/uds/listener.go:72.13,72.13 0 0
github.com/ElioNeto/vyx/core/infrastructure/ipc/uds/listener.go:75.56,76.26 1 0
github.com/ElioNeto/vyx/core/infrastructure/ipc/uds/listener.go:82.48,83.9 1 0
github.com/ElioNeto/vyx/core/infrastructure/ipc/uds/listener.go:84.27,84.27 0 0
github.com/ElioNeto/vyx/core/infrastructure/ipc/uds/listener.go:85.10,85.10 0 0
github.com/ElioNeto/vyx/core/infrastructure/ipc/uds/listener.go:90.35,94.2 3 0
github.com/ElioNeto/vyx/core/infrastructure/ipc/uds/listener.go:108.39,114.2 1 5
github.com/ElioNeto/vyx/core/infrastructure/ipc/uds/listener.go:117.56,119.2 1 8
github.com/ElioNeto/vyx/core/infrastructure/ipc/uds/listener.go:126.74,127.55 1 4
github.com/ElioNeto/vyx/core/infrastructure/ipc/uds/listener.go:127.55,129.3 1 0
github.com/ElioNeto/vyx/core/infrastructure/ipc/uds/listener.go:131.2,136.16 4 4
github.com/ElioNeto/vyx/core/infrastructure/ipc/uds/listener.go:136.16,138.3 1 0
github.com/ElioNeto/vyx/core/infrastructure/ipc/uds/listener.go:141.2,141.51 1 4
github.com/ElioNeto/vyx/core/infrastructure/ipc/uds/listener.go:141.51,144.3 2 0
github.com/ElioNeto/vyx/core/infrastructure/ipc/uds/listener.go:146.2,153.12 5 4
github.com/ElioNeto/vyx/core/infrastructure/ipc/uds/listener.go:158.83,165.12 3 2
github.com/ElioNeto/vyx/core/infrastructure/ipc/uds/listener.go:165.12,168.3 2 2
github.com/ElioNeto/vyx/core/infrastructure/ipc/uds/listener.go:170.2,170.9 1 2
github.com/ElioNeto/vyx/core/infrastructure/ipc/uds/listener.go:171.20,173.9 2 0
github.com/ElioNeto/vyx/core/infrastructure/ipc/uds/listener.go:174.17,175.19 1 2
github.com/ElioNeto/vyx/core/infrastructure/ipc/uds/listener.go:175.19,177.4 1 0
github.com/ElioNeto/vyx/core/infrastructure/ipc/uds/listener.go:178.3,186.16 5 2
github.com/ElioNeto/vyx/core/infrastructure/ipc/uds/listener.go:191.74,195.42 3 1
github.com/ElioNeto/vyx/core/infrastructure/ipc/uds/listener.go:195.42,198.3 2 0
github.com/ElioNeto/vyx/core/infrastructure/ipc/uds/listener.go:200.2,200.41 1 1
github.com/ElioNeto/vyx/core/infrastructure/ipc/uds/listener.go:200.41,203.3 2 1
github.com/ElioNeto/vyx/core/infrastructure/ipc/uds/listener.go:205.2,206.12 2 1
github.com/ElioNeto/vyx/core/infrastructure/ipc/uds/listener.go:210.35,214.35 3 4
github.com/ElioNeto/vyx/core/infrastructure/ipc/uds/listener.go:214.35,217.3 2 2
github.com/ElioNeto/vyx/core/infrastructure/ipc/uds/listener.go:218.2,218.34 1 4
github.com/ElioNeto/vyx/core/infrastructure/ipc/uds/listener.go:218.34,222.3 3 3
github.com/ElioNeto/vyx/core/infrastructure/ipc/uds/listener.go:223.2,223.12 1 4
github.com/ElioNeto/vyx/core/infrastructure/ipc/uds/listener.go:229.85,231.16 2 2
github.com/ElioNeto/vyx/core/infrastructure/ipc/uds/listener.go:231.16,233.3 1 1
github.com/ElioNeto/vyx/core/infrastructure/ipc/uds/listener.go:235.2,238.35 3 1
github.com/ElioNeto/vyx/core/infrastructure/ipc/uds/listener.go:248.88,250.16 2 1
github.com/ElioNeto/vyx/core/infrastructure/ipc/uds/listener.go:250.16,252.3 1 0
github.com/ElioNeto/vyx/core/infrastructure/ipc/uds/listener.go:254.2,254.55 1 1
github.com/ElioNeto/vyx/core/infrastructure/ipc/uds/listener.go:264.96,266.16 2 0
github.com/ElioNeto/vyx/core/infrastructure/ipc/uds/listener.go:266.16,268.3 1 0
github.com/ElioNeto/vyx/core/infrastructure/ipc/uds/listener.go:270.2,270.54 1 0
github.com/ElioNeto/vyx/core/infrastructure/ipc/uds/listener.go:274.124,275.9 1 1
github.com/ElioNeto/vyx/core/infrastructure/ipc/uds/listener.go:276.20,277.34 1 0
github.com/ElioNeto/vyx/core/infrastructure/ipc/uds/listener.go:278.23,279.10 1 1
github.com/ElioNeto/vyx/core/infrastructure/ipc/uds/listener.go:279.10,281.43 1 0
github.com/ElioNeto/vyx/core/infrastructure/ipc/uds/listener.go:281.43,283.5 1 0
github.com/ElioNeto/vyx/core/infrastructure/ipc/uds/listener.go:284.4,284.83 1 0
github.com/ElioNeto/vyx/core/infrastructure/ipc/uds/listener.go:286.3,286.18 1 1
github.com/ElioNeto/vyx/core/infrastructure/ipc/uds/listener.go:290.61,295.9 4 3
github.com/ElioNeto/vyx/core/infrastructure/ipc/uds/listener.go:295.9,297.3 1 1
github.com/ElioNeto/vyx/core/infrastructure/ipc/uds/listener.go:298.2,298.15 1 2
github.com/ElioNeto/vyx/core/infrastructure/ipc/uds/platform_unix.go:9.40,11.2 1 0
github.com/ElioNeto/vyx/core/application/monitor/monitor.go:32.71,39.2 1 4
github.com/ElioNeto/vyx/core/application/monitor/monitor.go:42.44,46.6 3 4
github.com/ElioNeto/vyx/core/application/monitor/monitor.go:46.6,47.10 1 4
github.com/ElioNeto/vyx/core/application/monitor/monitor.go:48.21,49.10 1 4
github.com/ElioNeto/vyx/core/application/monitor/monitor.go:50.19,51.19 1 0
github.com/ElioNeto/vyx/core/application/monitor/monitor.go:56.49,58.16 2 0
github.com/ElioNeto/vyx/core/application/monitor/monitor.go:58.16,60.3 1 0
github.com/ElioNeto/vyx/core/application/monitor/monitor.go:62.2,62.28 1 0
github.com/ElioNeto/vyx/core/application/monitor/monitor.go:62.28,63.109 1 0
github.com/ElioNeto/vyx/core/application/monitor/monitor.go:63.109,64.12 1 0
github.com/ElioNeto/vyx/core/application/monitor/monitor.go:67.3,68.73 2 0
github.com/ElioNeto/vyx/core/application/monitor/monitor.go:68.73,71.4 2 0
github.com/ElioNeto/vyx/core/application/monitor/monitor.go:76.67,79.9 2 0
github.com/ElioNeto/vyx/core/application/monitor/monitor.go:80.20,81.9 1 0
github.com/ElioNeto/vyx/core/application/monitor/monitor.go:82.27,82.27 0 0
github.com/ElioNeto/vyx/core/application/monitor/monitor.go:85.2,86.16 2 0
github.com/ElioNeto/vyx/core/application/monitor/monitor.go:86.16,91.3 4 0
github.com/ElioNeto/vyx/core/application/monitor/monitor.go:93.2,95.15 3 0
github.com/ElioNeto/vyx/core/application/monitor/monitor.go:99.56,105.27 5 0
[...]
github.com/ElioNeto/vyx/core/infrastructure/process/manager.go:101.75,104.6 3 0
github.com/ElioNeto/vyx/core/infrastructure/process/manager.go:104.6,106.12 2 0
github.com/ElioNeto/vyx/core/infrastructure/process/manager.go:106.12,110.4 3 0
github.com/ElioNeto/vyx/core/infrastructure/process/manager.go:111.3,111.17 1 0
github.com/ElioNeto/vyx/core/infrastructure/process/manager.go:111.17,112.20 1 0
github.com/ElioNeto/vyx/core/infrastructure/process/manager.go:112.20,114.19 2 0
github.com/ElioNeto/vyx/core/infrastructure/process/manager.go:114.19,116.6 1 0
github.com/ElioNeto/vyx/core/infrastructure/process/manager.go:118.4,118.10 1 0
github.com/ElioNeto/vyx/core/infrastructure/process/manager.go:123.89,125.24 2 0
github.com/ElioNeto/vyx/core/infrastructure/process/manager.go:125.24,126.16 1 0
github.com/ElioNeto/vyx/core/infrastructure/process/manager.go:126.16,128.18 2 0
github.com/ElioNeto/vyx/core/infrastructure/process/manager.go:128.18,130.5 1 0
github.com/ElioNeto/vyx/core/infrastructure/process/manager.go:131.4,131.21 1 0
github.com/ElioNeto/vyx/core/infrastructure/process/manager.go:134.2,134.18 1 0
github.com/ElioNeto/vyx/core/infrastructure/process/manager.go:139.62,144.31 4 6
github.com/ElioNeto/vyx/core/infrastructure/process/manager.go:144.31,146.3 1 1
github.com/ElioNeto/vyx/core/infrastructure/process/manager.go:148.2,148.41 1 5
github.com/ElioNeto/vyx/core/infrastructure/process/manager.go:148.41,150.3 1 0
github.com/ElioNeto/vyx/core/infrastructure/process/manager.go:152.2,153.12 2 5
github.com/ElioNeto/vyx/core/infrastructure/process/manager.go:153.12,156.3 2 5
github.com/ElioNeto/vyx/core/infrastructure/process/manager.go:158.2,158.9 1 5
github.com/ElioNeto/vyx/core/infrastructure/process/manager.go:159.14,159.14 0 5
github.com/ElioNeto/vyx/core/infrastructure/process/manager.go:160.44,162.31 2 0
github.com/ElioNeto/vyx/core/infrastructure/process/manager.go:165.2,169.12 4 5
github.com/ElioNeto/vyx/core/infrastructure/process/manager.go:173.54,176.30 3 1
github.com/ElioNeto/vyx/core/infrastructure/process/manager.go:176.30,178.3 1 2
github.com/ElioNeto/vyx/core/infrastructure/process/manager.go:179.2,182.25 3 1
github.com/ElioNeto/vyx/core/infrastructure/process/manager.go:182.25,183.70 1 2
github.com/ElioNeto/vyx/core/infrastructure/process/manager.go:183.70,185.4 1 0
github.com/ElioNeto/vyx/core/infrastructure/process/manager.go:187.2,187.16 1 1
github.com/ElioNeto/vyx/core/infrastructure/process/manager.go:193.68,195.2 1 1
github.com/ElioNeto/vyx/core/infrastructure/process/manager_unix.go:10.33,12.2 1 6
github.com/ElioNeto/vyx/core/infrastructure/process/manager_unix.go:14.39,16.2 1 5
github.com/ElioNeto/vyx/core/infrastructure/process/manager_unix.go:18.39,20.2 1 0
github.com/ElioNeto/vyx/core/infrastructure/repository/memory_worker_repository.go:19.58,23.2 1 0
github.com/ElioNeto/vyx/core/infrastructure/repository/memory_worker_repository.go:25.82,31.2 5 0
github.com/ElioNeto/vyx/core/infrastructure/repository/memory_worker_repository.go:33.97,37.9 4 0
github.com/ElioNeto/vyx/core/infrastructure/repository/memory_worker_repository.go:37.9,39.3 1 0
github.com/ElioNeto/vyx/core/infrastructure/repository/memory_worker_repository.go:40.2,41.19 2 0
github.com/ElioNeto/vyx/core/infrastructure/repository/memory_worker_repository.go:44.87,48.30 4 0
github.com/ElioNeto/vyx/core/infrastructure/repository/memory_worker_repository.go:48.30,51.3 2 0
github.com/ElioNeto/vyx/core/infrastructure/repository/memory_worker_repository.go:52.2,52.20 1 0
github.com/ElioNeto/vyx/core/infrastructure/repository/memory_worker_repository.go:55.77,60.2 4 0
github.com/ElioNeto/vyx/core/infrastructure/repository/memory_worker_repository.go:64.85,68.28 4 0
github.com/ElioNeto/vyx/core/infrastructure/repository/memory_worker_repository.go:68.28,70.3 1 0
github.com/ElioNeto/vyx/core/infrastructure/repository/memory_worker_repository.go:71.2,71.17 1 0
github.com/ElioNeto/vyx/core/infrastructure/runtime/runtime.go:46.37,47.19 1 13
github.com/ElioNeto/vyx/core/infrastructure/runtime/runtime.go:47.19,49.3 1 1
github.com/ElioNeto/vyx/core/infrastructure/runtime/runtime.go:51.2,52.21 2 12
github.com/ElioNeto/vyx/core/infrastructure/runtime/runtime.go:52.21,54.3 1 0
github.com/ElioNeto/vyx/core/infrastructure/runtime/runtime.go:56.2,58.15 2 12
github.com/ElioNeto/vyx/core/infrastructure/runtime/runtime.go:59.14,60.21 1 1
github.com/ElioNeto/vyx/core/infrastructure/runtime/runtime.go:61.35,62.23 1 3
github.com/ElioNeto/vyx/core/infrastructure/runtime/runtime.go:63.12,64.19 1 2
github.com/ElioNeto/vyx/core/infrastructure/runtime/runtime.go:65.20,66.21 1 2
github.com/ElioNeto/vyx/core/infrastructure/runtime/runtime.go:67.19,68.23 1 2
github.com/ElioNeto/vyx/core/infrastructure/runtime/runtime.go:71.2,71.38 1 2
github.com/ElioNeto/vyx/core/infrastructure/runtime/runtime.go:71.38,73.3 1 0
github.com/ElioNeto/vyx/core/infrastructure/runtime/runtime.go:74.2,74.40 1 2
github.com/ElioNeto/vyx/core/infrastructure/runtime/runtime.go:74.40,76.3 1 0
github.com/ElioNeto/vyx/core/infrastructure/runtime/runtime.go:77.2,77.36 1 2
github.com/ElioNeto/vyx/core/infrastructure/runtime/runtime.go:77.36,79.3 1 0
github.com/ElioNeto/vyx/core/infrastructure/runtime/runtime.go:81.2,81.23 1 2
github.com/ElioNeto/vyx/core/infrastructure/runtime/runtime.go:84.42,86.2 1 4
github.com/ElioNeto/vyx/core/infrastructure/runtime/runtime.go:88.45,89.42 1 0
github.com/ElioNeto/vyx/core/infrastructure/runtime/runtime.go:89.42,91.3 1 0
github.com/ElioNeto/vyx/core/infrastructure/runtime/runtime.go:93.2,93.19 1 0
github.com/ElioNeto/vyx/core/infrastructure/runtime/runtime.go:93.19,95.3 1 0
github.com/ElioNeto/vyx/core/infrastructure/runtime/runtime.go:97.2,99.22 2 0
github.com/ElioNeto/vyx/core/infrastructure/runtime/runtime.go:102.97,103.18 1 5
github.com/ElioNeto/vyx/core/infrastructure/runtime/runtime.go:103.18,105.3 1 0
github.com/ElioNeto/vyx/core/infrastructure/runtime/runtime.go:107.2,108.25 2 5
github.com/ElioNeto/vyx/core/infrastructure/runtime/runtime.go:108.25,110.3 1 1
github.com/ElioNeto/vyx/core/infrastructure/runtime/runtime.go:112.2,112.12 1 5
github.com/ElioNeto/vyx/core/infrastructure/runtime/runtime.go:113.19,114.56 1 2
github.com/ElioNeto/vyx/core/infrastructure/runtime/runtime.go:115.21,116.58 1 2
github.com/ElioNeto/vyx/core/infrastructure/runtime/runtime.go:117.17,118.31 1 1
github.com/ElioNeto/vyx/core/infrastructure/runtime/runtime.go:119.10,120.51 1 0
github.com/ElioNeto/vyx/core/infrastructure/runtime/runtime.go:124.89,131.54 5 2
github.com/ElioNeto/vyx/core/infrastructure/runtime/runtime.go:131.54,132.20 1 2
github.com/ElioNeto/vyx/core/infrastructure/runtime/runtime.go:132.20,134.4 1 1
github.com/ElioNeto/vyx/core/infrastructure/runtime/runtime.go:135.3,135.50 1 2
github.com/ElioNeto/vyx/core/infrastructure/runtime/runtime.go:135.50,137.4 1 1
github.com/ElioNeto/vyx/core/infrastructure/runtime/runtime.go:140.2,141.47 2 1
github.com/ElioNeto/vyx/core/infrastructure/runtime/runtime.go:141.47,142.20 1 0
github.com/ElioNeto/vyx/core/infrastructure/runtime/runtime.go:142.20,144.4 1 0
github.com/ElioNeto/vyx/core/infrastructure/runtime/runtime.go:145.3,145.13 1 0
github.com/ElioNeto/vyx/core/infrastructure/runtime/runtime.go:148.2,148.19 1 1
github.com/ElioNeto/vyx/core/infrastructure/runtime/runtime.go:148.19,150.3 1 1
github.com/ElioNeto/vyx/core/infrastructure/runtime/runtime.go:152.2,154.57 3 1
github.com/ElioNeto/vyx/core/infrastructure/runtime/runtime.go:154.57,156.3 1 0
github.com/ElioNeto/vyx/core/infrastructure/runtime/runtime.go:158.2,160.53 3 1
github.com/ElioNeto/vyx/core/infrastructure/runtime/runtime.go:160.53,162.3 1 0
github.com/ElioNeto/vyx/core/infrastructure/runtime/runtime.go:164.2,164.19 1 1
github.com/ElioNeto/vyx/core/infrastructure/runtime/runtime.go:164.19,166.3 1 1
github.com/ElioNeto/vyx/core/infrastructure/runtime/runtime.go:168.2,168.12 1 1
github.com/ElioNeto/vyx/core/infrastructure/runtime/runtime.go:171.91,178.53 5 2
github.com/ElioNeto/vyx/core/infrastructure/runtime/runtime.go:178.53,179.20 1 2
github.com/ElioNeto/vyx/core/infrastructure/runtime/runtime.go:179.20,181.4 1 1
github.com/ElioNeto/vyx/core/infrastructure/runtime/runtime.go:182.3,182.48 1 2
github.com/ElioNeto/vyx/core/infrastructure/runtime/runtime.go:182.48,184.4 1 1
github.com/ElioNeto/vyx/core/infrastructure/runtime/runtime.go:187.2,191.57 4 1
github.com/ElioNeto/vyx/core/infrastructure/runtime/runtime.go:191.57,193.3 1 0
github.com/ElioNeto/vyx/core/infrastructure/runtime/runtime.go:195.2,196.23 2 1
github.com/ElioNeto/vyx/core/infrastructure/runtime/runtime.go:196.23,198.3 1 1
github.com/ElioNeto/vyx/core/infrastructure/runtime/runtime.go:200.2,200.22 1 1
github.com/ElioNeto/vyx/core/infrastructure/runtime/runtime.go:200.22,201.20 1 0
github.com/ElioNeto/vyx/core/infrastructure/runtime/runtime.go:201.20,203.4 1 0
github.com/ElioNeto/vyx/core/infrastructure/runtime/runtime.go:204.3,204.13 1 0
github.com/ElioNeto/vyx/core/infrastructure/runtime/runtime.go:207.2,207.65 1 1
github.com/ElioNeto/vyx/core/infrastructure/runtime/runtime.go:210.63,212.16 2 1
github.com/ElioNeto/vyx/core/infrastructure/runtime/runtime.go:212.16,213.20 1 1
github.com/ElioNeto/vyx/core/infrastructure/runtime/runtime.go:213.20,215.4 1 0
github.com/ElioNeto/vyx/core/infrastructure/runtime/runtime.go:216.3,216.44 1 1
github.com/ElioNeto/vyx/core/infrastructure/runtime/runtime.go:219.2,219.19 1 0
github.com/ElioNeto/vyx/core/infrastructure/runtime/runtime.go:219.19,221.3 1 0
github.com/ElioNeto/vyx/core/infrastructure/runtime/runtime.go:223.2,223.12 1 0
github.com/ElioNeto/vyx/core/infrastructure/runtime/runtime.go:226.57,227.18 1 1
github.com/ElioNeto/vyx/core/infrastructure/runtime/runtime.go:227.18,229.3 1 0
github.com/ElioNeto/vyx/core/infrastructure/runtime/runtime.go:231.2,233.12 2 1
github.com/ElioNeto/vyx/core/infrastructure/runtime/runtime.go:234.19,236.38 2 1
github.com/ElioNeto/vyx/core/infrastructure/runtime/runtime.go:236.38,238.4 1 1
github.com/ElioNeto/vyx/core/infrastructure/runtime/runtime.go:239.3,239.25 1 0
github.com/ElioNeto/vyx/core/infrastructure/runtime/runtime.go:241.21,243.38 2 0
github.com/ElioNeto/vyx/core/infrastructure/runtime/runtime.go:243.38,245.4 1 0
github.com/ElioNeto/vyx/core/infrastructure/runtime/runtime.go:246.3,246.25 1 0
github.com/ElioNeto/vyx/core/infrastructure/runtime/runtime.go:248.17,250.17 2 0
github.com/ElioNeto/vyx/core/infrastructure/runtime/runtime.go:250.17,252.4 1 0
github.com/ElioNeto/vyx/core/infrastructure/runtime/runtime.go:253.3,253.23 1 0
github.com/ElioNeto/vyx/core/infrastructure/runtime/runtime.go:255.10,256.55 1 0
github.com/ElioNeto/vyx/core/infrastructure/runtime/runtime.go:260.38,264.22 3 4
github.com/ElioNeto/vyx/core/infrastructure/runtime/runtime.go:264.22,266.3 1 0
github.com/ElioNeto/vyx/core/infrastructure/runtime/runtime.go:267.2,267.23 1 4
github.com/ElioNeto/vyx/core/infrastructure/runtime/runtime.go:267.23,269.3 1 0
github.com/ElioNeto/vyx/core/infrastructure/runtime/runtime.go:271.2,271.17 1 4
github.com/ElioNeto/vyx/core/infrastructure/runtime/runtime.go:274.63,282.2 4 2
github.com/ElioNeto/vyx/core/infrastructure/runtime/runtime.go:284.62,288.25 3 2
github.com/ElioNeto/vyx/core/infrastructure/runtime/runtime.go:288.25,290.3 1 0
github.com/ElioNeto/vyx/core/infrastructure/runtime/runtime.go:290.8,290.31 1 2
github.com/ElioNeto/vyx/core/infrastructure/runtime/runtime.go:290.31,292.3 1 0
github.com/ElioNeto/vyx/core/infrastructure/runtime/runtime.go:292.8,294.3 1 2
github.com/ElioNeto/vyx/core/infrastructure/runtime/runtime.go:296.2,299.25 3 2
github.com/ElioNeto/vyx/core/infrastructure/runtime/runtime.go:299.25,301.3 1 0
github.com/ElioNeto/vyx/core/infrastructure/runtime/runtime.go:303.2,303.39 1 2
github.com/ElioNeto/vyx/core/infrastructure/runtime/runtime.go:306.80,307.53 1 2
github.com/ElioNeto/vyx/core/infrastructure/runtime/runtime.go:307.53,309.3 1 0
github.com/ElioNeto/vyx/core/infrastructure/runtime/runtime.go:311.2,312.56 2 2
github.com/ElioNeto/vyx/core/infrastructure/runtime/runtime.go:312.56,314.3 1 1
github.com/ElioNeto/vyx/core/infrastructure/runtime/runtime.go:315.2,318.50 3 1
github.com/ElioNeto/vyx/core/infrastructure/runtime/runtime.go:318.50,320.3 1 0
github.com/ElioNeto/vyx/core/infrastructure/runtime/runtime.go:322.2,323.47 2 1
github.com/ElioNeto/vyx/core/infrastructure/runtime/runtime.go:323.47,325.20 2 0
github.com/ElioNeto/vyx/core/infrastructure/runtime/runtime.go:325.20,327.4 1 0
github.com/ElioNeto/vyx/core/infrastructure/runtime/runtime.go:327.9,329.4 1 0
github.com/ElioNeto/vyx/core/infrastructure/runtime/runtime.go:332.2,332.35 1 1
github.com/ElioNeto/vyx/core/infrastructure/runtime/runtime.go:335.70,336.68 1 4
github.com/ElioNeto/vyx/core/infrastructure/runtime/runtime.go:336.68,338.3 1 0
github.com/ElioNeto/vyx/core/infrastructure/runtime/runtime.go:340.2,341.16 2 4
github.com/ElioNeto/vyx/core/infrastructure/runtime/runtime.go:341.16,343.3 1 0
github.com/ElioNeto/vyx/core/infrastructure/runtime/runtime.go:345.2,346.16 2 4
github.com/ElioNeto/vyx/core/infrastructure/runtime/runtime.go:346.16,348.3 1 0
github.com/ElioNeto/vyx/core/infrastructure/runtime/runtime.go:349.2,351.38 2 4
github.com/ElioNeto/vyx/core/infrastructure/runtime/runtime.go:351.38,353.3 1 2
github.com/ElioNeto/vyx/core/infrastructure/runtime/runtime.go:355.2,356.16 2 2
github.com/ElioNeto/vyx/core/infrastructure/runtime/runtime.go:356.16,358.3 1 0
github.com/ElioNeto/vyx/core/infrastructure/runtime/runtime.go:359.2,362.16 3 2
github.com/ElioNeto/vyx/core/infrastructure/runtime/runtime.go:362.16,364.3 1 0
github.com/ElioNeto/vyx/core/infrastructure/runtime/runtime.go:366.2,366.24 1 2
github.com/ElioNeto/vyx/core/infrastructure/runtime/runtime.go:378.49,380.2 1 0
github.com/ElioNeto/vyx/core/infrastructure/runtime/runtime.go:382.65,384.2 1 0
github.com/ElioNeto/vyx/core/infrastructure/runtime/runtime.go:386.51,388.2 1 0
github.com/ElioNeto/vyx/core/application/heartbeat/loop.go:55.29,63.2 1 0
github.com/ElioNeto/vyx/core/application/heartbeat/loop.go:67.42,68.16 1 7
github.com/ElioNeto/vyx/core/application/heartbeat/loop.go:68.16,70.3 1 0
github.com/ElioNeto/vyx/core/application/heartbeat/loop.go:71.2,71.70 1 7
github.com/ElioNeto/vyx/core/application/heartbeat/loop.go:91.9,99.2 1 7
github.com/ElioNeto/vyx/core/application/heartbeat/loop.go:103.41,107.6 3 7
github.com/ElioNeto/vyx/core/application/heartbeat/loop.go:107.6,108.23 1 15
github.com/ElioNeto/vyx/core/application/heartbeat/loop.go:108.23,110.4 1 0
github.com/ElioNeto/vyx/core/application/heartbeat/loop.go:112.3,113.17 2 15
github.com/ElioNeto/vyx/core/application/heartbeat/loop.go:113.17,115.18 2 11
github.com/ElioNeto/vyx/core/application/heartbeat/loop.go:115.18,117.5 1 7
github.com/ElioNeto/vyx/core/application/heartbeat/loop.go:118.4,118.12 1 4
github.com/ElioNeto/vyx/core/application/heartbeat/loop.go:121.3,122.28 2 4
github.com/ElioNeto/vyx/core/application/heartbeat/loop.go:126.98,128.22 2 15
github.com/ElioNeto/vyx/core/application/heartbeat/loop.go:128.22,130.3 1 15
github.com/ElioNeto/vyx/core/application/heartbeat/loop.go:131.2,133.49 3 15
github.com/ElioNeto/vyx/core/application/heartbeat/loop.go:136.104,137.22 1 11
github.com/ElioNeto/vyx/core/application/heartbeat/loop.go:137.22,139.3 1 4
github.com/ElioNeto/vyx/core/application/heartbeat/loop.go:141.2,141.76 1 7
github.com/ElioNeto/vyx/core/application/heartbeat/loop.go:141.76,147.10 2 0
github.com/ElioNeto/vyx/core/application/heartbeat/loop.go:148.21,149.13 1 0
github.com/ElioNeto/vyx/core/application/heartbeat/loop.go:150.42,150.42 0 0
github.com/ElioNeto/vyx/core/application/heartbeat/loop.go:152.3,152.16 1 0
github.com/ElioNeto/vyx/core/application/heartbeat/loop.go:155.2,162.37 3 7
github.com/ElioNeto/vyx/core/application/heartbeat/loop.go:162.37,169.3 3 3
github.com/ElioNeto/vyx/core/application/heartbeat/loop.go:170.2,170.15 1 4
github.com/ElioNeto/vyx/core/application/heartbeat/loop.go:173.68,174.18 1 4
github.com/ElioNeto/vyx/core/application/heartbeat/loop.go:175.25,179.45 2 0
github.com/ElioNeto/vyx/core/application/heartbeat/loop.go:181.25,182.68 1 4
github.com/ElioNeto/vyx/core/application/heartbeat/loop.go:182.68,183.33 1 0
github.com/ElioNeto/vyx/core/application/heartbeat/loop.go:183.33,185.5 1 0
github.com/ElioNeto/vyx/core/application/heartbeat/loop.go:186.4,189.5 1 0
github.com/ElioNeto/vyx/core/application/heartbeat/loop.go:191.3,193.4 1 4
github.com/ElioNeto/vyx/core/application/heartbeat/loop.go:195.39,199.4 1 0
github.com/ElioNeto/vyx/core/application/heartbeat/loop.go:201.10,205.4 1 0
github.com/ElioNeto/vyx/core/application/heartbeat/receiver.go:33.13,42.2 1 4
github.com/ElioNeto/vyx/core/application/heartbeat/receiver.go:50.53,54.2 3 0
github.com/ElioNeto/vyx/core/application/heartbeat/receiver.go:58.45,64.6 4 2
github.com/ElioNeto/vyx/core/application/heartbeat/receiver.go:64.6,65.10 1 5
github.com/ElioNeto/vyx/core/application/heartbeat/receiver.go:66.21,68.10 2 2
github.com/ElioNeto/vyx/core/application/heartbeat/receiver.go:69.24,70.20 1 3
github.com/ElioNeto/vyx/core/application/heartbeat/receiver.go:77.68,81.38 3 2
github.com/ElioNeto/vyx/core/application/heartbeat/receiver.go:81.38,83.3 1 0
github.com/ElioNeto/vyx/core/application/heartbeat/receiver.go:84.2,84.31 1 2
github.com/ElioNeto/vyx/core/application/heartbeat/receiver.go:90.70,94.43 3 0
github.com/ElioNeto/vyx/core/application/heartbeat/receiver.go:94.43,100.3 3 0
github.com/ElioNeto/vyx/core/application/heartbeat/receiver.go:101.2,101.31 1 0
github.com/ElioNeto/vyx/core/application/heartbeat/receiver.go:106.51,108.16 2 5
github.com/ElioNeto/vyx/core/application/heartbeat/receiver.go:108.16,111.3 2 4
github.com/ElioNeto/vyx/core/application/heartbeat/receiver.go:113.2,114.25 2 1
github.com/ElioNeto/vyx/core/application/heartbeat/receiver.go:114.25,116.3 1 1
github.com/ElioNeto/vyx/core/application/heartbeat/receiver.go:118.2,121.23 3 1
github.com/ElioNeto/vyx/core/application/heartbeat/receiver.go:121.23,122.34 1 1
github.com/ElioNeto/vyx/core/application/heartbeat/receiver.go:122.34,124.4 1 1
github.com/ElioNeto/vyx/core/application/heartbeat/receiver.go:127.2,127.36 1 1
github.com/ElioNeto/vyx/core/application/heartbeat/receiver.go:127.36,128.29 1 1
github.com/ElioNeto/vyx/core/application/heartbeat/receiver.go:128.29,134.4 3 0
github.com/ElioNeto/vyx/core/application/heartbeat/receiver.go:139.71,144.12 4 3
github.com/ElioNeto/vyx/core/application/heartbeat/receiver.go:144.12,145.16 1 3
github.com/ElioNeto/vyx/core/application/heartbeat/receiver.go:145.16,149.4 3 3
github.com/ElioNeto/vyx/core/application/heartbeat/receiver.go:150.3,150.20 1 3
github.com/ElioNeto/vyx/core/application/heartbeat/receiver.go:153.2,155.3 1 3
github.com/ElioNeto/vyx/core/application/heartbeat/receiver.go:159.30,163.36 3 2
github.com/ElioNeto/vyx/core/application/heartbeat/receiver.go:163.36,169.3 3 0
github.com/ElioNeto/vyx/core/application/heartbeat/sender.go:38.11,45.2 1 4
github.com/ElioNeto/vyx/core/application/heartbeat/sender.go:50.43,54.6 3 4
github.com/ElioNeto/vyx/core/application/heartbeat/sender.go:54.6,55.10 1 15
github.com/ElioNeto/vyx/core/application/heartbeat/sender.go:56.21,57.10 1 4
github.com/ElioNeto/vyx/core/application/heartbeat/sender.go:58.19,59.18 1 11
github.com/ElioNeto/vyx/core/application/heartbeat/sender.go:66.47,68.16 2 11
github.com/ElioNeto/vyx/core/application/heartbeat/sender.go:68.16,71.3 2 0
github.com/ElioNeto/vyx/core/application/heartbeat/sender.go:73.2,75.25 2 11
github.com/ElioNeto/vyx/core/application/heartbeat/sender.go:75.25,76.56 1 21
github.com/ElioNeto/vyx/core/application/heartbeat/sender.go:76.56,81.12 2 4
github.com/ElioNeto/vyx/core/application/heartbeat/sender.go:83.3,85.4 1 17
github.com/ElioNeto/vyx/core/application/heartbeat/ticker.go:14.46,14.60 1 2
github.com/ElioNeto/vyx/core/application/heartbeat/ticker.go:15.47,15.63 1 5
github.com/ElioNeto/vyx/core/application/heartbeat/ticker.go:17.40,19.2 1 2
