mode: atomic
github.com/ElioNeto/vyx/core/application/handshake/handler.go:50.12,57.2 1 5
github.com/ElioNeto/vyx/core/application/handshake/handler.go:63.70,65.16 2 5
github.com/ElioNeto/vyx/core/application/handshake/handler.go:65.16,66.23 1 1
github.com/ElioNeto/vyx/core/application/handshake/handler.go:66.23,69.4 1 0
github.com/ElioNeto/vyx/core/application/handshake/handler.go:70.3,70.76 1 1
github.com/ElioNeto/vyx/core/application/handshake/handler.go:73.2,73.35 1 4
github.com/ElioNeto/vyx/core/application/handshake/handler.go:73.35,76.3 1 1
github.com/ElioNeto/vyx/core/application/handshake/handler.go:78.2,79.62 2 3
github.com/ElioNeto/vyx/core/application/handshake/handler.go:79.62,81.3 1 1
github.com/ElioNeto/vyx/core/application/handshake/handler.go:83.2,85.61 2 2
github.com/ElioNeto/vyx/core/application/handshake/handler.go:85.61,87.3 1 0
github.com/ElioNeto/vyx/core/application/handshake/handler.go:89.2,93.12 2 2
github.com/ElioNeto/vyx/core/application/handshake/handler.go:98.89,99.27 1 2
github.com/ElioNeto/vyx/core/application/handshake/handler.go:99.27,102.10 3 2
github.com/ElioNeto/vyx/core/application/handshake/handler.go:102.10,108.4 1 1
github.com/ElioNeto/vyx/core/cmd/tui/main.go:15.39,34.12 8 0
github.com/ElioNeto/vyx/core/cmd/tui/main.go:34.12,35.25 1 0
github.com/ElioNeto/vyx/core/cmd/tui/main.go:35.25,37.4 1 0
github.com/ElioNeto/vyx/core/cmd/tui/main.go:41.2,41.12 1 0
github.com/ElioNeto/vyx/core/cmd/tui/main.go:41.12,44.22 3 0
github.com/ElioNeto/vyx/core/cmd/tui/main.go:44.22,46.4 1 0
github.com/ElioNeto/vyx/core/cmd/tui/main.go:49.2,49.35 1 0
github.com/ElioNeto/vyx/core/cmd/tui/main.go:49.35,51.3 1 0
github.com/ElioNeto/vyx/core/cmd/tui/main.go:52.2,52.12 1 0
github.com/ElioNeto/vyx/core/cmd/tui/model.go:26.32,26.58 1 0
github.com/ElioNeto/vyx/core/cmd/tui/model.go:27.32,27.82 1 0
github.com/ElioNeto/vyx/core/cmd/tui/model.go:43.44,53.2 1 0
github.com/ElioNeto/vyx/core/cmd/tui/model.go:56.31,58.2 1 0
github.com/ElioNeto/vyx/core/cmd/tui/model.go:61.44,65.26 2 0
github.com/ElioNeto/vyx/core/cmd/tui/model.go:65.26,67.3 1 0
github.com/ElioNeto/vyx/core/cmd/tui/model.go:70.2,70.25 1 0
github.com/ElioNeto/vyx/core/cmd/tui/model.go:70.25,72.3 1 0
github.com/ElioNeto/vyx/core/cmd/tui/model.go:75.2,75.20 1 0
github.com/ElioNeto/vyx/core/cmd/tui/model.go:75.20,77.3 1 0
github.com/ElioNeto/vyx/core/cmd/tui/model.go:79.2,79.12 1 0
github.com/ElioNeto/vyx/core/cmd/tui/model.go:83.34,86.24 3 0
github.com/ElioNeto/vyx/core/cmd/tui/model.go:86.24,87.43 1 0
github.com/ElioNeto/vyx/core/cmd/tui/model.go:87.43,89.4 1 0
github.com/ElioNeto/vyx/core/cmd/tui/model.go:91.2,92.22 2 0
github.com/ElioNeto/vyx/core/cmd/tui/model.go:92.22,94.3 1 0
github.com/ElioNeto/vyx/core/cmd/tui/model.go:95.2,95.21 1 0
github.com/ElioNeto/vyx/core/cmd/tui/model.go:121.65,122.39 1 0
github.com/ElioNeto/vyx/core/cmd/tui/model.go:122.39,124.3 1 0
github.com/ElioNeto/vyx/core/cmd/tui/model.go:126.2,127.13 2 0
github.com/ElioNeto/vyx/core/cmd/tui/model.go:128.23,129.82 1 0
github.com/ElioNeto/vyx/core/cmd/tui/model.go:130.21,131.82 1 0
github.com/ElioNeto/vyx/core/cmd/tui/model.go:132.23,133.82 1 0
github.com/ElioNeto/vyx/core/cmd/tui/model.go:134.25,135.82 1 0
github.com/ElioNeto/vyx/core/cmd/tui/model.go:136.10,137.18 1 0
github.com/ElioNeto/vyx/core/cmd/tui/update.go:10.57,11.27 1 0
github.com/ElioNeto/vyx/core/cmd/tui/update.go:12.18,13.10 1 0
github.com/ElioNeto/vyx/core/cmd/tui/update.go:14.25,15.17 1 0
github.com/ElioNeto/vyx/core/cmd/tui/update.go:17.25,21.16 4 0
github.com/ElioNeto/vyx/core/cmd/tui/update.go:22.18,25.16 2 0
github.com/ElioNeto/vyx/core/cmd/tui/update.go:27.2,27.15 1 0
github.com/ElioNeto/vyx/core/cmd/tui/update.go:30.48,31.22 1 0
github.com/ElioNeto/vyx/core/cmd/tui/update.go:32.21,33.14 1 0
github.com/ElioNeto/vyx/core/cmd/tui/update.go:34.17,35.22 1 0
github.com/ElioNeto/vyx/core/cmd/tui/update.go:35.22,37.4 1 0
github.com/ElioNeto/vyx/core/cmd/tui/update.go:38.19,39.50 1 0
github.com/ElioNeto/vyx/core/cmd/tui/update.go:39.50,41.4 1 0
github.com/ElioNeto/vyx/core/cmd/tui/update.go:42.24,44.22 2 0
github.com/ElioNeto/vyx/core/cmd/tui/update.go:44.22,46.4 1 0
github.com/ElioNeto/vyx/core/cmd/tui/update.go:47.26,48.34 1 0
github.com/ElioNeto/vyx/core/cmd/tui/update.go:49.11,50.18 1 0
github.com/ElioNeto/vyx/core/cmd/tui/update.go:51.11,53.22 2 0
github.com/ElioNeto/vyx/core/cmd/tui/update.go:53.22,55.4 1 0
github.com/ElioNeto/vyx/core/cmd/tui/update.go:56.13,57.18 1 0
github.com/ElioNeto/vyx/core/cmd/tui/update.go:58.11,59.27 1 0
github.com/ElioNeto/vyx/core/cmd/tui/update.go:61.2,61.14 1 0
github.com/ElioNeto/vyx/core/cmd/tui/update.go:65.31,66.26 1 0
github.com/ElioNeto/vyx/core/cmd/tui/update.go:66.26,67.25 1 0
github.com/ElioNeto/vyx/core/cmd/tui/update.go:67.25,69.4 1 0
github.com/ElioNeto/vyx/core/cmd/tui/update.go:70.8,72.31 2 0
github.com/ElioNeto/vyx/core/cmd/tui/update.go:72.31,73.24 1 0
github.com/ElioNeto/vyx/core/cmd/tui/update.go:73.24,75.10 2 0
github.com/ElioNeto/vyx/core/cmd/tui/update.go:78.3,78.41 1 0
github.com/ElioNeto/vyx/core/cmd/tui/update.go:78.41,80.4 1 0
github.com/ElioNeto/vyx/core/cmd/tui/update.go:80.9,82.4 1 0
github.com/ElioNeto/vyx/core/cmd/tui/update.go:84.2,84.17 1 0
github.com/ElioNeto/vyx/core/cmd/tui/view.go:12.30,14.31 2 0
github.com/ElioNeto/vyx/core/cmd/tui/view.go:14.31,16.3 1 0
github.com/ElioNeto/vyx/core/cmd/tui/view.go:19.2,19.49 1 0
github.com/ElioNeto/vyx/core/cmd/tui/view.go:19.49,21.3 1 0
github.com/ElioNeto/vyx/core/cmd/tui/view.go:22.2,22.21 1 0
github.com/ElioNeto/vyx/core/cmd/tui/view.go:22.21,24.3 1 0
github.com/ElioNeto/vyx/core/cmd/tui/view.go:27.2,28.28 2 0
github.com/ElioNeto/vyx/core/cmd/tui/view.go:28.28,30.3 1 0
github.com/ElioNeto/vyx/core/cmd/tui/view.go:32.2,34.24 3 0
github.com/ElioNeto/vyx/core/cmd/tui/view.go:34.24,36.3 1 0
github.com/ElioNeto/vyx/core/cmd/tui/view.go:38.2,45.62 4 0
github.com/ElioNeto/vyx/core/cmd/tui/view.go:48.39,52.19 4 0
github.com/ElioNeto/vyx/core/cmd/tui/view.go:52.19,54.3 1 0
github.com/ElioNeto/vyx/core/cmd/tui/view.go:56.2,64.24 3 0
github.com/ElioNeto/vyx/core/cmd/tui/view.go:67.38,78.26 3 0
github.com/ElioNeto/vyx/core/cmd/tui/view.go:78.26,80.3 1 0
github.com/ElioNeto/vyx/core/cmd/tui/view.go:81.2,82.20 2 0
github.com/ElioNeto/vyx/core/cmd/tui/view.go:82.20,84.3 1 0
github.com/ElioNeto/vyx/core/cmd/tui/view.go:86.2,90.18 2 0
github.com/ElioNeto/vyx/core/cmd/tui/view.go:93.35,96.11 2 0
github.com/ElioNeto/vyx/core/cmd/tui/view.go:96.11,98.3 1 0
github.com/ElioNeto/vyx/core/cmd/tui/view.go:99.2,99.10 1 0
github.com/ElioNeto/vyx/core/application/gateway/access_log_lifecycle.go:18.65,20.2 1 13
github.com/ElioNeto/vyx/core/application/gateway/access_log_lifecycle.go:22.122,26.2 3 12
github.com/ElioNeto/vyx/core/application/gateway/access_log_lifecycle.go:28.119,34.9 5 8
github.com/ElioNeto/vyx/core/application/gateway/access_log_lifecycle.go:34.9,39.3 2 1
github.com/ElioNeto/vyx/core/application/gateway/access_log_lifecycle.go:39.8,41.3 1 7
github.com/ElioNeto/vyx/core/application/gateway/access_log_lifecycle.go:42.2,45.28 3 8
github.com/ElioNeto/vyx/core/application/gateway/access_log_lifecycle.go:45.28,47.3 1 1
github.com/ElioNeto/vyx/core/application/gateway/access_log_lifecycle.go:48.2,55.3 1 8
github.com/ElioNeto/vyx/core/application/gateway/access_log_lifecycle.go:58.118,69.2 3 3
github.com/ElioNeto/vyx/core/application/gateway/access_log_lifecycle.go:71.48,72.37 1 8
github.com/ElioNeto/vyx/core/application/gateway/access_log_lifecycle.go:72.37,74.3 1 5
github.com/ElioNeto/vyx/core/application/gateway/access_log_lifecycle.go:75.2,75.26 1 3
github.com/ElioNeto/vyx/core/application/gateway/dispatcher.go:54.15,58.27 3 9
github.com/ElioNeto/vyx/core/application/gateway/dispatcher.go:58.27,59.26 1 8
github.com/ElioNeto/vyx/core/application/gateway/dispatcher.go:60.23,61.21 1 0
github.com/ElioNeto/vyx/core/application/gateway/dispatcher.go:62.25,63.44 1 8
github.com/ElioNeto/vyx/core/application/gateway/dispatcher.go:67.2,67.48 1 9
github.com/ElioNeto/vyx/core/application/gateway/dispatcher.go:67.48,75.3 1 0
github.com/ElioNeto/vyx/core/application/gateway/dispatcher.go:76.2,87.36 2 9
github.com/ElioNeto/vyx/core/application/gateway/dispatcher.go:87.36,89.3 1 8
github.com/ElioNeto/vyx/core/application/gateway/dispatcher.go:90.2,90.10 1 9
github.com/ElioNeto/vyx/core/application/gateway/dispatcher.go:97.70,98.29 1 0
github.com/ElioNeto/vyx/core/application/gateway/dispatcher.go:98.29,100.3 1 0
github.com/ElioNeto/vyx/core/application/gateway/dispatcher.go:104.69,105.29 1 8
github.com/ElioNeto/vyx/core/application/gateway/dispatcher.go:105.29,107.3 1 8
github.com/ElioNeto/vyx/core/application/gateway/dispatcher.go:111.45,111.64 1 0
github.com/ElioNeto/vyx/core/application/gateway/dispatcher.go:114.48,114.70 1 0
github.com/ElioNeto/vyx/core/application/gateway/dispatcher.go:117.41,117.57 1 0
github.com/ElioNeto/vyx/core/application/gateway/dispatcher.go:120.46,120.66 1 0
github.com/ElioNeto/vyx/core/application/gateway/dispatcher.go:123.107,128.25 3 9
github.com/ElioNeto/vyx/core/application/gateway/dispatcher.go:128.25,130.3 1 0
github.com/ElioNeto/vyx/core/application/gateway/dispatcher.go:131.2,138.15 5 9
github.com/ElioNeto/vyx/core/application/gateway/dispatcher.go:138.15,140.33 2 9
github.com/ElioNeto/vyx/core/application/gateway/dispatcher.go:140.33,141.42 1 0
github.com/ElioNeto/vyx/core/application/gateway/dispatcher.go:141.42,143.5 1 0
github.com/ElioNeto/vyx/core/application/gateway/dispatcher.go:144.4,144.33 1 0
github.com/ElioNeto/vyx/core/application/gateway/dispatcher.go:149.2,150.9 2 9
github.com/ElioNeto/vyx/core/application/gateway/dispatcher.go:150.9,156.3 5 0
github.com/ElioNeto/vyx/core/application/gateway/dispatcher.go:157.2,166.17 7 9
github.com/ElioNeto/vyx/core/application/gateway/dispatcher.go:166.17,178.3 6 0
github.com/ElioNeto/vyx/core/application/gateway/dispatcher.go:181.2,181.32 1 9
github.com/ElioNeto/vyx/core/application/gateway/dispatcher.go:181.32,183.51 2 0
github.com/ElioNeto/vyx/core/application/gateway/dispatcher.go:183.51,187.4 3 0
github.com/ElioNeto/vyx/core/application/gateway/dispatcher.go:191.2,191.62 1 9
github.com/ElioNeto/vyx/core/application/gateway/dispatcher.go:191.62,202.3 5 0
github.com/ElioNeto/vyx/core/application/gateway/dispatcher.go:205.2,205.22 1 9
github.com/ElioNeto/vyx/core/application/gateway/dispatcher.go:205.22,208.3 2 9
github.com/ElioNeto/vyx/core/application/gateway/dispatcher.go:211.2,211.30 1 9
github.com/ElioNeto/vyx/core/application/gateway/dispatcher.go:211.30,213.18 2 0
github.com/ElioNeto/vyx/core/application/gateway/dispatcher.go:213.18,219.4 5 0
github.com/ElioNeto/vyx/core/application/gateway/dispatcher.go:221.3,221.47 1 0
github.com/ElioNeto/vyx/core/application/gateway/dispatcher.go:221.47,223.4 1 0
github.com/ElioNeto/vyx/core/application/gateway/dispatcher.go:224.3,225.17 2 0
github.com/ElioNeto/vyx/core/application/gateway/dispatcher.go:225.17,231.4 5 0
github.com/ElioNeto/vyx/core/application/gateway/dispatcher.go:232.3,235.54 2 0
github.com/ElioNeto/vyx/core/application/gateway/dispatcher.go:235.54,241.4 5 0
github.com/ElioNeto/vyx/core/application/gateway/dispatcher.go:245.2,245.47 1 9
github.com/ElioNeto/vyx/core/application/gateway/dispatcher.go:245.47,246.69 1 0
github.com/ElioNeto/vyx/core/application/gateway/dispatcher.go:246.69,252.4 5 0
github.com/ElioNeto/vyx/core/application/gateway/dispatcher.go:256.2,257.31 2 9
github.com/ElioNeto/vyx/core/application/gateway/dispatcher.go:257.31,258.65 1 22
github.com/ElioNeto/vyx/core/application/gateway/dispatcher.go:258.65,264.4 5 2
github.com/ElioNeto/vyx/core/application/gateway/dispatcher.go:268.2,278.16 2 7
github.com/ElioNeto/vyx/core/application/gateway/dispatcher.go:278.16,281.3 2 0
github.com/ElioNeto/vyx/core/application/gateway/dispatcher.go:283.2,289.17 3 7
github.com/ElioNeto/vyx/core/application/gateway/dispatcher.go:289.17,294.32 5 1
github.com/ElioNeto/vyx/core/application/gateway/dispatcher.go:294.32,296.4 1 2
github.com/ElioNeto/vyx/core/application/gateway/dispatcher.go:297.3,298.21 2 1
github.com/ElioNeto/vyx/core/application/gateway/dispatcher.go:303.2,304.16 2 6
github.com/ElioNeto/vyx/core/application/gateway/dispatcher.go:304.16,305.31 1 1
github.com/ElioNeto/vyx/core/application/gateway/dispatcher.go:305.31,310.33 5 0
github.com/ElioNeto/vyx/core/application/gateway/dispatcher.go:310.33,312.5 1 0
github.com/ElioNeto/vyx/core/application/gateway/dispatcher.go:313.4,314.38 2 0
github.com/ElioNeto/vyx/core/application/gateway/dispatcher.go:316.3,320.32 5 1
github.com/ElioNeto/vyx/core/application/gateway/dispatcher.go:320.32,322.4 1 2
github.com/ElioNeto/vyx/core/application/gateway/dispatcher.go:323.3,324.21 2 1
github.com/ElioNeto/vyx/core/application/gateway/dispatcher.go:327.2,327.35 1 5
github.com/ElioNeto/vyx/core/application/gateway/dispatcher.go:327.35,331.32 4 0
github.com/ElioNeto/vyx/core/application/gateway/dispatcher.go:331.32,333.4 1 0
github.com/ElioNeto/vyx/core/application/gateway/dispatcher.go:334.3,339.9 2 0
github.com/ElioNeto/vyx/core/application/gateway/dispatcher.go:343.2,344.69 2 5
github.com/ElioNeto/vyx/core/application/gateway/dispatcher.go:344.69,352.32 3 0
github.com/ElioNeto/vyx/core/application/gateway/dispatcher.go:352.32,354.4 1 0
github.com/ElioNeto/vyx/core/application/gateway/dispatcher.go:355.3,355.19 1 0
github.com/ElioNeto/vyx/core/application/gateway/dispatcher.go:358.2,358.32 1 5
github.com/ElioNeto/vyx/core/application/gateway/dispatcher.go:358.32,360.3 1 0
github.com/ElioNeto/vyx/core/application/gateway/dispatcher.go:361.2,368.29 5 5
github.com/ElioNeto/vyx/core/application/gateway/dispatcher.go:368.29,370.3 1 5
github.com/ElioNeto/vyx/core/application/gateway/dispatcher.go:372.2,378.31 2 5
github.com/ElioNeto/vyx/core/application/gateway/dispatcher.go:378.31,380.3 1 13
github.com/ElioNeto/vyx/core/application/gateway/dispatcher.go:383.2,383.34 1 5
github.com/ElioNeto/vyx/core/application/gateway/dispatcher.go:383.34,385.3 1 0
github.com/ElioNeto/vyx/core/application/gateway/dispatcher.go:385.8,387.3 1 5
github.com/ElioNeto/vyx/core/application/gateway/dispatcher.go:389.2,389.18 1 5
github.com/ElioNeto/vyx/core/application/gateway/dispatcher.go:393.64,395.32 2 0
github.com/ElioNeto/vyx/core/application/gateway/dispatcher.go:395.32,397.3 1 0
github.com/ElioNeto/vyx/core/application/gateway/dispatcher.go:398.2,398.34 1 0
github.com/ElioNeto/vyx/core/application/gateway/dispatcher.go:398.34,399.26 1 0
github.com/ElioNeto/vyx/core/application/gateway/dispatcher.go:399.26,401.4 1 0
github.com/ElioNeto/vyx/core/application/gateway/dispatcher.go:403.2,403.14 1 0
github.com/ElioNeto/vyx/core/application/gateway/lifecycle.go:25.55,26.16 1 23
github.com/ElioNeto/vyx/core/application/gateway/lifecycle.go:26.16,28.3 1 0
github.com/ElioNeto/vyx/core/application/gateway/lifecycle.go:29.2,29.51 1 23
github.com/ElioNeto/vyx/core/application/gateway/lifecycle.go:29.51,31.3 1 23
github.com/ElioNeto/vyx/core/application/gateway/lifecycle.go:32.2,32.12 1 0
github.com/ElioNeto/vyx/core/application/gateway/proxylistener.go:47.69,52.2 1 11
github.com/ElioNeto/vyx/core/application/gateway/proxylistener.go:55.46,59.2 3 1
github.com/ElioNeto/vyx/core/application/gateway/proxylistener.go:64.78,68.2 3 1
github.com/ElioNeto/vyx/core/application/gateway/proxylistener.go:72.74,73.21 1 2
github.com/ElioNeto/vyx/core/application/gateway/proxylistener.go:73.21,75.3 1 2
github.com/ElioNeto/vyx/core/application/gateway/proxylistener.go:76.2,76.19 1 0
github.com/ElioNeto/vyx/core/application/gateway/proxylistener.go:115.59,116.30 1 2
github.com/ElioNeto/vyx/core/application/gateway/proxylistener.go:116.30,118.3 1 1
github.com/ElioNeto/vyx/core/application/gateway/proxylistener.go:122.60,123.31 1 2
github.com/ElioNeto/vyx/core/application/gateway/proxylistener.go:123.31,125.3 1 1
github.com/ElioNeto/vyx/core/application/gateway/proxylistener.go:129.85,130.32 1 2
github.com/ElioNeto/vyx/core/application/gateway/proxylistener.go:130.32,132.3 1 1
github.com/ElioNeto/vyx/core/application/gateway/proxylistener.go:136.67,137.25 1 2
github.com/ElioNeto/vyx/core/application/gateway/proxylistener.go:137.25,139.3 1 1
github.com/ElioNeto/vyx/core/application/gateway/ratelimiter.go:16.62,20.28 4 17
github.com/ElioNeto/vyx/core/application/gateway/ratelimiter.go:20.28,23.3 2 8
github.com/ElioNeto/vyx/core/application/gateway/ratelimiter.go:24.2,24.22 1 17
github.com/ElioNeto/vyx/core/application/gateway/ratelimiter.go:24.22,26.3 1 2
github.com/ElioNeto/vyx/core/application/gateway/ratelimiter.go:27.2,28.13 2 15
github.com/ElioNeto/vyx/core/application/gateway/ratelimiter.go:46.77,54.2 1 5
github.com/ElioNeto/vyx/core/application/gateway/ratelimiter.go:57.55,59.16 2 14
github.com/ElioNeto/vyx/core/application/gateway/ratelimiter.go:59.16,61.3 1 0
github.com/ElioNeto/vyx/core/application/gateway/ratelimiter.go:62.2,62.71 1 14
github.com/ElioNeto/vyx/core/application/gateway/ratelimiter.go:66.53,67.17 1 13
github.com/ElioNeto/vyx/core/application/gateway/ratelimiter.go:67.17,69.3 1 10
github.com/ElioNeto/vyx/core/application/gateway/ratelimiter.go:70.2,70.79 1 3
github.com/ElioNeto/vyx/core/application/gateway/ratelimiter.go:73.93,77.8 4 17
github.com/ElioNeto/vyx/core/application/gateway/ratelimiter.go:77.8,79.3 1 9
github.com/ElioNeto/vyx/core/application/gateway/ratelimiter.go:80.2,82.24 3 8
github.com/ElioNeto/vyx/core/application/gateway/ratelimiter.go:82.24,84.3 1 0
github.com/ElioNeto/vyx/core/application/gateway/ratelimiter.go:85.2,87.10 3 8
github.com/ElioNeto/vyx/core/application/gateway/security_headers.go:5.42,14.2 1 3
github.com/ElioNeto/vyx/core/cmd/vyx/cmd_dev.go:14.66,16.16 2 0
github.com/ElioNeto/vyx/core/cmd/vyx/cmd_dev.go:16.16,18.3 1 0
github.com/ElioNeto/vyx/core/cmd/vyx/cmd_dev.go:19.2,19.57 1 0
github.com/ElioNeto/vyx/core/cmd/vyx/cmd_dev.go:22.50,24.2 1 0
github.com/ElioNeto/vyx/core/cmd/vyx/cmd_dev.go:26.40,28.2 1 0
github.com/ElioNeto/vyx/core/cmd/vyx/main.go:51.13,52.22 1 0
github.com/ElioNeto/vyx/core/cmd/vyx/main.go:52.22,55.3 2 0
github.com/ElioNeto/vyx/core/cmd/vyx/main.go:57.2,61.16 3 0
github.com/ElioNeto/vyx/core/cmd/vyx/main.go:62.13,63.33 1 0
github.com/ElioNeto/vyx/core/cmd/vyx/main.go:63.33,64.20 1 0
github.com/ElioNeto/vyx/core/cmd/vyx/main.go:64.20,66.5 1 0
github.com/ElioNeto/vyx/core/cmd/vyx/main.go:70.2,70.16 1 0
github.com/ElioNeto/vyx/core/cmd/vyx/main.go:71.13,72.23 1 0
github.com/ElioNeto/vyx/core/cmd/vyx/main.go:72.23,74.4 1 0
github.com/ElioNeto/vyx/core/cmd/vyx/main.go:75.3,75.21 1 0
github.com/ElioNeto/vyx/core/cmd/vyx/main.go:76.13,77.27 1 0
github.com/ElioNeto/vyx/core/cmd/vyx/main.go:78.14,79.12 1 0
github.com/ElioNeto/vyx/core/cmd/vyx/main.go:80.15,81.26 1 0
github.com/ElioNeto/vyx/core/cmd/vyx/main.go:82.15,83.13 1 0
github.com/ElioNeto/vyx/core/cmd/vyx/main.go:84.18,85.16 1 0
github.com/ElioNeto/vyx/core/cmd/vyx/main.go:86.30,87.15 1 0
github.com/ElioNeto/vyx/core/cmd/vyx/main.go:88.10,91.13 3 0
github.com/ElioNeto/vyx/core/cmd/vyx/main.go:95.19,107.2 1 0
github.com/ElioNeto/vyx/core/cmd/vyx/main.go:111.26,112.48 1 0
github.com/ElioNeto/vyx/core/cmd/vyx/main.go:112.48,114.3 1 0
github.com/ElioNeto/vyx/core/cmd/vyx/main.go:116.2,131.16 6 0
github.com/ElioNeto/vyx/core/cmd/vyx/main.go:131.16,133.3 1 0
github.com/ElioNeto/vyx/core/cmd/vyx/main.go:134.2,134.85 1 0
github.com/ElioNeto/vyx/core/cmd/vyx/main.go:134.85,136.3 1 0
github.com/ElioNeto/vyx/core/cmd/vyx/main.go:138.2,138.53 1 0
github.com/ElioNeto/vyx/core/cmd/vyx/main.go:138.53,139.69 1 0
github.com/ElioNeto/vyx/core/cmd/vyx/main.go:139.69,141.4 1 0
github.com/ElioNeto/vyx/core/cmd/vyx/main.go:144.2,145.93 2 0
github.com/ElioNeto/vyx/core/cmd/vyx/main.go:145.93,147.3 1 0
github.com/ElioNeto/vyx/core/cmd/vyx/main.go:149.2,149.79 1 0
github.com/ElioNeto/vyx/core/cmd/vyx/main.go:154.17,159.46 4 0
github.com/ElioNeto/vyx/core/cmd/vyx/main.go:159.46,161.3 1 0
github.com/ElioNeto/vyx/core/cmd/vyx/main.go:162.2,162.49 1 0
github.com/ElioNeto/vyx/core/cmd/vyx/main.go:162.49,164.3 1 0
github.com/ElioNeto/vyx/core/cmd/vyx/main.go:166.2,167.18 2 0
github.com/ElioNeto/vyx/core/cmd/vyx/main.go:167.18,169.3 1 0
github.com/ElioNeto/vyx/core/cmd/vyx/main.go:171.2,171.61 1 0
github.com/ElioNeto/vyx/core/cmd/vyx/main.go:171.61,173.3 1 0
github.com/ElioNeto/vyx/core/cmd/vyx/main.go:174.2,174.58 1 0
github.com/ElioNeto/vyx/core/cmd/vyx/main.go:179.20,183.46 3 0
github.com/ElioNeto/vyx/core/cmd/vyx/main.go:183.46,185.3 1 0
github.com/ElioNeto/vyx/core/cmd/vyx/main.go:187.2,188.18 2 0
github.com/ElioNeto/vyx/core/cmd/vyx/main.go:188.18,190.3 1 0
github.com/ElioNeto/vyx/core/cmd/vyx/main.go:192.2,192.58 1 0
github.com/ElioNeto/vyx/core/cmd/vyx/main.go:192.58,194.3 1 0
github.com/ElioNeto/vyx/core/cmd/vyx/main.go:196.2,197.16 2 0
github.com/ElioNeto/vyx/core/cmd/vyx/main.go:197.16,199.3 1 0
github.com/ElioNeto/vyx/core/cmd/vyx/main.go:200.2,201.54 2 0
github.com/ElioNeto/vyx/core/cmd/vyx/main.go:201.54,203.3 1 0
github.com/ElioNeto/vyx/core/cmd/vyx/main.go:204.2,206.24 3 0
github.com/ElioNeto/vyx/core/cmd/vyx/main.go:210.56,215.17 2 0
github.com/ElioNeto/vyx/core/cmd/vyx/main.go:215.17,217.3 1 0
github.com/ElioNeto/vyx/core/cmd/vyx/main.go:218.2,218.17 1 0
github.com/ElioNeto/vyx/core/cmd/vyx/main.go:218.17,220.3 1 0
github.com/ElioNeto/vyx/core/cmd/vyx/main.go:222.2,226.34 4 0
github.com/ElioNeto/vyx/core/cmd/vyx/main.go:226.34,229.17 2 0
github.com/ElioNeto/vyx/core/cmd/vyx/main.go:229.17,230.43 1 0
github.com/ElioNeto/vyx/core/cmd/vyx/main.go:230.43,232.6 1 0
github.com/ElioNeto/vyx/core/cmd/vyx/main.go:233.5,233.17 1 0
github.com/ElioNeto/vyx/core/cmd/vyx/main.go:234.9,236.4 1 0
github.com/ElioNeto/vyx/core/cmd/vyx/main.go:237.3,237.13 1 0
github.com/ElioNeto/vyx/core/cmd/vyx/main.go:239.2,239.12 1 0
github.com/ElioNeto/vyx/core/cmd/vyx/main.go:244.16,247.2 2 0
github.com/ElioNeto/vyx/core/cmd/vyx/main.go:253.74,262.13 8 0
github.com/ElioNeto/vyx/core/cmd/vyx/main.go:262.13,267.3 4 0
github.com/ElioNeto/vyx/core/cmd/vyx/main.go:267.8,270.3 2 0
github.com/ElioNeto/vyx/core/cmd/vyx/main.go:273.2,277.16 3 0
github.com/ElioNeto/vyx/core/cmd/vyx/main.go:277.16,281.3 3 0
github.com/ElioNeto/vyx/core/cmd/vyx/main.go:283.2,283.27 1 0
github.com/ElioNeto/vyx/core/cmd/vyx/main.go:292.54,294.50 2 0
github.com/ElioNeto/vyx/core/cmd/vyx/main.go:294.50,302.3 1 0
github.com/ElioNeto/vyx/core/cmd/vyx/main.go:302.8,303.25 1 0
github.com/ElioNeto/vyx/core/cmd/vyx/main.go:303.25,305.4 1 0
github.com/ElioNeto/vyx/core/cmd/vyx/main.go:307.2,308.20 2 0
github.com/ElioNeto/vyx/core/cmd/vyx/main.go:311.38,311.52 1 0
github.com/ElioNeto/vyx/core/cmd/vyx/main.go:335.3,339.16 3 0
github.com/ElioNeto/vyx/core/cmd/vyx/main.go:339.16,342.3 2 0
github.com/ElioNeto/vyx/core/cmd/vyx/main.go:343.2,343.15 1 0
github.com/ElioNeto/vyx/core/cmd/vyx/main.go:343.15,343.38 1 0
github.com/ElioNeto/vyx/core/cmd/vyx/main.go:346.2,349.31 3 0
github.com/ElioNeto/vyx/core/cmd/vyx/main.go:349.31,351.21 2 0
github.com/ElioNeto/vyx/core/cmd/vyx/main.go:351.21,353.4 1 0
github.com/ElioNeto/vyx/core/cmd/vyx/main.go:354.3,354.32 1 0
github.com/ElioNeto/vyx/core/cmd/vyx/main.go:354.32,356.4 1 0
github.com/ElioNeto/vyx/core/cmd/vyx/main.go:357.3,358.17 2 0
github.com/ElioNeto/vyx/core/cmd/vyx/main.go:358.17,364.12 2 0
github.com/ElioNeto/vyx/core/cmd/vyx/main.go:367.3,368.20 2 0
github.com/ElioNeto/vyx/core/cmd/vyx/main.go:368.20,370.4 1 0
github.com/ElioNeto/vyx/core/cmd/vyx/main.go:373.3,374.33 2 0
github.com/ElioNeto/vyx/core/cmd/vyx/main.go:374.33,376.20 2 0
github.com/ElioNeto/vyx/core/cmd/vyx/main.go:376.20,378.5 1 0
github.com/ElioNeto/vyx/core/cmd/vyx/main.go:379.4,379.26 1 0
github.com/ElioNeto/vyx/core/cmd/vyx/main.go:382.3,382.35 1 0
github.com/ElioNeto/vyx/core/cmd/vyx/main.go:382.35,385.4 1 0
github.com/ElioNeto/vyx/core/cmd/vyx/main.go:385.9,388.43 3 0
github.com/ElioNeto/vyx/core/cmd/vyx/main.go:388.43,393.5 1 0
github.com/ElioNeto/vyx/core/cmd/vyx/main.go:393.10,395.5 1 0
github.com/ElioNeto/vyx/core/cmd/vyx/main.go:400.2,401.62 2 0
github.com/ElioNeto/vyx/core/cmd/vyx/main.go:401.62,406.3 1 0
github.com/ElioNeto/vyx/core/cmd/vyx/main.go:409.2,416.43 4 0
github.com/ElioNeto/vyx/core/cmd/vyx/main.go:416.43,420.36 3 0
github.com/ElioNeto/vyx/core/cmd/vyx/main.go:420.36,424.4 2 0
github.com/ElioNeto/vyx/core/cmd/vyx/main.go:426.3,427.40 2 0
github.com/ElioNeto/vyx/core/cmd/vyx/main.go:427.40,428.11 1 0
github.com/ElioNeto/vyx/core/cmd/vyx/main.go:429.20,430.11 1 0
github.com/ElioNeto/vyx/core/cmd/vyx/main.go:431.22,432.11 1 0
github.com/ElioNeto/vyx/core/cmd/vyx/main.go:433.12,433.12 0 0
github.com/ElioNeto/vyx/core/cmd/vyx/main.go:436.4,445.70 7 0
github.com/ElioNeto/vyx/core/cmd/vyx/main.go:445.70,450.5 1 0
github.com/ElioNeto/vyx/core/cmd/vyx/main.go:452.3,452.58 1 0
github.com/ElioNeto/vyx/core/cmd/vyx/main.go:455.2,455.6 1 0
github.com/ElioNeto/vyx/core/cmd/vyx/main.go:455.6,456.10 1 0
github.com/ElioNeto/vyx/core/cmd/vyx/main.go:457.21,460.29 2 0
github.com/ElioNeto/vyx/core/cmd/vyx/main.go:460.29,463.5 2 0
github.com/ElioNeto/vyx/core/cmd/vyx/main.go:464.4,465.10 2 0
github.com/ElioNeto/vyx/core/cmd/vyx/main.go:467.38,468.11 1 0
github.com/ElioNeto/vyx/core/cmd/vyx/main.go:468.11,470.5 1 0
github.com/ElioNeto/vyx/core/cmd/vyx/main.go:471.4,471.70 1 0
github.com/ElioNeto/vyx/core/cmd/vyx/main.go:471.70,472.13 1 0
github.com/ElioNeto/vyx/core/cmd/vyx/main.go:475.4,478.28 2 0
github.com/ElioNeto/vyx/core/cmd/vyx/main.go:478.28,480.58 2 0
github.com/ElioNeto/vyx/core/cmd/vyx/main.go:480.58,482.6 1 0
github.com/ElioNeto/vyx/core/cmd/vyx/main.go:483.5,483.13 1 0
github.com/ElioNeto/vyx/core/cmd/vyx/main.go:486.4,486.33 1 0
github.com/ElioNeto/vyx/core/cmd/vyx/main.go:486.33,487.13 1 0
github.com/ElioNeto/vyx/core/cmd/vyx/main.go:491.4,491.34 1 0
github.com/ElioNeto/vyx/core/cmd/vyx/main.go:491.34,493.29 1 0
github.com/ElioNeto/vyx/core/cmd/vyx/main.go:493.29,494.42 1 0
github.com/ElioNeto/vyx/core/cmd/vyx/main.go:494.42,500.7 2 0
github.com/ElioNeto/vyx/core/cmd/vyx/main.go:501.6,501.11 1 0
github.com/ElioNeto/vyx/core/cmd/vyx/main.go:505.36,506.11 1 0
github.com/ElioNeto/vyx/core/cmd/vyx/main.go:506.11,508.5 1 0
github.com/ElioNeto/vyx/core/cmd/vyx/main.go:509.4,509.58 1 0
github.com/ElioNeto/vyx/core/cmd/vyx/main.go:514.44,516.13 2 0
github.com/ElioNeto/vyx/core/cmd/vyx/main.go:516.13,518.3 1 0
github.com/ElioNeto/vyx/core/cmd/vyx/main.go:520.2,521.16 2 0
github.com/ElioNeto/vyx/core/cmd/vyx/main.go:521.16,523.3 1 0
github.com/ElioNeto/vyx/core/cmd/vyx/main.go:524.2,524.15 1 0
github.com/ElioNeto/vyx/core/cmd/vyx/main.go:524.15,524.33 1 0
github.com/ElioNeto/vyx/core/cmd/vyx/main.go:527.2,528.43 2 0
github.com/ElioNeto/vyx/core/cmd/vyx/main.go:528.43,530.3 1 0
github.com/ElioNeto/vyx/core/cmd/vyx/main.go:531.2,533.16 3 0
github.com/ElioNeto/vyx/core/cmd/vyx/main.go:533.16,535.3 1 0
github.com/ElioNeto/vyx/core/cmd/vyx/main.go:536.2,546.24 4 0
github.com/ElioNeto/vyx/core/cmd/vyx/main.go:546.24,548.3 1 0
github.com/ElioNeto/vyx/core/cmd/vyx/main.go:551.2,551.35 1 0
github.com/ElioNeto/vyx/core/cmd/vyx/main.go:551.35,553.3 1 0
github.com/ElioNeto/vyx/core/cmd/vyx/main.go:554.2,555.16 2 0
github.com/ElioNeto/vyx/core/cmd/vyx/main.go:555.16,559.3 2 0
github.com/ElioNeto/vyx/core/cmd/vyx/main.go:560.2,566.21 5 0
github.com/ElioNeto/vyx/core/cmd/vyx/main.go:566.21,568.3 1 0
github.com/ElioNeto/vyx/core/cmd/vyx/main.go:569.2,580.16 6 0
github.com/ElioNeto/vyx/core/cmd/vyx/main.go:580.16,582.3 1 0
github.com/ElioNeto/vyx/core/cmd/vyx/main.go:583.2,601.21 9 0
github.com/ElioNeto/vyx/core/cmd/vyx/main.go:601.21,604.3 1 0
github.com/ElioNeto/vyx/core/cmd/vyx/main.go:605.2,634.13 7 0
github.com/ElioNeto/vyx/core/cmd/vyx/main.go:634.13,636.3 1 0
github.com/ElioNeto/vyx/core/cmd/vyx/main.go:636.8,638.3 1 0
github.com/ElioNeto/vyx/core/cmd/vyx/main.go:639.2,648.13 5 0
github.com/ElioNeto/vyx/core/cmd/vyx/main.go:648.13,652.3 1 0
github.com/ElioNeto/vyx/core/cmd/vyx/main.go:652.8,656.3 1 0
github.com/ElioNeto/vyx/core/cmd/vyx/main.go:659.2,659.16 1 0
github.com/ElioNeto/vyx/core/cmd/vyx/main.go:659.16,660.13 1 0
github.com/ElioNeto/vyx/core/cmd/vyx/main.go:660.13,661.39 1 0
github.com/ElioNeto/vyx/core/cmd/vyx/main.go:661.39,663.5 1 0
github.com/ElioNeto/vyx/core/cmd/vyx/main.go:669.2,669.13 1 0
github.com/ElioNeto/vyx/core/cmd/vyx/main.go:669.13,671.3 1 0
github.com/ElioNeto/vyx/core/cmd/vyx/main.go:674.2,674.35 1 0
github.com/ElioNeto/vyx/core/cmd/vyx/main.go:674.35,676.20 2 0
github.com/ElioNeto/vyx/core/cmd/vyx/main.go:676.20,678.4 1 0
github.com/ElioNeto/vyx/core/cmd/vyx/main.go:679.3,679.33 1 0
github.com/ElioNeto/vyx/core/cmd/vyx/main.go:679.33,681.20 2 0
github.com/ElioNeto/vyx/core/cmd/vyx/main.go:681.20,683.5 1 0
github.com/ElioNeto/vyx/core/cmd/vyx/main.go:685.4,685.60 1 0
github.com/ElioNeto/vyx/core/cmd/vyx/main.go:685.60,688.13 2 0
github.com/ElioNeto/vyx/core/cmd/vyx/main.go:691.4,695.19 4 0
github.com/ElioNeto/vyx/core/cmd/vyx/main.go:695.19,698.5 1 0
github.com/ElioNeto/vyx/core/cmd/vyx/main.go:698.10,701.5 1 0
github.com/ElioNeto/vyx/core/cmd/vyx/main.go:703.5,705.32 3 0
github.com/ElioNeto/vyx/core/cmd/vyx/main.go:705.32,707.6 1 0
github.com/ElioNeto/vyx/core/cmd/vyx/main.go:713.4,714.49 2 0
github.com/ElioNeto/vyx/core/cmd/vyx/main.go:714.49,716.54 2 0
github.com/ElioNeto/vyx/core/cmd/vyx/main.go:716.54,718.6 1 0
github.com/ElioNeto/vyx/core/cmd/vyx/main.go:724.4,725.20 2 0
github.com/ElioNeto/vyx/core/cmd/vyx/main.go:725.20,727.5 1 0
github.com/ElioNeto/vyx/core/cmd/vyx/main.go:728.4,729.18 2 0
github.com/ElioNeto/vyx/core/cmd/vyx/main.go:729.18,735.27 2 0
github.com/ElioNeto/vyx/core/cmd/vyx/main.go:735.27,737.6 1 0
github.com/ElioNeto/vyx/core/cmd/vyx/main.go:738.5,738.13 1 0
github.com/ElioNeto/vyx/core/cmd/vyx/main.go:740.4,754.27 4 0
github.com/ElioNeto/vyx/core/cmd/vyx/main.go:754.27,756.6 1 0
github.com/ElioNeto/vyx/core/cmd/vyx/main.go:757.5,757.21 1 0
github.com/ElioNeto/vyx/core/cmd/vyx/main.go:757.21,763.14 3 0
github.com/ElioNeto/vyx/core/cmd/vyx/main.go:766.5,766.36 1 0
github.com/ElioNeto/vyx/core/cmd/vyx/main.go:771.2,776.12 5 0
github.com/ElioNeto/vyx/core/cmd/vyx/main.go:776.12,778.30 2 0
github.com/ElioNeto/vyx/core/cmd/vyx/main.go:778.30,780.4 1 0
github.com/ElioNeto/vyx/core/cmd/vyx/main.go:780.9,782.4 1 0
github.com/ElioNeto/vyx/core/cmd/vyx/main.go:783.3,783.63 1 0
github.com/ElioNeto/vyx/core/cmd/vyx/main.go:783.63,785.4 1 0
github.com/ElioNeto/vyx/core/cmd/vyx/main.go:788.2,794.57 5 0
github.com/ElioNeto/vyx/core/cmd/vyx/main.go:794.57,796.3 1 0
github.com/ElioNeto/vyx/core/cmd/vyx/main.go:797.2,797.42 1 0
github.com/ElioNeto/vyx/core/cmd/vyx/main.go:797.42,799.3 1 0
github.com/ElioNeto/vyx/core/cmd/vyx/main.go:800.2,800.53 1 0
github.com/ElioNeto/vyx/core/cmd/vyx/main.go:800.53,803.3 2 0
github.com/ElioNeto/vyx/core/cmd/vyx/main.go:804.2,804.38 1 0
github.com/ElioNeto/vyx/core/cmd/vyx/main.go:808.37,810.13 2 0
github.com/ElioNeto/vyx/core/cmd/vyx/main.go:811.35,812.14 1 0
github.com/ElioNeto/vyx/core/cmd/vyx/main.go:813.10,814.15 1 0
github.com/ElioNeto/vyx/core/cmd/vyx/main.go:820.41,823.43 3 0
github.com/ElioNeto/vyx/core/cmd/vyx/main.go:823.43,825.3 1 0
github.com/ElioNeto/vyx/core/cmd/vyx/main.go:826.2,828.16 3 0
github.com/ElioNeto/vyx/core/cmd/vyx/main.go:828.16,830.3 1 0
github.com/ElioNeto/vyx/core/cmd/vyx/main.go:831.2,831.12 1 0
github.com/ElioNeto/vyx/core/cmd/vyx/main.go:834.41,836.2 1 0
github.com/ElioNeto/vyx/core/cmd/vyx/main.go:845.40,847.25 1 0
github.com/ElioNeto/vyx/core/cmd/vyx/main.go:847.25,849.3 1 0
github.com/ElioNeto/vyx/core/cmd/vyx/main.go:852.2,852.47 1 0
github.com/ElioNeto/vyx/core/cmd/vyx/main.go:852.47,853.49 1 0
github.com/ElioNeto/vyx/core/cmd/vyx/main.go:853.49,855.4 1 0
github.com/ElioNeto/vyx/core/cmd/vyx/main.go:859.2,859.12 1 0
github.com/ElioNeto/vyx/core/cmd/vyx/main.go:867.106,869.6 2 0
github.com/ElioNeto/vyx/core/cmd/vyx/main.go:869.6,871.17 2 0
github.com/ElioNeto/vyx/core/cmd/vyx/main.go:871.17,873.4 1 0
github.com/ElioNeto/vyx/core/cmd/vyx/main.go:874.3,874.23 1 0
github.com/ElioNeto/vyx/core/cmd/vyx/main.go:874.23,876.4 1 0
github.com/ElioNeto/vyx/core/cmd/vyx/main.go:878.3,882.10 2 0
github.com/ElioNeto/vyx/core/cmd/vyx/main.go:883.21,884.81 1 0
github.com/ElioNeto/vyx/core/cmd/vyx/main.go:885.36,885.36 0 0
github.com/ElioNeto/vyx/core/cmd/vyx/main.go:890.41,893.2 2 0
github.com/ElioNeto/vyx/core/cmd/vyx/main.go:897.60,898.44 1 0
github.com/ElioNeto/vyx/core/cmd/vyx/main.go:898.44,900.25 2 0
github.com/ElioNeto/vyx/core/cmd/vyx/main.go:900.25,902.4 1 0
github.com/ElioNeto/vyx/core/cmd/vyx/main.go:903.3,903.18 1 0
github.com/ElioNeto/vyx/core/cmd/vyx/platform_unix.go:11.23,11.39 1 0
github.com/ElioNeto/vyx/core/cmd/vyx/platform_unix.go:14.56,16.2 1 0
github.com/ElioNeto/vyx/core/application/lifecycle/drainer.go:19.40,24.2 1 13
github.com/ElioNeto/vyx/core/application/lifecycle/drainer.go:28.50,33.13 4 4
github.com/ElioNeto/vyx/core/application/lifecycle/drainer.go:33.13,36.3 2 3
github.com/ElioNeto/vyx/core/application/lifecycle/drainer.go:37.2,37.11 1 4
github.com/ElioNeto/vyx/core/application/lifecycle/drainer.go:42.50,47.13 4 3
github.com/ElioNeto/vyx/core/application/lifecycle/drainer.go:47.13,49.3 1 0
github.com/ElioNeto/vyx/core/application/lifecycle/drainer.go:50.2,50.11 1 3
github.com/ElioNeto/vyx/core/application/lifecycle/drainer.go:56.98,59.13 3 5
github.com/ElioNeto/vyx/core/application/lifecycle/drainer.go:59.13,62.3 2 3
github.com/ElioNeto/vyx/core/application/lifecycle/drainer.go:63.2,71.12 5 2
github.com/ElioNeto/vyx/core/application/lifecycle/drainer.go:71.12,74.3 2 2
github.com/ElioNeto/vyx/core/application/lifecycle/drainer.go:76.2,76.9 1 2
github.com/ElioNeto/vyx/core/application/lifecycle/drainer.go:77.14,78.13 1 1
github.com/ElioNeto/vyx/core/application/lifecycle/drainer.go:79.25,80.24 1 1
github.com/ElioNeto/vyx/core/application/lifecycle/drainer.go:86.55,90.2 3 4
github.com/ElioNeto/vyx/core/application/lifecycle/drainer.go:94.58,98.2 3 3
github.com/ElioNeto/vyx/core/application/lifecycle/drainer.go:102.50,107.2 4 2
github.com/ElioNeto/vyx/core/application/lifecycle/service.go:39.12,48.2 1 7
github.com/ElioNeto/vyx/core/application/lifecycle/service.go:51.189,52.19 1 6
github.com/ElioNeto/vyx/core/application/lifecycle/service.go:52.19,54.3 1 1
github.com/ElioNeto/vyx/core/application/lifecycle/service.go:56.2,59.72 3 5
github.com/ElioNeto/vyx/core/application/lifecycle/service.go:59.72,61.22 2 0
github.com/ElioNeto/vyx/core/application/lifecycle/service.go:61.22,63.4 1 0
github.com/ElioNeto/vyx/core/application/lifecycle/service.go:64.3,64.73 1 0
github.com/ElioNeto/vyx/core/application/lifecycle/service.go:64.73,66.4 1 0
github.com/ElioNeto/vyx/core/application/lifecycle/service.go:68.3,69.17 2 0
github.com/ElioNeto/vyx/core/application/lifecycle/service.go:69.17,71.4 1 0
github.com/ElioNeto/vyx/core/application/lifecycle/service.go:72.3,72.41 1 0
github.com/ElioNeto/vyx/core/application/lifecycle/service.go:75.2,87.44 2 5
github.com/ElioNeto/vyx/core/application/lifecycle/service.go:87.44,89.3 1 0
github.com/ElioNeto/vyx/core/application/lifecycle/service.go:91.2,91.48 1 5
github.com/ElioNeto/vyx/core/application/lifecycle/service.go:91.48,97.3 5 1
github.com/ElioNeto/vyx/core/application/lifecycle/service.go:102.2,106.15 4 4
github.com/ElioNeto/vyx/core/application/lifecycle/service.go:110.68,112.16 2 2
github.com/ElioNeto/vyx/core/application/lifecycle/service.go:112.16,114.3 1 0
github.com/ElioNeto/vyx/core/application/lifecycle/service.go:115.2,115.14 1 2
github.com/ElioNeto/vyx/core/application/lifecycle/service.go:115.14,117.3 1 1
github.com/ElioNeto/vyx/core/application/lifecycle/service.go:120.2,121.27 2 1
github.com/ElioNeto/vyx/core/application/lifecycle/service.go:121.27,123.3 1 0
github.com/ElioNeto/vyx/core/application/lifecycle/service.go:126.2,126.22 1 1
github.com/ElioNeto/vyx/core/application/lifecycle/service.go:126.22,128.67 2 1
github.com/ElioNeto/vyx/core/application/lifecycle/service.go:128.67,133.4 1 0
github.com/ElioNeto/vyx/core/application/lifecycle/service.go:136.2,136.48 1 1
github.com/ElioNeto/vyx/core/application/lifecycle/service.go:136.48,138.3 1 0
github.com/ElioNeto/vyx/core/application/lifecycle/service.go:140.2,146.22 5 1
github.com/ElioNeto/vyx/core/application/lifecycle/service.go:146.22,148.3 1 1
github.com/ElioNeto/vyx/core/application/lifecycle/service.go:150.2,150.12 1 1
github.com/ElioNeto/vyx/core/application/lifecycle/service.go:154.54,156.16 2 0
github.com/ElioNeto/vyx/core/application/lifecycle/service.go:156.16,158.3 1 0
github.com/ElioNeto/vyx/core/application/lifecycle/service.go:160.2,161.28 2 0
github.com/ElioNeto/vyx/core/application/lifecycle/service.go:161.28,162.19 1 0
github.com/ElioNeto/vyx/core/application/lifecycle/service.go:162.19,163.12 1 0
github.com/ElioNeto/vyx/core/application/lifecycle/service.go:165.3,165.49 1 0
github.com/ElioNeto/vyx/core/application/lifecycle/service.go:165.49,167.4 1 0
github.com/ElioNeto/vyx/core/application/lifecycle/service.go:170.2,170.16 1 0
github.com/ElioNeto/vyx/core/application/lifecycle/service.go:174.73,176.16 2 1
github.com/ElioNeto/vyx/core/application/lifecycle/service.go:176.16,178.3 1 0
github.com/ElioNeto/vyx/core/application/lifecycle/service.go:179.2,179.14 1 1
github.com/ElioNeto/vyx/core/application/lifecycle/service.go:179.14,181.3 1 0
github.com/ElioNeto/vyx/core/application/lifecycle/service.go:183.2,185.38 3 1
github.com/ElioNeto/vyx/core/application/lifecycle/service.go:185.38,187.3 1 0
github.com/ElioNeto/vyx/core/application/lifecycle/service.go:189.2,190.28 2 1
github.com/ElioNeto/vyx/core/application/lifecycle/service.go:194.71,196.16 2 1
github.com/ElioNeto/vyx/core/application/lifecycle/service.go:196.16,198.3 1 0
github.com/ElioNeto/vyx/core/application/lifecycle/service.go:199.2,199.14 1 1
github.com/ElioNeto/vyx/core/application/lifecycle/service.go:199.14,201.3 1 0
github.com/ElioNeto/vyx/core/application/lifecycle/service.go:203.2,206.28 4 1
github.com/ElioNeto/vyx/core/application/lifecycle/service.go:210.69,212.16 2 2
github.com/ElioNeto/vyx/core/application/lifecycle/service.go:212.16,214.3 1 0
github.com/ElioNeto/vyx/core/application/lifecycle/service.go:215.2,215.14 1 2
github.com/ElioNeto/vyx/core/application/lifecycle/service.go:215.14,217.3 1 0
github.com/ElioNeto/vyx/core/application/lifecycle/service.go:219.2,219.36 1 2
github.com/ElioNeto/vyx/core/application/lifecycle/service.go:219.36,221.3 1 0
github.com/ElioNeto/vyx/core/application/lifecycle/service.go:223.2,227.28 5 2
github.com/ElioNeto/vyx/core/application/lifecycle/service.go:233.71,235.16 2 1
github.com/ElioNeto/vyx/core/application/lifecycle/service.go:235.16,237.3 1 0
github.com/ElioNeto/vyx/core/application/lifecycle/service.go:238.2,238.14 1 1
github.com/ElioNeto/vyx/core/application/lifecycle/service.go:238.14,240.3 1 0
github.com/ElioNeto/vyx/core/application/lifecycle/service.go:242.2,251.22 7 1
github.com/ElioNeto/vyx/core/application/lifecycle/service.go:251.22,253.28 2 1
github.com/ElioNeto/vyx/core/application/lifecycle/service.go:253.28,255.4 1 0
github.com/ElioNeto/vyx/core/application/lifecycle/service.go:256.3,257.48 2 1
github.com/ElioNeto/vyx/core/application/lifecycle/service.go:260.1,260.47 1 1
github.com/ElioNeto/vyx/core/application/lifecycle/service.go:260.47,262.2 1 0
github.com/ElioNeto/vyx/core/application/lifecycle/service.go:269.1,269.23 1 1
github.com/ElioNeto/vyx/core/application/lifecycle/service.go:269.23,272.54 3 0
github.com/ElioNeto/vyx/core/application/lifecycle/service.go:272.54,278.3 5 0
github.com/ElioNeto/vyx/core/application/lifecycle/service.go:281.2,281.48 1 1
github.com/ElioNeto/vyx/core/application/lifecycle/service.go:281.48,287.3 5 0
github.com/ElioNeto/vyx/core/application/lifecycle/service.go:289.2,295.23 5 1
github.com/ElioNeto/vyx/core/application/lifecycle/service.go:295.23,297.3 1 0
github.com/ElioNeto/vyx/core/application/lifecycle/service.go:299.2,299.12 1 1
github.com/ElioNeto/vyx/core/application/lifecycle/service.go:302.110,310.2 1 12
github.com/ElioNeto/vyx/core/application/lifecycle/service.go:312.42,313.18 1 5
github.com/ElioNeto/vyx/core/application/lifecycle/service.go:313.18,315.3 1 0
github.com/ElioNeto/vyx/core/application/lifecycle/service.go:316.2,317.18 2 5
github.com/ElioNeto/vyx/core/application/lifecycle/service.go:317.18,319.3 1 0
github.com/ElioNeto/vyx/core/application/lifecycle/service.go:320.2,320.15 1 5
github.com/ElioNeto/vyx/core/domain/circuit/breaker.go:16.32,17.11 1 4
github.com/ElioNeto/vyx/core/domain/circuit/breaker.go:18.19,19.18 1 1
github.com/ElioNeto/vyx/core/domain/circuit/breaker.go:20.17,21.16 1 1
github.com/ElioNeto/vyx/core/domain/circuit/breaker.go:22.21,23.21 1 1
github.com/ElioNeto/vyx/core/domain/circuit/breaker.go:24.10,25.19 1 1
github.com/ElioNeto/vyx/core/domain/circuit/breaker.go:55.64,56.23 1 15
github.com/ElioNeto/vyx/core/domain/circuit/breaker.go:56.23,58.3 1 1
github.com/ElioNeto/vyx/core/domain/circuit/breaker.go:59.2,59.23 1 15
github.com/ElioNeto/vyx/core/domain/circuit/breaker.go:59.23,61.3 1 5
github.com/ElioNeto/vyx/core/domain/circuit/breaker.go:62.2,62.26 1 15
github.com/ElioNeto/vyx/core/domain/circuit/breaker.go:62.26,64.3 1 13
github.com/ElioNeto/vyx/core/domain/circuit/breaker.go:65.2,69.3 1 15
github.com/ElioNeto/vyx/core/domain/circuit/breaker.go:72.35,76.17 3 2
github.com/ElioNeto/vyx/core/domain/circuit/breaker.go:77.21,81.41 4 1
github.com/ElioNeto/vyx/core/domain/circuit/breaker.go:82.19,83.21 1 1
github.com/ElioNeto/vyx/core/domain/circuit/breaker.go:83.21,85.4 1 1
github.com/ElioNeto/vyx/core/domain/circuit/breaker.go:86.17,86.17 0 0
github.com/ElioNeto/vyx/core/domain/circuit/breaker.go:90.35,97.17 5 18
github.com/ElioNeto/vyx/core/domain/circuit/breaker.go:98.19,99.38 1 17
github.com/ElioNeto/vyx/core/domain/circuit/breaker.go:99.38,103.4 3 7
github.com/ElioNeto/vyx/core/domain/circuit/breaker.go:104.21,107.46 3 1
github.com/ElioNeto/vyx/core/domain/circuit/breaker.go:108.17,108.17 0 0
github.com/ElioNeto/vyx/core/domain/circuit/breaker.go:112.32,116.17 3 7
github.com/ElioNeto/vyx/core/domain/circuit/breaker.go:117.19,118.14 1 1
github.com/ElioNeto/vyx/core/domain/circuit/breaker.go:119.17,120.50 1 6
github.com/ElioNeto/vyx/core/domain/circuit/breaker.go:120.50,125.4 4 4
github.com/ElioNeto/vyx/core/domain/circuit/breaker.go:126.3,126.15 1 2
github.com/ElioNeto/vyx/core/domain/circuit/breaker.go:127.21,130.46 1 0
github.com/ElioNeto/vyx/core/domain/circuit/breaker.go:130.46,133.4 2 0
github.com/ElioNeto/vyx/core/domain/circuit/breaker.go:134.3,134.15 1 0
github.com/ElioNeto/vyx/core/domain/circuit/breaker.go:136.2,136.14 1 0
github.com/ElioNeto/vyx/core/domain/circuit/breaker.go:139.33,143.2 3 6
github.com/ElioNeto/vyx/core/domain/circuit/breaker.go:145.34,149.2 3 2
github.com/ElioNeto/vyx/core/domain/circuit/breaker.go:151.78,155.2 3 1
github.com/ElioNeto/vyx/core/domain/circuit/breaker.go:157.49,158.28 1 13
github.com/ElioNeto/vyx/core/domain/circuit/breaker.go:158.28,165.3 1 2
github.com/ElioNeto/vyx/core/domain/circuit/breaker.go:175.63,181.2 1 3
github.com/ElioNeto/vyx/core/domain/circuit/breaker.go:183.49,188.8 4 5
github.com/ElioNeto/vyx/core/domain/circuit/breaker.go:188.8,190.3 1 1
github.com/ElioNeto/vyx/core/domain/circuit/breaker.go:192.2,195.37 3 4
github.com/ElioNeto/vyx/core/domain/circuit/breaker.go:195.37,197.3 1 0
github.com/ElioNeto/vyx/core/domain/circuit/breaker.go:199.2,201.10 3 4
github.com/ElioNeto/vyx/core/domain/circuit/breaker.go:204.43,208.2 3 1
github.com/ElioNeto/vyx/core/domain/circuit/breaker.go:210.32,214.2 3 1
github.com/ElioNeto/vyx/core/domain/ipc/message.go:30.38,31.11 1 9
github.com/ElioNeto/vyx/core/domain/ipc/message.go:32.19,33.19 1 1
github.com/ElioNeto/vyx/core/domain/ipc/message.go:34.20,35.20 1 1
github.com/ElioNeto/vyx/core/domain/ipc/message.go:36.21,37.21 1 1
github.com/ElioNeto/vyx/core/domain/ipc/message.go:38.17,39.17 1 1
github.com/ElioNeto/vyx/core/domain/ipc/message.go:40.21,41.21 1 1
github.com/ElioNeto/vyx/core/domain/ipc/message.go:42.18,43.19 1 1
github.com/ElioNeto/vyx/core/domain/ipc/message.go:44.21,45.22 1 1
github.com/ElioNeto/vyx/core/domain/ipc/message.go:46.19,47.20 1 1
github.com/ElioNeto/vyx/core/domain/ipc/message.go:48.10,49.49 1 1
github.com/ElioNeto/vyx/core/domain/gateway/errors.go:34.42,36.30 2 0
github.com/ElioNeto/vyx/core/domain/gateway/errors.go:36.30,37.20 1 0
github.com/ElioNeto/vyx/core/domain/gateway/errors.go:37.20,39.4 1 0
github.com/ElioNeto/vyx/core/domain/gateway/errors.go:39.9,41.4 1 0
github.com/ElioNeto/vyx/core/domain/gateway/errors.go:43.2,43.57 1 0
github.com/ElioNeto/vyx/core/domain/gateway/errors.go:47.57,55.2 1 0
github.com/ElioNeto/vyx/core/domain/gateway/errors.go:58.49,60.2 1 0
github.com/ElioNeto/vyx/core/domain/gateway/route.go:35.32,40.2 1 28
github.com/ElioNeto/vyx/core/domain/gateway/route.go:55.50,60.2 4 7
github.com/ElioNeto/vyx/core/domain/gateway/route.go:64.48,67.2 2 1
github.com/ElioNeto/vyx/core/domain/gateway/route.go:70.51,72.16 2 0
github.com/ElioNeto/vyx/core/domain/gateway/route.go:72.16,74.3 1 0
github.com/ElioNeto/vyx/core/domain/gateway/route.go:75.2,78.55 2 0
github.com/ElioNeto/vyx/core/domain/gateway/route.go:78.55,80.3 1 0
github.com/ElioNeto/vyx/core/domain/gateway/route.go:81.2,81.41 1 0
github.com/ElioNeto/vyx/core/domain/gateway/route.go:92.70,94.17 2 9
github.com/ElioNeto/vyx/core/domain/gateway/route.go:94.17,96.3 1 0
github.com/ElioNeto/vyx/core/domain/gateway/route.go:98.2,102.17 4 9
github.com/ElioNeto/vyx/core/domain/gateway/route.go:102.17,104.3 1 2
github.com/ElioNeto/vyx/core/domain/gateway/route.go:106.2,107.9 2 7
github.com/ElioNeto/vyx/core/domain/gateway/route.go:107.9,109.3 1 1
github.com/ElioNeto/vyx/core/domain/gateway/route.go:111.2,111.57 1 6
github.com/ElioNeto/vyx/core/domain/gateway/route.go:115.38,118.26 3 18
github.com/ElioNeto/vyx/core/domain/gateway/route.go:118.26,119.14 1 42
github.com/ElioNeto/vyx/core/domain/gateway/route.go:119.14,121.4 1 42
github.com/ElioNeto/vyx/core/domain/gateway/route.go:123.2,123.15 1 18
github.com/ElioNeto/vyx/core/domain/gateway/route.go:128.88,129.24 1 27
github.com/ElioNeto/vyx/core/domain/gateway/route.go:129.24,131.3 1 7
github.com/ElioNeto/vyx/core/domain/gateway/route.go:133.2,137.41 3 20
github.com/ElioNeto/vyx/core/domain/gateway/route.go:137.41,138.61 1 15
github.com/ElioNeto/vyx/core/domain/gateway/route.go:138.61,140.4 1 14
github.com/ElioNeto/vyx/core/domain/gateway/route.go:144.2,144.28 1 6
github.com/ElioNeto/vyx/core/domain/gateway/route.go:144.28,148.70 3 3
github.com/ElioNeto/vyx/core/domain/gateway/route.go:148.70,150.28 1 3
github.com/ElioNeto/vyx/core/domain/gateway/route.go:150.28,152.5 1 5
github.com/ElioNeto/vyx/core/domain/gateway/route.go:153.4,153.17 1 3
github.com/ElioNeto/vyx/core/domain/gateway/route.go:157.2,157.12 1 3
github.com/ElioNeto/vyx/core/domain/gateway/route.go:160.58,162.24 2 3
github.com/ElioNeto/vyx/core/domain/gateway/route.go:162.24,164.3 1 1
github.com/ElioNeto/vyx/core/domain/gateway/route.go:165.2,165.12 1 3
github.com/ElioNeto/vyx/core/domain/gateway/route.go:169.49,171.28 2 8
github.com/ElioNeto/vyx/core/domain/gateway/route.go:171.28,173.41 2 9
github.com/ElioNeto/vyx/core/domain/gateway/route.go:173.41,174.35 1 22
github.com/ElioNeto/vyx/core/domain/gateway/route.go:174.35,175.31 1 4
github.com/ElioNeto/vyx/core/domain/gateway/route.go:175.31,178.6 2 4
github.com/ElioNeto/vyx/core/domain/gateway/route.go:179.5,179.27 1 4
github.com/ElioNeto/vyx/core/domain/gateway/route.go:180.10,181.41 1 18
github.com/ElioNeto/vyx/core/domain/gateway/route.go:181.41,183.6 1 16
github.com/ElioNeto/vyx/core/domain/gateway/route.go:184.5,184.30 1 18
github.com/ElioNeto/vyx/core/domain/gateway/route.go:187.3,187.46 1 9
github.com/ElioNeto/vyx/core/domain/gateway/route.go:189.2,189.13 1 8
github.com/ElioNeto/vyx/core/domain/config/config.go:73.24,101.2 1 4
github.com/ElioNeto/vyx/core/domain/config/config.go:105.35,108.26 2 10
github.com/ElioNeto/vyx/core/domain/config/config.go:108.26,110.3 1 1
github.com/ElioNeto/vyx/core/domain/config/config.go:112.2,112.30 1 10
github.com/ElioNeto/vyx/core/domain/config/config.go:112.30,113.17 1 6
github.com/ElioNeto/vyx/core/domain/config/config.go:113.17,115.4 1 1
github.com/ElioNeto/vyx/core/domain/config/config.go:116.3,116.22 1 6
github.com/ElioNeto/vyx/core/domain/config/config.go:116.22,118.4 1 1
github.com/ElioNeto/vyx/core/domain/config/config.go:119.3,119.21 1 6
github.com/ElioNeto/vyx/core/domain/config/config.go:119.21,121.4 1 1
github.com/ElioNeto/vyx/core/domain/config/config.go:122.3,123.35 2 6
github.com/ElioNeto/vyx/core/domain/config/config.go:123.35,125.4 1 1
github.com/ElioNeto/vyx/core/domain/config/config.go:126.3,126.28 1 6
github.com/ElioNeto/vyx/core/domain/config/config.go:126.28,128.4 1 1
github.com/ElioNeto/vyx/core/domain/config/config.go:131.2,131.44 1 10
github.com/ElioNeto/vyx/core/domain/config/config.go:131.44,133.3 1 1
github.com/ElioNeto/vyx/core/domain/config/config.go:134.2,134.44 1 10
github.com/ElioNeto/vyx/core/domain/config/config.go:134.44,136.3 1 1
github.com/ElioNeto/vyx/core/domain/config/config.go:137.2,137.47 1 10
github.com/ElioNeto/vyx/core/domain/config/config.go:137.47,139.3 1 1
github.com/ElioNeto/vyx/core/domain/config/config.go:141.2,141.20 1 10
github.com/ElioNeto/vyx/core/domain/config/config.go:141.20,143.3 1 1
github.com/ElioNeto/vyx/core/domain/config/config.go:144.2,144.29 1 9
github.com/ElioNeto/vyx/core/domain/log/entry.go:20.30,22.2 1 1
github.com/ElioNeto/vyx/core/domain/log/entry.go:27.53,29.90 2 3
github.com/ElioNeto/vyx/core/domain/log/entry.go:29.90,31.3 1 2
github.com/ElioNeto/vyx/core/domain/log/entry.go:34.2,39.3 1 1
github.com/ElioNeto/vyx/core/domain/log/source.go:16.42,17.9 1 5
github.com/ElioNeto/vyx/core/domain/log/source.go:18.22,19.20 1 1
github.com/ElioNeto/vyx/core/domain/log/source.go:20.53,21.20 1 1
github.com/ElioNeto/vyx/core/domain/log/source.go:22.51,23.18 1 1
github.com/ElioNeto/vyx/core/domain/log/source.go:24.55,25.22 1 1
github.com/ElioNeto/vyx/core/domain/log/source.go:26.10,27.18 1 1
github.com/ElioNeto/vyx/core/domain/log/source.go:32.45,33.21 1 4
github.com/ElioNeto/vyx/core/domain/log/source.go:33.21,35.3 1 1
github.com/ElioNeto/vyx/core/domain/log/source.go:36.2,36.17 1 3
github.com/ElioNeto/vyx/core/domain/worker/worker.go:37.33,39.2 1 3
github.com/ElioNeto/vyx/core/infrastructure/config/loader.go:38.54,40.2 1 7
github.com/ElioNeto/vyx/core/infrastructure/config/loader.go:44.70,47.2 2 0
github.com/ElioNeto/vyx/core/infrastructure/config/loader.go:52.52,54.16 2 8
github.com/ElioNeto/vyx/core/infrastructure/config/loader.go:54.16,56.3 1 1
github.com/ElioNeto/vyx/core/infrastructure/config/loader.go:58.2,59.51 2 7
github.com/ElioNeto/vyx/core/infrastructure/config/loader.go:59.51,61.3 1 0
github.com/ElioNeto/vyx/core/infrastructure/config/loader.go:63.2,63.39 1 7
github.com/ElioNeto/vyx/core/infrastructure/config/loader.go:63.39,65.3 1 3
github.com/ElioNeto/vyx/core/infrastructure/config/loader.go:67.2,67.18 1 4
github.com/ElioNeto/vyx/core/infrastructure/config/loader.go:72.47,74.16 2 0
github.com/ElioNeto/vyx/core/infrastructure/config/loader.go:74.16,75.13 1 0
github.com/ElioNeto/vyx/core/infrastructure/config/loader.go:77.2,77.12 1 0
github.com/ElioNeto/vyx/core/infrastructure/config/loader.go:81.46,85.2 3 2
github.com/ElioNeto/vyx/core/infrastructure/config/loader.go:89.51,94.6 4 1
github.com/ElioNeto/vyx/core/infrastructure/config/loader.go:94.6,95.10 1 2
github.com/ElioNeto/vyx/core/infrastructure/config/loader.go:96.21,97.10 1 1
github.com/ElioNeto/vyx/core/infrastructure/config/loader.go:98.13,99.17 1 1
github.com/ElioNeto/vyx/core/infrastructure/config/loader.go:105.30,109.16 3 1
github.com/ElioNeto/vyx/core/infrastructure/config/loader.go:109.16,111.3 1 0
github.com/ElioNeto/vyx/core/infrastructure/config/loader.go:111.8,116.3 4 1
github.com/ElioNeto/vyx/core/infrastructure/config/loader.go:119.2,119.47 1 1
github.com/ElioNeto/vyx/core/infrastructure/config/loader.go:119.47,121.3 1 0
github.com/ElioNeto/vyx/core/infrastructure/config/loader.go:125.35,129.16 3 0
github.com/ElioNeto/vyx/core/infrastructure/config/loader.go:129.16,135.3 2 0
github.com/ElioNeto/vyx/core/infrastructure/config/loader.go:137.2,140.55 2 0
github.com/ElioNeto/vyx/core/infrastructure/config/loader.go:140.55,146.3 2 0
github.com/ElioNeto/vyx/core/infrastructure/config/loader.go:149.2,153.3 2 0
github.com/ElioNeto/vyx/core/infrastructure/config/loader_exported.go:7.52,11.2 3 1
github.com/ElioNeto/vyx/core/application/monitor/monitor.go:32.71,39.2 1 4
github.com/ElioNeto/vyx/core/application/monitor/monitor.go:42.44,46.6 3 4
github.com/ElioNeto/vyx/core/application/monitor/monitor.go:46.6,47.10 1 4
github.com/ElioNeto/vyx/core/application/monitor/monitor.go:48.21,49.10 1 4
github.com/ElioNeto/vyx/core/application/monitor/monitor.go:50.19,51.19 1 0
github.com/ElioNeto/vyx/core/application/monitor/monitor.go:56.49,58.16 2 0
github.com/ElioNeto/vyx/core/application/monitor/monitor.go:58.16,60.3 1 0
github.com/ElioNeto/vyx/core/application/monitor/monitor.go:62.2,62.28 1 0
github.com/ElioNeto/vyx/core/application/monitor/monitor.go:62.28,63.109 1 0
github.com/ElioNeto/vyx/core/application/monitor/monitor.go:63.109,64.12 1 0
github.com/ElioNeto/vyx/core/application/monitor/monitor.go:67.3,68.73 2 0
github.com/ElioNeto/vyx/core/application/monitor/monitor.go:68.73,71.4 2 0
github.com/ElioNeto/vyx/core/application/monitor/monitor.go:76.67,79.9 2 0
github.com/ElioNeto/vyx/core/application/monitor/monitor.go:80.20,81.9 1 0
github.com/ElioNeto/vyx/core/application/monitor/monitor.go:82.27,82.27 0 0
github.com/ElioNeto/vyx/core/application/monitor/monitor.go:85.2,86.16 2 0
github.com/ElioNeto/vyx/core/application/monitor/monitor.go:86.16,91.3 4 0
github.com/ElioNeto/vyx/core/application/monitor/monitor.go:93.2,95.15 3 0
github.com/ElioNeto/vyx/core/application/monitor/monitor.go:99.56,105.27 5 0
github.com/ElioNeto/vyx/core/application/monitor/monitor.go:105.27,107.3 1 0
github.com/ElioNeto/vyx/core/application/monitor/monitor.go:108.2,108.17 1 0
github.com/ElioNeto/vyx/core/infrastructure/ipc/codec/msgpack.go:11.52,13.2 1 2
github.com/ElioNeto/vyx/core/infrastructure/ipc/codec/msgpack.go:16.57,18.2 1 2
github.com/ElioNeto/vyx/core/infrastructure/logger/event_publisher.go:19.43,21.2 1 0
github.com/ElioNeto/vyx/core/infrastructure/logger/event_publisher.go:24.73,32.2 1 0
github.com/ElioNeto/vyx/core/infrastructure/ipc/framing/framing.go:25.48,39.2 9 8
github.com/ElioNeto/vyx/core/infrastructure/ipc/framing/framing.go:43.45,45.50 2 12
github.com/ElioNeto/vyx/core/infrastructure/ipc/framing/framing.go:45.50,47.3 1 1
github.com/ElioNeto/vyx/core/infrastructure/ipc/framing/framing.go:49.2,52.46 3 11
github.com/ElioNeto/vyx/core/infrastructure/ipc/framing/framing.go:52.46,54.3 1 1
github.com/ElioNeto/vyx/core/infrastructure/ipc/framing/framing.go:56.2,56.53 1 10
github.com/ElioNeto/vyx/core/infrastructure/ipc/framing/framing.go:56.53,58.3 1 1
github.com/ElioNeto/vyx/core/infrastructure/ipc/framing/framing.go:60.2,61.20 2 9
github.com/ElioNeto/vyx/core/infrastructure/ipc/framing/framing.go:61.20,62.52 1 7
github.com/ElioNeto/vyx/core/infrastructure/ipc/framing/framing.go:62.52,64.4 1 1
github.com/ElioNeto/vyx/core/infrastructure/ipc/framing/framing.go:67.2,67.58 1 8
github.com/ElioNeto/vyx/core/infrastructure/ipc/framing/framing.go:70.44,71.11 1 11
github.com/ElioNeto/vyx/core/infrastructure/ipc/framing/framing.go:79.19,80.13 1 10
github.com/ElioNeto/vyx/core/infrastructure/ipc/framing/framing.go:82.2,82.34 1 1
github.com/ElioNeto/vyx/core/infrastructure/gateway/jwt.go:19.51,21.2 1 0
github.com/ElioNeto/vyx/core/infrastructure/gateway/jwt.go:24.71,31.92 2 0
github.com/ElioNeto/vyx/core/infrastructure/gateway/jwt.go:31.92,32.54 1 0
github.com/ElioNeto/vyx/core/infrastructure/gateway/jwt.go:32.54,34.4 1 0
github.com/ElioNeto/vyx/core/infrastructure/gateway/jwt.go:35.3,35.23 1 0
github.com/ElioNeto/vyx/core/infrastructure/gateway/jwt.go:37.2,37.16 1 0
github.com/ElioNeto/vyx/core/infrastructure/gateway/jwt.go:37.16,39.3 1 0
github.com/ElioNeto/vyx/core/infrastructure/gateway/jwt.go:41.2,42.25 2 0
github.com/ElioNeto/vyx/core/infrastructure/gateway/jwt.go:42.25,44.3 1 0
github.com/ElioNeto/vyx/core/infrastructure/gateway/jwt.go:46.2,49.8 1 0
github.com/ElioNeto/vyx/core/infrastructure/gateway/schema.go:28.61,33.2 1 0
github.com/ElioNeto/vyx/core/infrastructure/gateway/schema.go:37.42,38.24 1 0
github.com/ElioNeto/vyx/core/infrastructure/gateway/schema.go:38.24,40.3 1 0
github.com/ElioNeto/vyx/core/infrastructure/gateway/schema.go:41.2,42.16 2 0
github.com/ElioNeto/vyx/core/infrastructure/gateway/schema.go:42.16,43.25 1 0
github.com/ElioNeto/vyx/core/infrastructure/gateway/schema.go:43.25,45.4 1 0
github.com/ElioNeto/vyx/core/infrastructure/gateway/schema.go:46.3,46.74 1 0
github.com/ElioNeto/vyx/core/infrastructure/gateway/schema.go:49.2,50.28 2 0
github.com/ElioNeto/vyx/core/infrastructure/gateway/schema.go:50.28,51.57 1 0
github.com/ElioNeto/vyx/core/infrastructure/gateway/schema.go:51.57,52.12 1 0
github.com/ElioNeto/vyx/core/infrastructure/gateway/schema.go:54.3,55.44 2 0
github.com/ElioNeto/vyx/core/infrastructure/gateway/schema.go:55.44,57.4 1 0
github.com/ElioNeto/vyx/core/infrastructure/gateway/schema.go:60.2,60.19 1 0
github.com/ElioNeto/vyx/core/infrastructure/gateway/schema.go:60.19,62.3 1 0
github.com/ElioNeto/vyx/core/infrastructure/gateway/schema.go:63.2,63.12 1 0
github.com/ElioNeto/vyx/core/infrastructure/gateway/schema.go:67.45,71.2 3 0
github.com/ElioNeto/vyx/core/infrastructure/gateway/schema.go:74.74,76.16 2 0
github.com/ElioNeto/vyx/core/infrastructure/gateway/schema.go:76.16,78.3 1 0
github.com/ElioNeto/vyx/core/infrastructure/gateway/schema.go:81.2,82.52 2 0
github.com/ElioNeto/vyx/core/infrastructure/gateway/schema.go:82.52,84.3 1 0
github.com/ElioNeto/vyx/core/infrastructure/gateway/schema.go:86.2,86.46 1 0
github.com/ElioNeto/vyx/core/infrastructure/gateway/schema.go:86.46,88.3 1 0
github.com/ElioNeto/vyx/core/infrastructure/gateway/schema.go:89.2,89.12 1 0
github.com/ElioNeto/vyx/core/infrastructure/gateway/schema.go:93.78,97.8 4 0
github.com/ElioNeto/vyx/core/infrastructure/gateway/schema.go:97.8,99.3 1 0
github.com/ElioNeto/vyx/core/infrastructure/gateway/schema.go:100.2,100.24 1 0
github.com/ElioNeto/vyx/core/infrastructure/gateway/schema.go:104.76,106.41 2 0
github.com/ElioNeto/vyx/core/infrastructure/gateway/schema.go:106.41,108.3 1 0
github.com/ElioNeto/vyx/core/infrastructure/gateway/schema.go:110.2,112.16 3 0
github.com/ElioNeto/vyx/core/infrastructure/gateway/schema.go:112.16,114.3 1 0
github.com/ElioNeto/vyx/core/infrastructure/gateway/schema.go:116.2,119.15 4 0
github.com/ElioNeto/vyx/core/infrastructure/gateway/schema.go:124.56,128.46 3 0
github.com/ElioNeto/vyx/core/infrastructure/gateway/schema.go:128.46,129.38 1 0
github.com/ElioNeto/vyx/core/infrastructure/gateway/schema.go:129.38,134.4 1 0
github.com/ElioNeto/vyx/core/infrastructure/gateway/schema.go:135.3,135.27 1 0
github.com/ElioNeto/vyx/core/infrastructure/gateway/schema.go:135.27,140.4 1 0
github.com/ElioNeto/vyx/core/infrastructure/gateway/schema.go:141.8,143.3 1 0
github.com/ElioNeto/vyx/core/infrastructure/gateway/schema.go:145.2,145.11 1 0
github.com/ElioNeto/vyx/core/infrastructure/gateway/schema.go:149.77,150.52 1 0
github.com/ElioNeto/vyx/core/infrastructure/gateway/schema.go:150.52,153.3 2 0
github.com/ElioNeto/vyx/core/infrastructure/gateway/schema.go:154.2,154.14 1 0
github.com/ElioNeto/vyx/core/infrastructure/gateway/server.go:47.29,55.2 1 4
github.com/ElioNeto/vyx/core/infrastructure/gateway/server.go:58.25,62.2 3 0
github.com/ElioNeto/vyx/core/infrastructure/gateway/server.go:70.11,95.45 7 4
github.com/ElioNeto/vyx/core/infrastructure/gateway/server.go:95.45,98.3 2 0
github.com/ElioNeto/vyx/core/infrastructure/gateway/server.go:100.2,109.27 2 4
github.com/ElioNeto/vyx/core/infrastructure/gateway/server.go:109.27,110.78 1 0
github.com/ElioNeto/vyx/core/infrastructure/gateway/server.go:110.78,112.4 1 0
github.com/ElioNeto/vyx/core/infrastructure/gateway/server.go:113.3,116.4 1 0
github.com/ElioNeto/vyx/core/infrastructure/gateway/server.go:119.2,119.10 1 4
github.com/ElioNeto/vyx/core/infrastructure/gateway/server.go:123.41,126.2 2 0
github.com/ElioNeto/vyx/core/infrastructure/gateway/server.go:129.68,132.2 2 0
github.com/ElioNeto/vyx/core/infrastructure/gateway/server.go:135.54,137.2 1 0
github.com/ElioNeto/vyx/core/infrastructure/gateway/server.go:140.32,142.2 1 0
github.com/ElioNeto/vyx/core/infrastructure/gateway/server.go:145.65,147.27 1 4
github.com/ElioNeto/vyx/core/infrastructure/gateway/server.go:147.27,150.3 2 0
github.com/ElioNeto/vyx/core/infrastructure/gateway/server.go:152.2,152.42 1 4
github.com/ElioNeto/vyx/core/infrastructure/gateway/server.go:152.42,155.3 2 0
github.com/ElioNeto/vyx/core/infrastructure/gateway/server.go:156.2,157.38 2 4
github.com/ElioNeto/vyx/core/infrastructure/gateway/server.go:157.38,160.3 2 0
github.com/ElioNeto/vyx/core/infrastructure/gateway/server.go:162.2,164.16 3 4
github.com/ElioNeto/vyx/core/infrastructure/gateway/server.go:164.16,167.3 2 0
github.com/ElioNeto/vyx/core/infrastructure/gateway/server.go:169.2,170.30 2 4
github.com/ElioNeto/vyx/core/infrastructure/gateway/server.go:170.30,171.18 1 3
github.com/ElioNeto/vyx/core/infrastructure/gateway/server.go:171.18,173.4 1 3
github.com/ElioNeto/vyx/core/infrastructure/gateway/server.go:176.2,177.35 2 4
github.com/ElioNeto/vyx/core/infrastructure/gateway/server.go:177.35,178.18 1 0
github.com/ElioNeto/vyx/core/infrastructure/gateway/server.go:178.18,180.4 1 0
github.com/ElioNeto/vyx/core/infrastructure/gateway/server.go:183.2,192.16 3 4
github.com/ElioNeto/vyx/core/infrastructure/gateway/server.go:192.16,195.26 2 1
github.com/ElioNeto/vyx/core/infrastructure/gateway/server.go:195.26,197.4 1 1
github.com/ElioNeto/vyx/core/infrastructure/gateway/server.go:198.3,199.9 2 1
github.com/ElioNeto/vyx/core/infrastructure/gateway/server.go:202.2,202.43 1 3
github.com/ElioNeto/vyx/core/infrastructure/gateway/server.go:202.43,204.3 1 18
github.com/ElioNeto/vyx/core/infrastructure/gateway/server.go:205.2,205.33 1 3
github.com/ElioNeto/vyx/core/infrastructure/gateway/server.go:205.33,207.3 1 0
github.com/ElioNeto/vyx/core/infrastructure/gateway/server.go:208.2,210.30 2 3
github.com/ElioNeto/vyx/core/infrastructure/gateway/server.go:210.30,212.3 1 3
github.com/ElioNeto/vyx/core/infrastructure/gateway/server.go:213.2,214.27 2 3
github.com/ElioNeto/vyx/core/infrastructure/gateway/server.go:217.63,218.43 1 1
github.com/ElioNeto/vyx/core/infrastructure/gateway/server.go:218.43,220.3 1 6
github.com/ElioNeto/vyx/core/infrastructure/gateway/server.go:221.2,224.9 3 1
github.com/ElioNeto/vyx/core/infrastructure/gateway/server.go:225.44,226.29 1 1
github.com/ElioNeto/vyx/core/infrastructure/gateway/server.go:227.43,228.33 1 0
github.com/ElioNeto/vyx/core/infrastructure/gateway/server.go:229.40,230.30 1 0
github.com/ElioNeto/vyx/core/infrastructure/gateway/server.go:231.47,234.26 3 0
github.com/ElioNeto/vyx/core/infrastructure/gateway/server.go:234.26,239.4 4 0
github.com/ElioNeto/vyx/core/infrastructure/gateway/server.go:240.46,241.42 1 0
github.com/ElioNeto/vyx/core/infrastructure/gateway/server.go:242.46,243.35 1 0
github.com/ElioNeto/vyx/core/infrastructure/gateway/server.go:246.2,248.70 3 1
github.com/ElioNeto/vyx/core/infrastructure/gateway/websocket.go:44.12,52.2 1 4
github.com/ElioNeto/vyx/core/infrastructure/gateway/websocket.go:55.47,57.2 1 4
github.com/ElioNeto/vyx/core/infrastructure/gateway/websocket.go:60.69,63.9 2 0
github.com/ElioNeto/vyx/core/infrastructure/gateway/websocket.go:63.9,66.3 2 0
github.com/ElioNeto/vyx/core/infrastructure/gateway/websocket.go:67.2,71.30 3 0
github.com/ElioNeto/vyx/core/infrastructure/gateway/websocket.go:71.30,73.64 2 0
github.com/ElioNeto/vyx/core/infrastructure/gateway/websocket.go:73.64,75.4 1 0
github.com/ElioNeto/vyx/core/infrastructure/gateway/websocket.go:76.3,77.17 2 0
github.com/ElioNeto/vyx/core/infrastructure/gateway/websocket.go:77.17,80.4 2 0
github.com/ElioNeto/vyx/core/infrastructure/gateway/websocket.go:81.3,81.43 1 0
github.com/ElioNeto/vyx/core/infrastructure/gateway/websocket.go:81.43,84.4 2 0
github.com/ElioNeto/vyx/core/infrastructure/gateway/websocket.go:85.3,85.13 1 0
github.com/ElioNeto/vyx/core/infrastructure/gateway/websocket.go:89.2,89.47 1 0
github.com/ElioNeto/vyx/core/infrastructure/gateway/websocket.go:89.47,91.3 1 0
github.com/ElioNeto/vyx/core/infrastructure/gateway/websocket.go:100.3,106.43 4 0
github.com/ElioNeto/vyx/core/infrastructure/gateway/websocket.go:106.43,107.18 1 0
github.com/ElioNeto/vyx/core/infrastructure/gateway/websocket.go:107.18,109.4 1 0
github.com/ElioNeto/vyx/core/infrastructure/gateway/websocket.go:113.2,122.17 2 0
github.com/ElioNeto/vyx/core/infrastructure/gateway/websocket.go:122.17,129.3 2 0
github.com/ElioNeto/vyx/core/infrastructure/gateway/websocket.go:131.2,137.15 2 0
github.com/ElioNeto/vyx/core/infrastructure/gateway/websocket.go:137.15,151.3 3 0
github.com/ElioNeto/vyx/core/infrastructure/gateway/websocket.go:154.2,156.12 2 0
github.com/ElioNeto/vyx/core/infrastructure/gateway/websocket.go:156.12,157.7 1 0
github.com/ElioNeto/vyx/core/infrastructure/gateway/websocket.go:157.7,159.65 2 0
github.com/ElioNeto/vyx/core/infrastructure/gateway/websocket.go:159.65,160.22 1 0
github.com/ElioNeto/vyx/core/infrastructure/gateway/websocket.go:160.22,163.6 1 0
github.com/ElioNeto/vyx/core/infrastructure/gateway/websocket.go:164.5,165.11 2 0
github.com/ElioNeto/vyx/core/infrastructure/gateway/websocket.go:167.4,175.19 2 0
github.com/ElioNeto/vyx/core/infrastructure/gateway/websocket.go:175.19,178.5 2 0
github.com/ElioNeto/vyx/core/infrastructure/gateway/websocket.go:183.2,183.12 1 0
github.com/ElioNeto/vyx/core/infrastructure/gateway/websocket.go:183.12,184.7 1 0
github.com/ElioNeto/vyx/core/infrastructure/gateway/websocket.go:184.7,186.18 2 0
github.com/ElioNeto/vyx/core/infrastructure/gateway/websocket.go:186.18,189.5 2 0
github.com/ElioNeto/vyx/core/infrastructure/gateway/websocket.go:190.4,190.37 1 0
github.com/ElioNeto/vyx/core/infrastructure/gateway/websocket.go:190.37,191.13 1 0
github.com/ElioNeto/vyx/core/infrastructure/gateway/websocket.go:193.4,194.67 2 0
github.com/ElioNeto/vyx/core/infrastructure/gateway/websocket.go:194.67,195.13 1 0
github.com/ElioNeto/vyx/core/infrastructure/gateway/websocket.go:197.4,197.41 1 0
github.com/ElioNeto/vyx/core/infrastructure/gateway/websocket.go:197.41,198.13 1 0
github.com/ElioNeto/vyx/core/infrastructure/gateway/websocket.go:200.4,200.72 1 0
github.com/ElioNeto/vyx/core/infrastructure/gateway/websocket.go:200.72,203.5 2 0
github.com/ElioNeto/vyx/core/infrastructure/gateway/websocket.go:207.2,207.9 1 0
github.com/ElioNeto/vyx/core/infrastructure/gateway/websocket.go:208.20,208.20 0 0
github.com/ElioNeto/vyx/core/infrastructure/gateway/websocket.go:209.15,209.15 0 0
github.com/ElioNeto/vyx/core/infrastructure/gateway/websocket.go:213.53,215.32 2 0
github.com/ElioNeto/vyx/core/infrastructure/gateway/websocket.go:215.32,217.3 1 0
github.com/ElioNeto/vyx/core/infrastructure/gateway/websocket.go:218.2,218.29 1 0
github.com/ElioNeto/vyx/core/infrastructure/gateway/websocket.go:218.29,219.26 1 0
github.com/ElioNeto/vyx/core/infrastructure/gateway/websocket.go:219.26,221.4 1 0
github.com/ElioNeto/vyx/core/infrastructure/gateway/websocket.go:223.2,223.14 1 0
github.com/ElioNeto/vyx/core/infrastructure/log/multiplexer.go:31.40,33.42 2 4
github.com/ElioNeto/vyx/core/infrastructure/log/multiplexer.go:33.42,35.3 1 2
github.com/ElioNeto/vyx/core/infrastructure/log/multiplexer.go:36.2,40.3 1 4
github.com/ElioNeto/vyx/core/infrastructure/log/multiplexer.go:44.45,48.22 4 9
github.com/ElioNeto/vyx/core/infrastructure/log/multiplexer.go:48.22,50.3 1 7
github.com/ElioNeto/vyx/core/infrastructure/log/multiplexer.go:51.2,53.17 2 9
github.com/ElioNeto/vyx/core/infrastructure/log/multiplexer.go:57.45,63.31 5 3
github.com/ElioNeto/vyx/core/infrastructure/log/multiplexer.go:63.31,65.3 1 6
github.com/ElioNeto/vyx/core/infrastructure/log/multiplexer.go:66.2,66.12 1 3
github.com/ElioNeto/vyx/core/infrastructure/log/multiplexer.go:72.70,74.12 2 1
github.com/ElioNeto/vyx/core/infrastructure/log/multiplexer.go:74.12,77.7 3 1
github.com/ElioNeto/vyx/core/infrastructure/log/multiplexer.go:77.7,78.11 1 10
github.com/ElioNeto/vyx/core/infrastructure/log/multiplexer.go:79.18,80.11 1 0
github.com/ElioNeto/vyx/core/infrastructure/log/multiplexer.go:81.12,82.23 1 10
github.com/ElioNeto/vyx/core/infrastructure/log/multiplexer.go:82.23,84.20 2 2
github.com/ElioNeto/vyx/core/infrastructure/log/multiplexer.go:84.20,85.15 1 0
github.com/ElioNeto/vyx/core/infrastructure/log/multiplexer.go:87.6,88.28 2 2
github.com/ElioNeto/vyx/core/infrastructure/log/multiplexer.go:88.28,90.7 1 0
github.com/ElioNeto/vyx/core/infrastructure/log/multiplexer.go:91.6,91.19 1 2
github.com/ElioNeto/vyx/core/infrastructure/log/multiplexer.go:93.5,93.41 1 10
github.com/ElioNeto/vyx/core/infrastructure/log/multiplexer.go:93.41,95.6 1 0
github.com/ElioNeto/vyx/core/infrastructure/log/multiplexer.go:97.4,97.36 1 10
github.com/ElioNeto/vyx/core/infrastructure/log/multiplexer.go:100.2,100.16 1 1
github.com/ElioNeto/vyx/core/infrastructure/log/multiplexer.go:100.16,100.33 1 1
github.com/ElioNeto/vyx/core/infrastructure/log/multiplexer.go:104.81,106.12 2 0
github.com/ElioNeto/vyx/core/infrastructure/log/multiplexer.go:106.12,109.7 3 0
github.com/ElioNeto/vyx/core/infrastructure/log/multiplexer.go:109.7,110.11 1 0
github.com/ElioNeto/vyx/core/infrastructure/log/multiplexer.go:111.18,112.11 1 0
github.com/ElioNeto/vyx/core/infrastructure/log/multiplexer.go:113.12,114.23 1 0
github.com/ElioNeto/vyx/core/infrastructure/log/multiplexer.go:114.23,116.20 2 0
github.com/ElioNeto/vyx/core/infrastructure/log/multiplexer.go:116.20,117.15 1 0
github.com/ElioNeto/vyx/core/infrastructure/log/multiplexer.go:119.6,120.28 2 0
github.com/ElioNeto/vyx/core/infrastructure/log/multiplexer.go:120.28,122.7 1 0
github.com/ElioNeto/vyx/core/infrastructure/log/multiplexer.go:123.6,123.19 1 0
github.com/ElioNeto/vyx/core/infrastructure/log/multiplexer.go:125.5,125.41 1 0
github.com/ElioNeto/vyx/core/infrastructure/log/multiplexer.go:125.41,127.6 1 0
github.com/ElioNeto/vyx/core/infrastructure/log/multiplexer.go:129.4,129.36 1 0
github.com/ElioNeto/vyx/core/infrastructure/log/multiplexer.go:132.2,132.16 1 0
github.com/ElioNeto/vyx/core/infrastructure/log/multiplexer.go:132.16,132.33 1 0
github.com/ElioNeto/vyx/core/infrastructure/log/multiplexer.go:137.50,143.2 5 1
github.com/ElioNeto/vyx/core/infrastructure/log/multiplexer.go:146.54,149.29 3 1
github.com/ElioNeto/vyx/core/infrastructure/log/multiplexer.go:149.29,150.16 1 1
github.com/ElioNeto/vyx/core/infrastructure/log/multiplexer.go:150.16,154.4 3 1
github.com/ElioNeto/vyx/core/infrastructure/log/multiplexer.go:158.47,161.28 3 9
github.com/ElioNeto/vyx/core/infrastructure/log/multiplexer.go:161.28,162.10 1 1
github.com/ElioNeto/vyx/core/infrastructure/log/multiplexer.go:163.20,163.20 0 1
github.com/ElioNeto/vyx/core/infrastructure/log/multiplexer.go:164.11,164.11 0 0
github.com/ElioNeto/vyx/core/infrastructure/log/multiplexer.go:172.83,173.31 1 1
github.com/ElioNeto/vyx/core/infrastructure/log/multiplexer.go:173.31,175.3 1 0
github.com/ElioNeto/vyx/core/infrastructure/log/multiplexer.go:176.2,177.28 2 1
github.com/ElioNeto/vyx/core/infrastructure/log/multiplexer.go:177.28,178.22 1 3
github.com/ElioNeto/vyx/core/infrastructure/log/multiplexer.go:178.22,180.4 1 2
github.com/ElioNeto/vyx/core/infrastructure/log/multiplexer.go:182.2,182.12 1 1
github.com/ElioNeto/vyx/core/infrastructure/log/multiplexer.go:187.87,188.41 1 1
github.com/ElioNeto/vyx/core/infrastructure/log/multiplexer.go:188.41,190.3 1 0
github.com/ElioNeto/vyx/core/infrastructure/log/multiplexer.go:191.2,192.28 2 1
github.com/ElioNeto/vyx/core/infrastructure/log/multiplexer.go:192.28,193.45 1 4
github.com/ElioNeto/vyx/core/infrastructure/log/multiplexer.go:193.45,195.4 1 2
github.com/ElioNeto/vyx/core/infrastructure/log/multiplexer.go:197.2,197.12 1 1
github.com/ElioNeto/vyx/core/infrastructure/log/multiplexer.go:201.93,202.18 1 1
github.com/ElioNeto/vyx/core/infrastructure/log/multiplexer.go:202.18,204.3 1 0
github.com/ElioNeto/vyx/core/infrastructure/log/multiplexer.go:205.2,206.28 2 1
github.com/ElioNeto/vyx/core/infrastructure/log/multiplexer.go:206.28,207.60 1 4
github.com/ElioNeto/vyx/core/infrastructure/log/multiplexer.go:207.60,209.4 1 2
github.com/ElioNeto/vyx/core/infrastructure/log/multiplexer.go:211.2,211.12 1 1
github.com/ElioNeto/vyx/core/infrastructure/log/multiplexer.go:214.53,215.41 1 3
github.com/ElioNeto/vyx/core/infrastructure/log/multiplexer.go:215.41,217.3 1 1
github.com/ElioNeto/vyx/core/infrastructure/log/multiplexer.go:218.2,218.37 1 2
github.com/ElioNeto/vyx/core/infrastructure/log/multiplexer.go:218.37,220.3 1 0
github.com/ElioNeto/vyx/core/infrastructure/log/multiplexer.go:221.2,221.29 1 2
github.com/ElioNeto/vyx/core/infrastructure/log/multiplexer.go:221.29,222.34 1 0
github.com/ElioNeto/vyx/core/infrastructure/log/multiplexer.go:222.34,224.4 1 0
github.com/ElioNeto/vyx/core/infrastructure/log/multiplexer.go:226.2,226.14 1 2
github.com/ElioNeto/vyx/core/infrastructure/log/multiplexer.go:236.50,238.9 2 4
github.com/ElioNeto/vyx/core/infrastructure/log/multiplexer.go:238.9,240.3 1 0
github.com/ElioNeto/vyx/core/infrastructure/log/multiplexer.go:241.2,242.9 2 4
github.com/ElioNeto/vyx/core/infrastructure/log/multiplexer.go:242.9,244.3 1 0
github.com/ElioNeto/vyx/core/infrastructure/log/multiplexer.go:245.2,245.15 1 4
github.com/ElioNeto/vyx/core/infrastructure/repository/memory_worker_repository.go:19.58,23.2 1 0
github.com/ElioNeto/vyx/core/infrastructure/repository/memory_worker_repository.go:25.82,31.2 5 0
github.com/ElioNeto/vyx/core/infrastructure/repository/memory_worker_repository.go:33.97,37.9 4 0
github.com/ElioNeto/vyx/core/infrastructure/repository/memory_worker_repository.go:37.9,39.3 1 0
github.com/ElioNeto/vyx/core/infrastructure/repository/memory_worker_repository.go:40.2,41.19 2 0
github.com/ElioNeto/vyx/core/infrastructure/repository/memory_worker_repository.go:44.87,48.30 4 0
github.com/ElioNeto/vyx/core/infrastructure/repository/memory_worker_repository.go:48.30,51.3 2 0
github.com/ElioNeto/vyx/core/infrastructure/repository/memory_worker_repository.go:52.2,52.20 1 0
github.com/ElioNeto/vyx/core/infrastructure/repository/memory_worker_repository.go:55.77,60.2 4 0
github.com/ElioNeto/vyx/core/infrastructure/repository/memory_worker_repository.go:64.85,68.28 4 0
github.com/ElioNeto/vyx/core/infrastructure/repository/memory_worker_repository.go:68.28,70.3 1 0
github.com/ElioNeto/vyx/core/infrastructure/repository/memory_worker_repository.go:71.2,71.17 1 0
github.com/ElioNeto/vyx/core/infrastructure/ipc/uds/client.go:23.68,26.16 3 2
github.com/ElioNeto/vyx/core/infrastructure/ipc/uds/client.go:26.16,28.3 1 0
github.com/ElioNeto/vyx/core/infrastructure/ipc/uds/client.go:29.2,29.30 1 2
github.com/ElioNeto/vyx/core/infrastructure/ipc/uds/client.go:33.46,37.2 3 1
github.com/ElioNeto/vyx/core/infrastructure/ipc/uds/client.go:40.49,42.2 1 1
github.com/ElioNeto/vyx/core/infrastructure/ipc/uds/client.go:45.32,47.2 1 2
github.com/ElioNeto/vyx/core/infrastructure/ipc/uds/listener.go:54.28,55.12 1 2
github.com/ElioNeto/vyx/core/infrastructure/ipc/uds/listener.go:55.12,56.7 1 2
github.com/ElioNeto/vyx/core/infrastructure/ipc/uds/listener.go:56.7,58.18 2 3
github.com/ElioNeto/vyx/core/infrastructure/ipc/uds/listener.go:58.18,66.5 6 2
github.com/ElioNeto/vyx/core/infrastructure/ipc/uds/listener.go:68.4,68.20 1 1
github.com/ElioNeto/vyx/core/infrastructure/ipc/uds/listener.go:69.46,70.12 1 1
github.com/ElioNeto/vyx/core/infrastructure/ipc/uds/listener.go:71.31,71.31 0 1
github.com/ElioNeto/vyx/core/infrastructure/ipc/uds/listener.go:72.13,72.13 0 0
github.com/ElioNeto/vyx/core/infrastructure/ipc/uds/listener.go:77.57,78.13 1 0
github.com/ElioNeto/vyx/core/infrastructure/ipc/uds/listener.go:79.31,79.31 0 0
github.com/ElioNeto/vyx/core/infrastructure/ipc/uds/listener.go:80.14,80.14 0 0
github.com/ElioNeto/vyx/core/infrastructure/ipc/uds/listener.go:82.13,84.12 1 0
github.com/ElioNeto/vyx/core/infrastructure/ipc/uds/listener.go:85.30,85.30 0 0
github.com/ElioNeto/vyx/core/infrastructure/ipc/uds/listener.go:86.13,86.13 0 0
github.com/ElioNeto/vyx/core/infrastructure/ipc/uds/listener.go:94.35,98.2 3 0
github.com/ElioNeto/vyx/core/infrastructure/ipc/uds/listener.go:112.39,118.2 1 5
github.com/ElioNeto/vyx/core/infrastructure/ipc/uds/listener.go:121.56,123.2 1 8
github.com/ElioNeto/vyx/core/infrastructure/ipc/uds/listener.go:130.74,131.55 1 4
github.com/ElioNeto/vyx/core/infrastructure/ipc/uds/listener.go:131.55,133.3 1 0
github.com/ElioNeto/vyx/core/infrastructure/ipc/uds/listener.go:135.2,140.16 4 4
github.com/ElioNeto/vyx/core/infrastructure/ipc/uds/listener.go:140.16,142.3 1 0
github.com/ElioNeto/vyx/core/infrastructure/ipc/uds/listener.go:145.2,145.51 1 4
github.com/ElioNeto/vyx/core/infrastructure/ipc/uds/listener.go:145.51,148.3 2 0
github.com/ElioNeto/vyx/core/infrastructure/ipc/uds/listener.go:150.2,157.12 5 4
github.com/ElioNeto/vyx/core/infrastructure/ipc/uds/listener.go:162.83,169.12 3 2
github.com/ElioNeto/vyx/core/infrastructure/ipc/uds/listener.go:169.12,172.3 2 2
github.com/ElioNeto/vyx/core/infrastructure/ipc/uds/listener.go:174.2,174.9 1 2
github.com/ElioNeto/vyx/core/infrastructure/ipc/uds/listener.go:175.20,177.9 2 0
github.com/ElioNeto/vyx/core/infrastructure/ipc/uds/listener.go:178.17,179.19 1 2
github.com/ElioNeto/vyx/core/infrastructure/ipc/uds/listener.go:179.19,181.4 1 0
github.com/ElioNeto/vyx/core/infrastructure/ipc/uds/listener.go:182.3,190.16 5 2
github.com/ElioNeto/vyx/core/infrastructure/ipc/uds/listener.go:195.74,199.42 3 1
github.com/ElioNeto/vyx/core/infrastructure/ipc/uds/listener.go:199.42,202.3 2 0
github.com/ElioNeto/vyx/core/infrastructure/ipc/uds/listener.go:204.2,204.41 1 1
github.com/ElioNeto/vyx/core/infrastructure/ipc/uds/listener.go:204.41,207.3 2 1
github.com/ElioNeto/vyx/core/infrastructure/ipc/uds/listener.go:209.2,210.12 2 1
github.com/ElioNeto/vyx/core/infrastructure/ipc/uds/listener.go:214.35,218.35 3 4
github.com/ElioNeto/vyx/core/infrastructure/ipc/uds/listener.go:218.35,221.3 2 2
github.com/ElioNeto/vyx/core/infrastructure/ipc/uds/listener.go:222.2,222.34 1 4
github.com/ElioNeto/vyx/core/infrastructure/ipc/uds/listener.go:222.34,226.3 3 3
github.com/ElioNeto/vyx/core/infrastructure/ipc/uds/listener.go:227.2,227.12 1 4
github.com/ElioNeto/vyx/core/infrastructure/ipc/uds/listener.go:233.85,235.16 2 2
github.com/ElioNeto/vyx/core/infrastructure/ipc/uds/listener.go:235.16,237.3 1 1
github.com/ElioNeto/vyx/core/infrastructure/ipc/uds/listener.go:239.2,242.35 3 1
github.com/ElioNeto/vyx/core/infrastructure/ipc/uds/listener.go:252.88,254.16 2 1
github.com/ElioNeto/vyx/core/infrastructure/ipc/uds/listener.go:254.16,256.3 1 0
github.com/ElioNeto/vyx/core/infrastructure/ipc/uds/listener.go:258.2,258.55 1 1
github.com/ElioNeto/vyx/core/infrastructure/ipc/uds/listener.go:268.96,270.16 2 0
github.com/ElioNeto/vyx/core/infrastructure/ipc/uds/listener.go:270.16,272.3 1 0
github.com/ElioNeto/vyx/core/infrastructure/ipc/uds/listener.go:274.2,274.54 1 0
github.com/ElioNeto/vyx/core/infrastructure/ipc/uds/listener.go:278.124,279.9 1 1
github.com/ElioNeto/vyx/core/infrastructure/ipc/uds/listener.go:280.20,281.34 1 0
github.com/ElioNeto/vyx/core/infrastructure/ipc/uds/listener.go:282.23,283.10 1 1
github.com/ElioNeto/vyx/core/infrastructure/ipc/uds/listener.go:283.10,285.43 1 0
github.com/ElioNeto/vyx/core/infrastructure/ipc/uds/listener.go:285.43,287.5 1 0
github.com/ElioNeto/vyx/core/infrastructure/ipc/uds/listener.go:288.4,288.83 1 0
github.com/ElioNeto/vyx/core/infrastructure/ipc/uds/listener.go:290.3,290.18 1 1
github.com/ElioNeto/vyx/core/infrastructure/ipc/uds/listener.go:294.61,299.9 4 3
[...]
github.com/ElioNeto/vyx/core/infrastructure/ipc/uds/listener.go:302.2,302.15 1 2
github.com/ElioNeto/vyx/core/infrastructure/ipc/uds/platform_unix.go:9.40,11.2 1 0
github.com/ElioNeto/vyx/core/infrastructure/process/manager.go:31.35,35.27 2 8
github.com/ElioNeto/vyx/core/infrastructure/process/manager.go:35.27,37.3 1 0
github.com/ElioNeto/vyx/core/infrastructure/process/manager.go:38.2,38.10 1 8
github.com/ElioNeto/vyx/core/infrastructure/process/manager.go:45.40,46.26 1 0
github.com/ElioNeto/vyx/core/infrastructure/process/manager.go:46.26,48.3 1 0
github.com/ElioNeto/vyx/core/infrastructure/process/manager.go:52.70,53.21 1 7
github.com/ElioNeto/vyx/core/infrastructure/process/manager.go:53.21,55.3 1 1
github.com/ElioNeto/vyx/core/infrastructure/process/manager.go:57.2,59.24 2 6
github.com/ElioNeto/vyx/core/infrastructure/process/manager.go:59.24,75.3 9 0
github.com/ElioNeto/vyx/core/infrastructure/process/manager.go:75.8,78.3 2 6
github.com/ElioNeto/vyx/core/infrastructure/process/manager.go:80.2,80.21 1 6
github.com/ElioNeto/vyx/core/infrastructure/process/manager.go:80.21,82.3 1 0
github.com/ElioNeto/vyx/core/infrastructure/process/manager.go:83.2,85.36 2 6
github.com/ElioNeto/vyx/core/infrastructure/process/manager.go:85.36,87.3 1 1
github.com/ElioNeto/vyx/core/infrastructure/process/manager.go:89.2,93.12 4 5
github.com/ElioNeto/vyx/core/infrastructure/process/manager.go:93.12,95.3 1 5
github.com/ElioNeto/vyx/core/infrastructure/process/manager.go:97.2,97.12 1 5
github.com/ElioNeto/vyx/core/infrastructure/process/manager.go:101.75,104.6 3 0
github.com/ElioNeto/vyx/core/infrastructure/process/manager.go:104.6,106.12 2 0
github.com/ElioNeto/vyx/core/infrastructure/process/manager.go:106.12,108.26 2 0
github.com/ElioNeto/vyx/core/infrastructure/process/manager.go:108.26,109.18 1 0
github.com/ElioNeto/vyx/core/infrastructure/process/manager.go:109.18,112.20 3 0
github.com/ElioNeto/vyx/core/infrastructure/process/manager.go:112.20,114.7 1 0
github.com/ElioNeto/vyx/core/infrastructure/process/manager.go:117.4,117.17 1 0
github.com/ElioNeto/vyx/core/infrastructure/process/manager.go:119.3,119.17 1 0
github.com/ElioNeto/vyx/core/infrastructure/process/manager.go:119.17,120.20 1 0
github.com/ElioNeto/vyx/core/infrastructure/process/manager.go:120.20,122.19 2 0
github.com/ElioNeto/vyx/core/infrastructure/process/manager.go:122.19,124.6 1 0
github.com/ElioNeto/vyx/core/infrastructure/process/manager.go:126.4,126.10 1 0
github.com/ElioNeto/vyx/core/infrastructure/process/manager.go:133.62,138.31 4 6
github.com/ElioNeto/vyx/core/infrastructure/process/manager.go:138.31,140.3 1 1
github.com/ElioNeto/vyx/core/infrastructure/process/manager.go:142.2,142.41 1 5
github.com/ElioNeto/vyx/core/infrastructure/process/manager.go:142.41,144.3 1 0
github.com/ElioNeto/vyx/core/infrastructure/process/manager.go:146.2,147.12 2 5
github.com/ElioNeto/vyx/core/infrastructure/process/manager.go:147.12,150.3 2 5
github.com/ElioNeto/vyx/core/infrastructure/process/manager.go:152.2,152.9 1 5
github.com/ElioNeto/vyx/core/infrastructure/process/manager.go:153.14,153.14 0 5
github.com/ElioNeto/vyx/core/infrastructure/process/manager.go:154.44,156.31 2 0
github.com/ElioNeto/vyx/core/infrastructure/process/manager.go:159.2,163.12 4 5
github.com/ElioNeto/vyx/core/infrastructure/process/manager.go:167.54,170.30 3 1
github.com/ElioNeto/vyx/core/infrastructure/process/manager.go:170.30,172.3 1 2
github.com/ElioNeto/vyx/core/infrastructure/process/manager.go:173.2,176.25 3 1
github.com/ElioNeto/vyx/core/infrastructure/process/manager.go:176.25,177.70 1 2
github.com/ElioNeto/vyx/core/infrastructure/process/manager.go:177.70,179.4 1 0
github.com/ElioNeto/vyx/core/infrastructure/process/manager.go:181.2,181.16 1 1
github.com/ElioNeto/vyx/core/infrastructure/process/manager.go:187.68,189.2 1 1
github.com/ElioNeto/vyx/core/infrastructure/process/manager_unix.go:10.33,12.2 1 6
github.com/ElioNeto/vyx/core/infrastructure/process/manager_unix.go:14.39,16.2 1 5
github.com/ElioNeto/vyx/core/infrastructure/process/manager_unix.go:18.39,20.2 1 0
github.com/ElioNeto/vyx/core/infrastructure/runtime/runtime.go:58.37,59.19 1 13
github.com/ElioNeto/vyx/core/infrastructure/runtime/runtime.go:59.19,61.3 1 1
github.com/ElioNeto/vyx/core/infrastructure/runtime/runtime.go:63.2,64.21 2 12
github.com/ElioNeto/vyx/core/infrastructure/runtime/runtime.go:64.21,66.3 1 0
github.com/ElioNeto/vyx/core/infrastructure/runtime/runtime.go:68.2,70.15 2 12
github.com/ElioNeto/vyx/core/infrastructure/runtime/runtime.go:71.14,72.21 1 1
github.com/ElioNeto/vyx/core/infrastructure/runtime/runtime.go:73.35,74.23 1 3
github.com/ElioNeto/vyx/core/infrastructure/runtime/runtime.go:75.12,76.19 1 2
github.com/ElioNeto/vyx/core/infrastructure/runtime/runtime.go:77.20,78.21 1 2
github.com/ElioNeto/vyx/core/infrastructure/runtime/runtime.go:79.19,80.23 1 2
github.com/ElioNeto/vyx/core/infrastructure/runtime/runtime.go:83.2,83.38 1 2
github.com/ElioNeto/vyx/core/infrastructure/runtime/runtime.go:83.38,85.3 1 0
github.com/ElioNeto/vyx/core/infrastructure/runtime/runtime.go:86.2,86.40 1 2
github.com/ElioNeto/vyx/core/infrastructure/runtime/runtime.go:86.40,88.3 1 0
github.com/ElioNeto/vyx/core/infrastructure/runtime/runtime.go:89.2,89.36 1 2
github.com/ElioNeto/vyx/core/infrastructure/runtime/runtime.go:89.36,91.3 1 0
github.com/ElioNeto/vyx/core/infrastructure/runtime/runtime.go:93.2,93.23 1 2
github.com/ElioNeto/vyx/core/infrastructure/runtime/runtime.go:96.42,98.2 1 4
github.com/ElioNeto/vyx/core/infrastructure/runtime/runtime.go:100.45,101.42 1 0
github.com/ElioNeto/vyx/core/infrastructure/runtime/runtime.go:101.42,103.3 1 0
github.com/ElioNeto/vyx/core/infrastructure/runtime/runtime.go:105.2,105.19 1 0
github.com/ElioNeto/vyx/core/infrastructure/runtime/runtime.go:105.19,107.3 1 0
github.com/ElioNeto/vyx/core/infrastructure/runtime/runtime.go:109.2,111.22 2 0
github.com/ElioNeto/vyx/core/infrastructure/runtime/runtime.go:114.97,115.18 1 5
github.com/ElioNeto/vyx/core/infrastructure/runtime/runtime.go:115.18,117.3 1 0
github.com/ElioNeto/vyx/core/infrastructure/runtime/runtime.go:119.2,120.25 2 5
github.com/ElioNeto/vyx/core/infrastructure/runtime/runtime.go:120.25,122.3 1 1
github.com/ElioNeto/vyx/core/infrastructure/runtime/runtime.go:124.2,124.12 1 5
github.com/ElioNeto/vyx/core/infrastructure/runtime/runtime.go:125.19,126.56 1 2
github.com/ElioNeto/vyx/core/infrastructure/runtime/runtime.go:127.21,128.58 1 2
github.com/ElioNeto/vyx/core/infrastructure/runtime/runtime.go:129.17,130.31 1 1
github.com/ElioNeto/vyx/core/infrastructure/runtime/runtime.go:131.10,132.51 1 0
github.com/ElioNeto/vyx/core/infrastructure/runtime/runtime.go:136.89,143.54 5 2
github.com/ElioNeto/vyx/core/infrastructure/runtime/runtime.go:143.54,144.20 1 2
github.com/ElioNeto/vyx/core/infrastructure/runtime/runtime.go:144.20,146.4 1 1
github.com/ElioNeto/vyx/core/infrastructure/runtime/runtime.go:147.3,147.50 1 2
github.com/ElioNeto/vyx/core/infrastructure/runtime/runtime.go:147.50,149.4 1 1
github.com/ElioNeto/vyx/core/infrastructure/runtime/runtime.go:152.2,153.47 2 1
github.com/ElioNeto/vyx/core/infrastructure/runtime/runtime.go:153.47,154.20 1 0
github.com/ElioNeto/vyx/core/infrastructure/runtime/runtime.go:154.20,156.4 1 0
github.com/ElioNeto/vyx/core/infrastructure/runtime/runtime.go:157.3,157.13 1 0
github.com/ElioNeto/vyx/core/infrastructure/runtime/runtime.go:160.2,160.19 1 1
github.com/ElioNeto/vyx/core/infrastructure/runtime/runtime.go:160.19,162.3 1 1
github.com/ElioNeto/vyx/core/infrastructure/runtime/runtime.go:164.2,166.57 3 1
github.com/ElioNeto/vyx/core/infrastructure/runtime/runtime.go:166.57,168.3 1 0
github.com/ElioNeto/vyx/core/infrastructure/runtime/runtime.go:170.2,172.53 3 1
github.com/ElioNeto/vyx/core/infrastructure/runtime/runtime.go:172.53,174.3 1 0
github.com/ElioNeto/vyx/core/infrastructure/runtime/runtime.go:176.2,176.19 1 1
github.com/ElioNeto/vyx/core/infrastructure/runtime/runtime.go:176.19,178.3 1 1
github.com/ElioNeto/vyx/core/infrastructure/runtime/runtime.go:180.2,180.12 1 1
github.com/ElioNeto/vyx/core/infrastructure/runtime/runtime.go:183.91,190.53 5 2
github.com/ElioNeto/vyx/core/infrastructure/runtime/runtime.go:190.53,191.20 1 2
github.com/ElioNeto/vyx/core/infrastructure/runtime/runtime.go:191.20,193.4 1 1
github.com/ElioNeto/vyx/core/infrastructure/runtime/runtime.go:194.3,194.48 1 2
github.com/ElioNeto/vyx/core/infrastructure/runtime/runtime.go:194.48,196.4 1 1
github.com/ElioNeto/vyx/core/infrastructure/runtime/runtime.go:199.2,203.57 4 1
github.com/ElioNeto/vyx/core/infrastructure/runtime/runtime.go:203.57,205.3 1 0
github.com/ElioNeto/vyx/core/infrastructure/runtime/runtime.go:207.2,208.23 2 1
github.com/ElioNeto/vyx/core/infrastructure/runtime/runtime.go:208.23,210.3 1 1
github.com/ElioNeto/vyx/core/infrastructure/runtime/runtime.go:212.2,212.22 1 1
github.com/ElioNeto/vyx/core/infrastructure/runtime/runtime.go:212.22,213.20 1 0
github.com/ElioNeto/vyx/core/infrastructure/runtime/runtime.go:213.20,215.4 1 0
github.com/ElioNeto/vyx/core/infrastructure/runtime/runtime.go:216.3,216.13 1 0
github.com/ElioNeto/vyx/core/infrastructure/runtime/runtime.go:219.2,219.65 1 1
github.com/ElioNeto/vyx/core/infrastructure/runtime/runtime.go:222.63,224.16 2 1
github.com/ElioNeto/vyx/core/infrastructure/runtime/runtime.go:224.16,225.20 1 1
github.com/ElioNeto/vyx/core/infrastructure/runtime/runtime.go:225.20,227.4 1 0
github.com/ElioNeto/vyx/core/infrastructure/runtime/runtime.go:228.3,228.44 1 1
github.com/ElioNeto/vyx/core/infrastructure/runtime/runtime.go:231.2,231.19 1 0
github.com/ElioNeto/vyx/core/infrastructure/runtime/runtime.go:231.19,233.3 1 0
github.com/ElioNeto/vyx/core/infrastructure/runtime/runtime.go:235.2,235.12 1 0
github.com/ElioNeto/vyx/core/infrastructure/runtime/runtime.go:238.57,239.18 1 1
github.com/ElioNeto/vyx/core/infrastructure/runtime/runtime.go:239.18,241.3 1 0
github.com/ElioNeto/vyx/core/infrastructure/runtime/runtime.go:243.2,245.12 2 1
github.com/ElioNeto/vyx/core/infrastructure/runtime/runtime.go:246.19,248.38 2 1
github.com/ElioNeto/vyx/core/infrastructure/runtime/runtime.go:248.38,250.4 1 1
github.com/ElioNeto/vyx/core/infrastructure/runtime/runtime.go:251.3,251.25 1 0
github.com/ElioNeto/vyx/core/infrastructure/runtime/runtime.go:253.21,255.38 2 0
github.com/ElioNeto/vyx/core/infrastructure/runtime/runtime.go:255.38,257.4 1 0
github.com/ElioNeto/vyx/core/infrastructure/runtime/runtime.go:258.3,258.25 1 0
github.com/ElioNeto/vyx/core/infrastructure/runtime/runtime.go:260.17,262.17 2 0
github.com/ElioNeto/vyx/core/infrastructure/runtime/runtime.go:262.17,264.4 1 0
github.com/ElioNeto/vyx/core/infrastructure/runtime/runtime.go:265.3,265.23 1 0
github.com/ElioNeto/vyx/core/infrastructure/runtime/runtime.go:267.10,268.55 1 0
github.com/ElioNeto/vyx/core/infrastructure/runtime/runtime.go:272.38,276.22 3 4
github.com/ElioNeto/vyx/core/infrastructure/runtime/runtime.go:276.22,278.3 1 0
github.com/ElioNeto/vyx/core/infrastructure/runtime/runtime.go:279.2,279.23 1 4
github.com/ElioNeto/vyx/core/infrastructure/runtime/runtime.go:279.23,281.3 1 0
github.com/ElioNeto/vyx/core/infrastructure/runtime/runtime.go:283.2,283.17 1 4
github.com/ElioNeto/vyx/core/infrastructure/runtime/runtime.go:286.63,290.25 3 2
github.com/ElioNeto/vyx/core/infrastructure/runtime/runtime.go:290.25,292.3 1 0
github.com/ElioNeto/vyx/core/infrastructure/runtime/runtime.go:292.8,294.3 1 2
github.com/ElioNeto/vyx/core/infrastructure/runtime/runtime.go:296.2,298.48 2 2
github.com/ElioNeto/vyx/core/infrastructure/runtime/runtime.go:301.62,305.25 3 2
github.com/ElioNeto/vyx/core/infrastructure/runtime/runtime.go:305.25,307.3 1 0
github.com/ElioNeto/vyx/core/infrastructure/runtime/runtime.go:307.8,307.31 1 2
github.com/ElioNeto/vyx/core/infrastructure/runtime/runtime.go:307.31,309.3 1 0
github.com/ElioNeto/vyx/core/infrastructure/runtime/runtime.go:309.8,311.3 1 2
github.com/ElioNeto/vyx/core/infrastructure/runtime/runtime.go:313.2,316.25 3 2
github.com/ElioNeto/vyx/core/infrastructure/runtime/runtime.go:316.25,318.3 1 0
github.com/ElioNeto/vyx/core/infrastructure/runtime/runtime.go:320.2,320.39 1 2
github.com/ElioNeto/vyx/core/infrastructure/runtime/runtime.go:323.80,324.53 1 2
github.com/ElioNeto/vyx/core/infrastructure/runtime/runtime.go:324.53,326.3 1 0
github.com/ElioNeto/vyx/core/infrastructure/runtime/runtime.go:328.2,329.56 2 2
github.com/ElioNeto/vyx/core/infrastructure/runtime/runtime.go:329.56,331.3 1 1
github.com/ElioNeto/vyx/core/infrastructure/runtime/runtime.go:332.2,335.50 3 1
github.com/ElioNeto/vyx/core/infrastructure/runtime/runtime.go:335.50,337.3 1 0
github.com/ElioNeto/vyx/core/infrastructure/runtime/runtime.go:339.2,340.47 2 1
github.com/ElioNeto/vyx/core/infrastructure/runtime/runtime.go:340.47,342.20 2 0
github.com/ElioNeto/vyx/core/infrastructure/runtime/runtime.go:342.20,344.4 1 0
github.com/ElioNeto/vyx/core/infrastructure/runtime/runtime.go:344.9,346.4 1 0
github.com/ElioNeto/vyx/core/infrastructure/runtime/runtime.go:349.2,349.35 1 1
github.com/ElioNeto/vyx/core/infrastructure/runtime/runtime.go:352.70,353.68 1 4
github.com/ElioNeto/vyx/core/infrastructure/runtime/runtime.go:353.68,355.3 1 0
github.com/ElioNeto/vyx/core/infrastructure/runtime/runtime.go:357.2,358.16 2 4
github.com/ElioNeto/vyx/core/infrastructure/runtime/runtime.go:358.16,360.3 1 0
github.com/ElioNeto/vyx/core/infrastructure/runtime/runtime.go:362.2,363.16 2 4
github.com/ElioNeto/vyx/core/infrastructure/runtime/runtime.go:363.16,365.3 1 0
github.com/ElioNeto/vyx/core/infrastructure/runtime/runtime.go:366.2,368.38 2 4
github.com/ElioNeto/vyx/core/infrastructure/runtime/runtime.go:368.38,370.3 1 2
github.com/ElioNeto/vyx/core/infrastructure/runtime/runtime.go:372.2,373.16 2 2
github.com/ElioNeto/vyx/core/infrastructure/runtime/runtime.go:373.16,375.3 1 0
github.com/ElioNeto/vyx/core/infrastructure/runtime/runtime.go:376.2,379.16 3 2
github.com/ElioNeto/vyx/core/infrastructure/runtime/runtime.go:379.16,381.3 1 0
github.com/ElioNeto/vyx/core/infrastructure/runtime/runtime.go:383.2,383.24 1 2
github.com/ElioNeto/vyx/core/infrastructure/runtime/runtime.go:395.49,397.2 1 0
github.com/ElioNeto/vyx/core/infrastructure/runtime/runtime.go:399.65,401.2 1 0
github.com/ElioNeto/vyx/core/infrastructure/runtime/runtime.go:403.51,405.2 1 0
github.com/ElioNeto/vyx/core/application/heartbeat/loop.go:55.29,63.2 1 0
github.com/ElioNeto/vyx/core/application/heartbeat/loop.go:67.42,68.16 1 7
github.com/ElioNeto/vyx/core/application/heartbeat/loop.go:68.16,70.3 1 0
github.com/ElioNeto/vyx/core/application/heartbeat/loop.go:71.2,71.70 1 7
github.com/ElioNeto/vyx/core/application/heartbeat/loop.go:91.9,99.2 1 7
github.com/ElioNeto/vyx/core/application/heartbeat/loop.go:119.41,123.6 3 7
github.com/ElioNeto/vyx/core/application/heartbeat/loop.go:123.6,124.23 1 15
github.com/ElioNeto/vyx/core/application/heartbeat/loop.go:124.23,126.4 1 0
github.com/ElioNeto/vyx/core/application/heartbeat/loop.go:131.3,132.23 2 15
github.com/ElioNeto/vyx/core/application/heartbeat/loop.go:132.23,134.4 1 15
github.com/ElioNeto/vyx/core/application/heartbeat/loop.go:135.3,139.17 4 15
github.com/ElioNeto/vyx/core/application/heartbeat/loop.go:139.17,140.24 1 11
github.com/ElioNeto/vyx/core/application/heartbeat/loop.go:140.24,143.5 1 4
github.com/ElioNeto/vyx/core/application/heartbeat/loop.go:147.4,147.78 1 7
github.com/ElioNeto/vyx/core/application/heartbeat/loop.go:147.78,153.12 2 0
github.com/ElioNeto/vyx/core/application/heartbeat/loop.go:154.23,155.12 1 0
github.com/ElioNeto/vyx/core/application/heartbeat/loop.go:156.44,156.44 0 0
github.com/ElioNeto/vyx/core/application/heartbeat/loop.go:158.5,158.13 1 0
github.com/ElioNeto/vyx/core/application/heartbeat/loop.go:162.4,169.39 3 7
github.com/ElioNeto/vyx/core/application/heartbeat/loop.go:169.39,176.5 3 3
github.com/ElioNeto/vyx/core/application/heartbeat/loop.go:177.4,177.12 1 4
github.com/ElioNeto/vyx/core/application/heartbeat/loop.go:180.3,180.19 1 4
github.com/ElioNeto/vyx/core/application/heartbeat/loop.go:181.26,189.46 3 0
github.com/ElioNeto/vyx/core/application/heartbeat/loop.go:191.26,193.69 2 4
github.com/ElioNeto/vyx/core/application/heartbeat/loop.go:193.69,194.34 1 0
github.com/ElioNeto/vyx/core/application/heartbeat/loop.go:194.34,197.6 1 0
github.com/ElioNeto/vyx/core/application/heartbeat/loop.go:198.5,201.6 1 0
github.com/ElioNeto/vyx/core/application/heartbeat/loop.go:203.4,205.5 1 4
github.com/ElioNeto/vyx/core/application/heartbeat/loop.go:207.40,213.5 1 0
github.com/ElioNeto/vyx/core/application/heartbeat/loop.go:215.11,219.5 1 0
github.com/ElioNeto/vyx/core/application/heartbeat/receiver.go:33.13,42.2 1 4
github.com/ElioNeto/vyx/core/application/heartbeat/receiver.go:50.53,54.2 3 0
github.com/ElioNeto/vyx/core/application/heartbeat/receiver.go:58.45,64.6 4 2
github.com/ElioNeto/vyx/core/application/heartbeat/receiver.go:64.6,65.10 1 5
github.com/ElioNeto/vyx/core/application/heartbeat/receiver.go:66.21,68.10 2 2
github.com/ElioNeto/vyx/core/application/heartbeat/receiver.go:69.24,70.20 1 3
github.com/ElioNeto/vyx/core/application/heartbeat/receiver.go:77.68,81.38 3 2
github.com/ElioNeto/vyx/core/application/heartbeat/receiver.go:81.38,83.3 1 0
github.com/ElioNeto/vyx/core/application/heartbeat/receiver.go:84.2,84.31 1 2
github.com/ElioNeto/vyx/core/application/heartbeat/receiver.go:90.70,94.43 3 0
github.com/ElioNeto/vyx/core/application/heartbeat/receiver.go:94.43,100.3 3 0
github.com/ElioNeto/vyx/core/application/heartbeat/receiver.go:101.2,101.31 1 0
github.com/ElioNeto/vyx/core/application/heartbeat/receiver.go:106.51,108.16 2 5
github.com/ElioNeto/vyx/core/application/heartbeat/receiver.go:108.16,111.3 2 4
github.com/ElioNeto/vyx/core/application/heartbeat/receiver.go:113.2,114.25 2 1
github.com/ElioNeto/vyx/core/application/heartbeat/receiver.go:114.25,116.3 1 1
github.com/ElioNeto/vyx/core/application/heartbeat/receiver.go:118.2,121.23 3 1
github.com/ElioNeto/vyx/core/application/heartbeat/receiver.go:121.23,122.34 1 1
github.com/ElioNeto/vyx/core/application/heartbeat/receiver.go:122.34,124.4 1 1
github.com/ElioNeto/vyx/core/application/heartbeat/receiver.go:127.2,127.36 1 1
github.com/ElioNeto/vyx/core/application/heartbeat/receiver.go:127.36,128.29 1 1
github.com/ElioNeto/vyx/core/application/heartbeat/receiver.go:128.29,134.4 3 0
github.com/ElioNeto/vyx/core/application/heartbeat/receiver.go:139.71,144.12 4 3
github.com/ElioNeto/vyx/core/application/heartbeat/receiver.go:144.12,145.16 1 3
github.com/ElioNeto/vyx/core/application/heartbeat/receiver.go:145.16,149.4 3 3
github.com/ElioNeto/vyx/core/application/heartbeat/receiver.go:150.3,150.20 1 3
github.com/ElioNeto/vyx/core/application/heartbeat/receiver.go:153.2,155.3 1 3
github.com/ElioNeto/vyx/core/application/heartbeat/receiver.go:159.30,163.36 3 2
github.com/ElioNeto/vyx/core/application/heartbeat/receiver.go:163.36,169.3 3 0
github.com/ElioNeto/vyx/core/application/heartbeat/sender.go:38.11,45.2 1 4
github.com/ElioNeto/vyx/core/application/heartbeat/sender.go:50.43,54.6 3 4
github.com/ElioNeto/vyx/core/application/heartbeat/sender.go:54.6,55.10 1 15
github.com/ElioNeto/vyx/core/application/heartbeat/sender.go:56.21,57.10 1 4
github.com/ElioNeto/vyx/core/application/heartbeat/sender.go:58.19,59.18 1 11
github.com/ElioNeto/vyx/core/application/heartbeat/sender.go:66.47,68.16 2 11
github.com/ElioNeto/vyx/core/application/heartbeat/sender.go:68.16,71.3 2 0
github.com/ElioNeto/vyx/core/application/heartbeat/sender.go:73.2,75.25 2 11
github.com/ElioNeto/vyx/core/application/heartbeat/sender.go:75.25,76.56 1 21
github.com/ElioNeto/vyx/core/application/heartbeat/sender.go:76.56,81.12 2 4
github.com/ElioNeto/vyx/core/application/heartbeat/sender.go:83.3,85.4 1 17
github.com/ElioNeto/vyx/core/application/heartbeat/ticker.go:14.46,14.60 1 2
github.com/ElioNeto/vyx/core/application/heartbeat/ticker.go:15.47,15.63 1 5
github.com/ElioNeto/vyx/core/application/heartbeat/ticker.go:17.40,19.2 1 2
